[2025-03-20T16:12:03.856-0500] {processor.py:186} INFO - Started process (PID=172064) to work on /home/luis/Proyectos/PrecioDeDepartamentos/Precios-depas-git/ProyectoDepas/2.0.StaggingLayer/StagingLayerProject/.venv/lib/python3.10/site-packages/airflow/example_dags/example_subdag_operator.py
[2025-03-20T16:12:03.857-0500] {processor.py:914} INFO - Processing file /home/luis/Proyectos/PrecioDeDepartamentos/Precios-depas-git/ProyectoDepas/2.0.StaggingLayer/StagingLayerProject/.venv/lib/python3.10/site-packages/airflow/example_dags/example_subdag_operator.py for tasks to queue
[2025-03-20T16:12:03.860-0500] {logging_mixin.py:190} INFO - [2025-03-20T16:12:03.859-0500] {dagbag.py:588} INFO - Filling up the DagBag from /home/luis/Proyectos/PrecioDeDepartamentos/Precios-depas-git/ProyectoDepas/2.0.StaggingLayer/StagingLayerProject/.venv/lib/python3.10/site-packages/airflow/example_dags/example_subdag_operator.py
[2025-03-20T16:12:03.890-0500] {processor.py:925} INFO - DAG(s) 'example_subdag_operator.section-1', 'example_subdag_operator.section-2', 'example_subdag_operator' retrieved from /home/luis/Proyectos/PrecioDeDepartamentos/Precios-depas-git/ProyectoDepas/2.0.StaggingLayer/StagingLayerProject/.venv/lib/python3.10/site-packages/airflow/example_dags/example_subdag_operator.py
[2025-03-20T16:12:04.064-0500] {logging_mixin.py:190} INFO - [2025-03-20T16:12:04.062-0500] {override.py:1930} INFO - Created Permission View: can edit on DAG:example_subdag_operator
[2025-03-20T16:12:04.092-0500] {logging_mixin.py:190} INFO - [2025-03-20T16:12:04.092-0500] {override.py:1930} INFO - Created Permission View: can read on DAG:example_subdag_operator
[2025-03-20T16:12:04.114-0500] {logging_mixin.py:190} INFO - [2025-03-20T16:12:04.113-0500] {override.py:1930} INFO - Created Permission View: can delete on DAG:example_subdag_operator
[2025-03-20T16:12:04.146-0500] {logging_mixin.py:190} INFO - [2025-03-20T16:12:04.146-0500] {override.py:1930} INFO - Created Permission View: can read on DAG Run:example_subdag_operator
[2025-03-20T16:12:04.166-0500] {logging_mixin.py:190} INFO - [2025-03-20T16:12:04.165-0500] {override.py:1930} INFO - Created Permission View: can delete on DAG Run:example_subdag_operator
[2025-03-20T16:12:04.194-0500] {logging_mixin.py:190} INFO - [2025-03-20T16:12:04.194-0500] {override.py:1930} INFO - Created Permission View: menu access on DAG Run:example_subdag_operator
[2025-03-20T16:12:04.218-0500] {logging_mixin.py:190} INFO - [2025-03-20T16:12:04.218-0500] {override.py:1930} INFO - Created Permission View: can create on DAG Run:example_subdag_operator
[2025-03-20T16:12:04.219-0500] {logging_mixin.py:190} INFO - [2025-03-20T16:12:04.219-0500] {dag.py:3239} INFO - Sync 3 DAGs
[2025-03-20T16:12:04.253-0500] {logging_mixin.py:190} INFO - [2025-03-20T16:12:04.253-0500] {dag.py:3262} INFO - Creating ORM DAG for example_subdag_operator
[2025-03-20T16:12:04.254-0500] {logging_mixin.py:190} INFO - [2025-03-20T16:12:04.254-0500] {dag.py:3262} INFO - Creating ORM DAG for example_subdag_operator.section-2
[2025-03-20T16:12:04.255-0500] {logging_mixin.py:190} INFO - [2025-03-20T16:12:04.255-0500] {dag.py:3262} INFO - Creating ORM DAG for example_subdag_operator.section-1
[2025-03-20T16:12:04.268-0500] {logging_mixin.py:190} INFO - [2025-03-20T16:12:04.267-0500] {dag.py:4180} INFO - Setting next_dagrun for example_subdag_operator to 2022-01-01 00:00:00+00:00, run_after=2022-01-01 00:00:00+00:00
[2025-03-20T16:12:04.269-0500] {logging_mixin.py:190} INFO - [2025-03-20T16:12:04.268-0500] {dag.py:4180} INFO - Setting next_dagrun for example_subdag_operator.section-1 to None, run_after=None
[2025-03-20T16:12:04.269-0500] {logging_mixin.py:190} INFO - [2025-03-20T16:12:04.269-0500] {dag.py:4180} INFO - Setting next_dagrun for example_subdag_operator.section-2 to None, run_after=None
[2025-03-20T16:12:04.280-0500] {logging_mixin.py:190} INFO - [2025-03-20T16:12:04.279-0500] {dag.py:3239} INFO - Sync 2 DAGs
[2025-03-20T16:12:04.286-0500] {logging_mixin.py:190} INFO - [2025-03-20T16:12:04.286-0500] {dag.py:4180} INFO - Setting next_dagrun for example_subdag_operator.section-1 to None, run_after=None
[2025-03-20T16:12:04.290-0500] {logging_mixin.py:190} INFO - [2025-03-20T16:12:04.290-0500] {dag.py:4180} INFO - Setting next_dagrun for example_subdag_operator.section-2 to None, run_after=None
[2025-03-20T16:12:04.320-0500] {processor.py:208} INFO - Processing /home/luis/Proyectos/PrecioDeDepartamentos/Precios-depas-git/ProyectoDepas/2.0.StaggingLayer/StagingLayerProject/.venv/lib/python3.10/site-packages/airflow/example_dags/example_subdag_operator.py took 0.472 seconds
