[2025-03-20T16:12:34.765-0500] {processor.py:186} INFO - Started process (PID=172147) to work on /home/luis/Proyectos/PrecioDeDepartamentos/Precios-depas-git/ProyectoDepas/2.0.StaggingLayer/StagingLayerProject/.venv/lib/python3.10/site-packages/airflow/example_dags/example_external_task_marker_dag.py
[2025-03-20T16:12:34.765-0500] {processor.py:914} INFO - Processing file /home/luis/Proyectos/PrecioDeDepartamentos/Precios-depas-git/ProyectoDepas/2.0.StaggingLayer/StagingLayerProject/.venv/lib/python3.10/site-packages/airflow/example_dags/example_external_task_marker_dag.py for tasks to queue
[2025-03-20T16:12:34.766-0500] {logging_mixin.py:190} INFO - [2025-03-20T16:12:34.766-0500] {dagbag.py:588} INFO - Filling up the DagBag from /home/luis/Proyectos/PrecioDeDepartamentos/Precios-depas-git/ProyectoDepas/2.0.StaggingLayer/StagingLayerProject/.venv/lib/python3.10/site-packages/airflow/example_dags/example_external_task_marker_dag.py
[2025-03-20T16:12:34.772-0500] {processor.py:925} INFO - DAG(s) 'example_external_task_marker_parent', 'example_external_task_marker_child' retrieved from /home/luis/Proyectos/PrecioDeDepartamentos/Precios-depas-git/ProyectoDepas/2.0.StaggingLayer/StagingLayerProject/.venv/lib/python3.10/site-packages/airflow/example_dags/example_external_task_marker_dag.py
[2025-03-20T16:12:34.867-0500] {logging_mixin.py:190} INFO - [2025-03-20T16:12:34.866-0500] {override.py:1930} INFO - Created Permission View: can edit on DAG:example_external_task_marker_parent
[2025-03-20T16:12:34.882-0500] {logging_mixin.py:190} INFO - [2025-03-20T16:12:34.882-0500] {override.py:1930} INFO - Created Permission View: can read on DAG:example_external_task_marker_parent
[2025-03-20T16:12:34.896-0500] {logging_mixin.py:190} INFO - [2025-03-20T16:12:34.895-0500] {override.py:1930} INFO - Created Permission View: can delete on DAG:example_external_task_marker_parent
[2025-03-20T16:12:34.924-0500] {logging_mixin.py:190} INFO - [2025-03-20T16:12:34.924-0500] {override.py:1930} INFO - Created Permission View: can read on DAG Run:example_external_task_marker_parent
[2025-03-20T16:12:34.937-0500] {logging_mixin.py:190} INFO - [2025-03-20T16:12:34.937-0500] {override.py:1930} INFO - Created Permission View: can delete on DAG Run:example_external_task_marker_parent
[2025-03-20T16:12:34.950-0500] {logging_mixin.py:190} INFO - [2025-03-20T16:12:34.950-0500] {override.py:1930} INFO - Created Permission View: menu access on DAG Run:example_external_task_marker_parent
[2025-03-20T16:12:34.963-0500] {logging_mixin.py:190} INFO - [2025-03-20T16:12:34.963-0500] {override.py:1930} INFO - Created Permission View: can create on DAG Run:example_external_task_marker_parent
[2025-03-20T16:12:34.993-0500] {logging_mixin.py:190} INFO - [2025-03-20T16:12:34.992-0500] {override.py:1930} INFO - Created Permission View: can edit on DAG:example_external_task_marker_child
[2025-03-20T16:12:35.006-0500] {logging_mixin.py:190} INFO - [2025-03-20T16:12:35.006-0500] {override.py:1930} INFO - Created Permission View: can read on DAG:example_external_task_marker_child
[2025-03-20T16:12:35.019-0500] {logging_mixin.py:190} INFO - [2025-03-20T16:12:35.019-0500] {override.py:1930} INFO - Created Permission View: can delete on DAG:example_external_task_marker_child
[2025-03-20T16:12:35.048-0500] {logging_mixin.py:190} INFO - [2025-03-20T16:12:35.047-0500] {override.py:1930} INFO - Created Permission View: can read on DAG Run:example_external_task_marker_child
[2025-03-20T16:12:35.061-0500] {logging_mixin.py:190} INFO - [2025-03-20T16:12:35.060-0500] {override.py:1930} INFO - Created Permission View: can delete on DAG Run:example_external_task_marker_child
[2025-03-20T16:12:35.074-0500] {logging_mixin.py:190} INFO - [2025-03-20T16:12:35.073-0500] {override.py:1930} INFO - Created Permission View: menu access on DAG Run:example_external_task_marker_child
[2025-03-20T16:12:35.086-0500] {logging_mixin.py:190} INFO - [2025-03-20T16:12:35.086-0500] {override.py:1930} INFO - Created Permission View: can create on DAG Run:example_external_task_marker_child
[2025-03-20T16:12:35.087-0500] {logging_mixin.py:190} INFO - [2025-03-20T16:12:35.086-0500] {dag.py:3239} INFO - Sync 2 DAGs
[2025-03-20T16:12:35.094-0500] {logging_mixin.py:190} INFO - [2025-03-20T16:12:35.094-0500] {dag.py:3262} INFO - Creating ORM DAG for example_external_task_marker_parent
[2025-03-20T16:12:35.095-0500] {logging_mixin.py:190} INFO - [2025-03-20T16:12:35.095-0500] {dag.py:3262} INFO - Creating ORM DAG for example_external_task_marker_child
[2025-03-20T16:12:35.095-0500] {logging_mixin.py:190} INFO - [2025-03-20T16:12:35.095-0500] {dag.py:4180} INFO - Setting next_dagrun for example_external_task_marker_child to None, run_after=None
[2025-03-20T16:12:35.095-0500] {logging_mixin.py:190} INFO - [2025-03-20T16:12:35.095-0500] {dag.py:4180} INFO - Setting next_dagrun for example_external_task_marker_parent to None, run_after=None
[2025-03-20T16:12:35.124-0500] {processor.py:208} INFO - Processing /home/luis/Proyectos/PrecioDeDepartamentos/Precios-depas-git/ProyectoDepas/2.0.StaggingLayer/StagingLayerProject/.venv/lib/python3.10/site-packages/airflow/example_dags/example_external_task_marker_dag.py took 0.363 seconds
