[2025-03-20T16:12:37.432-0500] {processor.py:186} INFO - Started process (PID=172157) to work on /home/luis/Proyectos/PrecioDeDepartamentos/Precios-depas-git/ProyectoDepas/2.0.StaggingLayer/StagingLayerProject/.venv/lib/python3.10/site-packages/airflow/example_dags/example_inlet_event_extra.py
[2025-03-20T16:12:37.433-0500] {processor.py:914} INFO - Processing file /home/luis/Proyectos/PrecioDeDepartamentos/Precios-depas-git/ProyectoDepas/2.0.StaggingLayer/StagingLayerProject/.venv/lib/python3.10/site-packages/airflow/example_dags/example_inlet_event_extra.py for tasks to queue
[2025-03-20T16:12:37.435-0500] {logging_mixin.py:190} INFO - [2025-03-20T16:12:37.434-0500] {dagbag.py:588} INFO - Filling up the DagBag from /home/luis/Proyectos/PrecioDeDepartamentos/Precios-depas-git/ProyectoDepas/2.0.StaggingLayer/StagingLayerProject/.venv/lib/python3.10/site-packages/airflow/example_dags/example_inlet_event_extra.py
[2025-03-20T16:12:37.752-0500] {processor.py:925} INFO - DAG(s) 'read_dataset_event_from_classic', 'read_dataset_event' retrieved from /home/luis/Proyectos/PrecioDeDepartamentos/Precios-depas-git/ProyectoDepas/2.0.StaggingLayer/StagingLayerProject/.venv/lib/python3.10/site-packages/airflow/example_dags/example_inlet_event_extra.py
[2025-03-20T16:12:38.059-0500] {logging_mixin.py:190} INFO - [2025-03-20T16:12:38.058-0500] {override.py:1930} INFO - Created Permission View: can edit on DAG:read_dataset_event_from_classic
[2025-03-20T16:12:38.094-0500] {logging_mixin.py:190} INFO - [2025-03-20T16:12:38.093-0500] {override.py:1930} INFO - Created Permission View: can read on DAG:read_dataset_event_from_classic
[2025-03-20T16:12:38.120-0500] {logging_mixin.py:190} INFO - [2025-03-20T16:12:38.120-0500] {override.py:1930} INFO - Created Permission View: can delete on DAG:read_dataset_event_from_classic
[2025-03-20T16:12:38.159-0500] {logging_mixin.py:190} INFO - [2025-03-20T16:12:38.158-0500] {override.py:1930} INFO - Created Permission View: can read on DAG Run:read_dataset_event_from_classic
[2025-03-20T16:12:38.183-0500] {logging_mixin.py:190} INFO - [2025-03-20T16:12:38.183-0500] {override.py:1930} INFO - Created Permission View: can delete on DAG Run:read_dataset_event_from_classic
[2025-03-20T16:12:38.211-0500] {logging_mixin.py:190} INFO - [2025-03-20T16:12:38.210-0500] {override.py:1930} INFO - Created Permission View: menu access on DAG Run:read_dataset_event_from_classic
[2025-03-20T16:12:38.234-0500] {logging_mixin.py:190} INFO - [2025-03-20T16:12:38.233-0500] {override.py:1930} INFO - Created Permission View: can create on DAG Run:read_dataset_event_from_classic
[2025-03-20T16:12:38.284-0500] {logging_mixin.py:190} INFO - [2025-03-20T16:12:38.282-0500] {override.py:1930} INFO - Created Permission View: can edit on DAG:read_dataset_event
[2025-03-20T16:12:38.307-0500] {logging_mixin.py:190} INFO - [2025-03-20T16:12:38.307-0500] {override.py:1930} INFO - Created Permission View: can read on DAG:read_dataset_event
[2025-03-20T16:12:38.332-0500] {logging_mixin.py:190} INFO - [2025-03-20T16:12:38.332-0500] {override.py:1930} INFO - Created Permission View: can delete on DAG:read_dataset_event
[2025-03-20T16:12:38.364-0500] {logging_mixin.py:190} INFO - [2025-03-20T16:12:38.363-0500] {override.py:1930} INFO - Created Permission View: can read on DAG Run:read_dataset_event
[2025-03-20T16:12:38.383-0500] {logging_mixin.py:190} INFO - [2025-03-20T16:12:38.382-0500] {override.py:1930} INFO - Created Permission View: can delete on DAG Run:read_dataset_event
[2025-03-20T16:12:38.407-0500] {logging_mixin.py:190} INFO - [2025-03-20T16:12:38.406-0500] {override.py:1930} INFO - Created Permission View: menu access on DAG Run:read_dataset_event
[2025-03-20T16:12:38.425-0500] {logging_mixin.py:190} INFO - [2025-03-20T16:12:38.425-0500] {override.py:1930} INFO - Created Permission View: can create on DAG Run:read_dataset_event
[2025-03-20T16:12:38.426-0500] {logging_mixin.py:190} INFO - [2025-03-20T16:12:38.426-0500] {dag.py:3239} INFO - Sync 2 DAGs
[2025-03-20T16:12:38.440-0500] {logging_mixin.py:190} INFO - [2025-03-20T16:12:38.439-0500] {dag.py:3262} INFO - Creating ORM DAG for read_dataset_event_from_classic
[2025-03-20T16:12:38.440-0500] {logging_mixin.py:190} INFO - [2025-03-20T16:12:38.440-0500] {dag.py:3262} INFO - Creating ORM DAG for read_dataset_event
[2025-03-20T16:12:38.452-0500] {logging_mixin.py:190} INFO - [2025-03-20T16:12:38.451-0500] {dag.py:4180} INFO - Setting next_dagrun for read_dataset_event to 2025-03-19 00:00:00+00:00, run_after=2025-03-20 00:00:00+00:00
[2025-03-20T16:12:38.454-0500] {logging_mixin.py:190} INFO - [2025-03-20T16:12:38.454-0500] {dag.py:4180} INFO - Setting next_dagrun for read_dataset_event_from_classic to 2025-03-19 00:00:00+00:00, run_after=2025-03-20 00:00:00+00:00
[2025-03-20T16:12:38.484-0500] {processor.py:208} INFO - Processing /home/luis/Proyectos/PrecioDeDepartamentos/Precios-depas-git/ProyectoDepas/2.0.StaggingLayer/StagingLayerProject/.venv/lib/python3.10/site-packages/airflow/example_dags/example_inlet_event_extra.py took 1.058 seconds
