[2025-03-20T16:12:28.983-0500] {processor.py:186} INFO - Started process (PID=172136) to work on /home/luis/Proyectos/PrecioDeDepartamentos/Precios-depas-git/ProyectoDepas/2.0.StaggingLayer/StagingLayerProject/.venv/lib/python3.10/site-packages/airflow/example_dags/example_dataset_alias_with_no_taskflow.py
[2025-03-20T16:12:28.983-0500] {processor.py:914} INFO - Processing file /home/luis/Proyectos/PrecioDeDepartamentos/Precios-depas-git/ProyectoDepas/2.0.StaggingLayer/StagingLayerProject/.venv/lib/python3.10/site-packages/airflow/example_dags/example_dataset_alias_with_no_taskflow.py for tasks to queue
[2025-03-20T16:12:28.984-0500] {logging_mixin.py:190} INFO - [2025-03-20T16:12:28.984-0500] {dagbag.py:588} INFO - Filling up the DagBag from /home/luis/Proyectos/PrecioDeDepartamentos/Precios-depas-git/ProyectoDepas/2.0.StaggingLayer/StagingLayerProject/.venv/lib/python3.10/site-packages/airflow/example_dags/example_dataset_alias_with_no_taskflow.py
[2025-03-20T16:12:29.168-0500] {processor.py:925} INFO - DAG(s) 'dataset_alias_example_alias_consumer_with_no_taskflow', 'dataset_s3_bucket_producer_with_no_taskflow', 'dataset_s3_bucket_consumer_with_no_taskflow', 'dataset_alias_example_alias_producer_with_no_taskflow' retrieved from /home/luis/Proyectos/PrecioDeDepartamentos/Precios-depas-git/ProyectoDepas/2.0.StaggingLayer/StagingLayerProject/.venv/lib/python3.10/site-packages/airflow/example_dags/example_dataset_alias_with_no_taskflow.py
[2025-03-20T16:12:29.335-0500] {logging_mixin.py:190} INFO - [2025-03-20T16:12:29.334-0500] {override.py:1930} INFO - Created Permission View: can edit on DAG:dataset_alias_example_alias_consumer_with_no_taskflow
[2025-03-20T16:12:29.351-0500] {logging_mixin.py:190} INFO - [2025-03-20T16:12:29.351-0500] {override.py:1930} INFO - Created Permission View: can read on DAG:dataset_alias_example_alias_consumer_with_no_taskflow
[2025-03-20T16:12:29.365-0500] {logging_mixin.py:190} INFO - [2025-03-20T16:12:29.365-0500] {override.py:1930} INFO - Created Permission View: can delete on DAG:dataset_alias_example_alias_consumer_with_no_taskflow
[2025-03-20T16:12:29.389-0500] {logging_mixin.py:190} INFO - [2025-03-20T16:12:29.389-0500] {override.py:1930} INFO - Created Permission View: can read on DAG Run:dataset_alias_example_alias_consumer_with_no_taskflow
[2025-03-20T16:12:29.408-0500] {logging_mixin.py:190} INFO - [2025-03-20T16:12:29.407-0500] {override.py:1930} INFO - Created Permission View: can delete on DAG Run:dataset_alias_example_alias_consumer_with_no_taskflow
[2025-03-20T16:12:29.421-0500] {logging_mixin.py:190} INFO - [2025-03-20T16:12:29.421-0500] {override.py:1930} INFO - Created Permission View: menu access on DAG Run:dataset_alias_example_alias_consumer_with_no_taskflow
[2025-03-20T16:12:29.434-0500] {logging_mixin.py:190} INFO - [2025-03-20T16:12:29.434-0500] {override.py:1930} INFO - Created Permission View: can create on DAG Run:dataset_alias_example_alias_consumer_with_no_taskflow
[2025-03-20T16:12:29.464-0500] {logging_mixin.py:190} INFO - [2025-03-20T16:12:29.464-0500] {override.py:1930} INFO - Created Permission View: can edit on DAG:dataset_s3_bucket_producer_with_no_taskflow
[2025-03-20T16:12:29.479-0500] {logging_mixin.py:190} INFO - [2025-03-20T16:12:29.479-0500] {override.py:1930} INFO - Created Permission View: can read on DAG:dataset_s3_bucket_producer_with_no_taskflow
[2025-03-20T16:12:29.492-0500] {logging_mixin.py:190} INFO - [2025-03-20T16:12:29.492-0500] {override.py:1930} INFO - Created Permission View: can delete on DAG:dataset_s3_bucket_producer_with_no_taskflow
[2025-03-20T16:12:29.517-0500] {logging_mixin.py:190} INFO - [2025-03-20T16:12:29.517-0500] {override.py:1930} INFO - Created Permission View: can read on DAG Run:dataset_s3_bucket_producer_with_no_taskflow
[2025-03-20T16:12:29.538-0500] {logging_mixin.py:190} INFO - [2025-03-20T16:12:29.537-0500] {override.py:1930} INFO - Created Permission View: can delete on DAG Run:dataset_s3_bucket_producer_with_no_taskflow
[2025-03-20T16:12:29.551-0500] {logging_mixin.py:190} INFO - [2025-03-20T16:12:29.550-0500] {override.py:1930} INFO - Created Permission View: menu access on DAG Run:dataset_s3_bucket_producer_with_no_taskflow
[2025-03-20T16:12:29.564-0500] {logging_mixin.py:190} INFO - [2025-03-20T16:12:29.564-0500] {override.py:1930} INFO - Created Permission View: can create on DAG Run:dataset_s3_bucket_producer_with_no_taskflow
[2025-03-20T16:12:29.594-0500] {logging_mixin.py:190} INFO - [2025-03-20T16:12:29.594-0500] {override.py:1930} INFO - Created Permission View: can edit on DAG:dataset_s3_bucket_consumer_with_no_taskflow
[2025-03-20T16:12:29.608-0500] {logging_mixin.py:190} INFO - [2025-03-20T16:12:29.608-0500] {override.py:1930} INFO - Created Permission View: can read on DAG:dataset_s3_bucket_consumer_with_no_taskflow
[2025-03-20T16:12:29.623-0500] {logging_mixin.py:190} INFO - [2025-03-20T16:12:29.622-0500] {override.py:1930} INFO - Created Permission View: can delete on DAG:dataset_s3_bucket_consumer_with_no_taskflow
[2025-03-20T16:12:29.646-0500] {logging_mixin.py:190} INFO - [2025-03-20T16:12:29.646-0500] {override.py:1930} INFO - Created Permission View: can read on DAG Run:dataset_s3_bucket_consumer_with_no_taskflow
[2025-03-20T16:12:29.664-0500] {logging_mixin.py:190} INFO - [2025-03-20T16:12:29.664-0500] {override.py:1930} INFO - Created Permission View: can delete on DAG Run:dataset_s3_bucket_consumer_with_no_taskflow
[2025-03-20T16:12:29.686-0500] {logging_mixin.py:190} INFO - [2025-03-20T16:12:29.686-0500] {override.py:1930} INFO - Created Permission View: menu access on DAG Run:dataset_s3_bucket_consumer_with_no_taskflow
[2025-03-20T16:12:29.699-0500] {logging_mixin.py:190} INFO - [2025-03-20T16:12:29.699-0500] {override.py:1930} INFO - Created Permission View: can create on DAG Run:dataset_s3_bucket_consumer_with_no_taskflow
[2025-03-20T16:12:29.730-0500] {logging_mixin.py:190} INFO - [2025-03-20T16:12:29.730-0500] {override.py:1930} INFO - Created Permission View: can edit on DAG:dataset_alias_example_alias_producer_with_no_taskflow
[2025-03-20T16:12:29.749-0500] {logging_mixin.py:190} INFO - [2025-03-20T16:12:29.748-0500] {override.py:1930} INFO - Created Permission View: can read on DAG:dataset_alias_example_alias_producer_with_no_taskflow
[2025-03-20T16:12:29.762-0500] {logging_mixin.py:190} INFO - [2025-03-20T16:12:29.762-0500] {override.py:1930} INFO - Created Permission View: can delete on DAG:dataset_alias_example_alias_producer_with_no_taskflow
[2025-03-20T16:12:29.785-0500] {logging_mixin.py:190} INFO - [2025-03-20T16:12:29.785-0500] {override.py:1930} INFO - Created Permission View: can read on DAG Run:dataset_alias_example_alias_producer_with_no_taskflow
[2025-03-20T16:12:29.797-0500] {logging_mixin.py:190} INFO - [2025-03-20T16:12:29.797-0500] {override.py:1930} INFO - Created Permission View: can delete on DAG Run:dataset_alias_example_alias_producer_with_no_taskflow
[2025-03-20T16:12:29.811-0500] {logging_mixin.py:190} INFO - [2025-03-20T16:12:29.810-0500] {override.py:1930} INFO - Created Permission View: menu access on DAG Run:dataset_alias_example_alias_producer_with_no_taskflow
[2025-03-20T16:12:29.824-0500] {logging_mixin.py:190} INFO - [2025-03-20T16:12:29.823-0500] {override.py:1930} INFO - Created Permission View: can create on DAG Run:dataset_alias_example_alias_producer_with_no_taskflow
[2025-03-20T16:12:29.824-0500] {logging_mixin.py:190} INFO - [2025-03-20T16:12:29.824-0500] {dag.py:3239} INFO - Sync 4 DAGs
[2025-03-20T16:12:29.833-0500] {logging_mixin.py:190} INFO - [2025-03-20T16:12:29.833-0500] {dag.py:3262} INFO - Creating ORM DAG for dataset_s3_bucket_producer_with_no_taskflow
[2025-03-20T16:12:29.834-0500] {logging_mixin.py:190} INFO - [2025-03-20T16:12:29.834-0500] {dag.py:3262} INFO - Creating ORM DAG for dataset_s3_bucket_consumer_with_no_taskflow
[2025-03-20T16:12:29.834-0500] {logging_mixin.py:190} INFO - [2025-03-20T16:12:29.834-0500] {dag.py:3262} INFO - Creating ORM DAG for dataset_alias_example_alias_producer_with_no_taskflow
[2025-03-20T16:12:29.835-0500] {logging_mixin.py:190} INFO - [2025-03-20T16:12:29.834-0500] {dag.py:3262} INFO - Creating ORM DAG for dataset_alias_example_alias_consumer_with_no_taskflow
[2025-03-20T16:12:29.840-0500] {logging_mixin.py:190} INFO - [2025-03-20T16:12:29.840-0500] {dag.py:4180} INFO - Setting next_dagrun for dataset_alias_example_alias_consumer_with_no_taskflow to None, run_after=None
[2025-03-20T16:12:29.841-0500] {logging_mixin.py:190} INFO - [2025-03-20T16:12:29.840-0500] {dag.py:4180} INFO - Setting next_dagrun for dataset_alias_example_alias_producer_with_no_taskflow to None, run_after=None
[2025-03-20T16:12:29.841-0500] {logging_mixin.py:190} INFO - [2025-03-20T16:12:29.841-0500] {dag.py:4180} INFO - Setting next_dagrun for dataset_s3_bucket_consumer_with_no_taskflow to None, run_after=None
[2025-03-20T16:12:29.841-0500] {logging_mixin.py:190} INFO - [2025-03-20T16:12:29.841-0500] {dag.py:4180} INFO - Setting next_dagrun for dataset_s3_bucket_producer_with_no_taskflow to None, run_after=None
[2025-03-20T16:12:29.868-0500] {processor.py:208} INFO - Processing /home/luis/Proyectos/PrecioDeDepartamentos/Precios-depas-git/ProyectoDepas/2.0.StaggingLayer/StagingLayerProject/.venv/lib/python3.10/site-packages/airflow/example_dags/example_dataset_alias_with_no_taskflow.py took 0.889 seconds
