[2025-03-20T16:11:53.056-0500] {processor.py:186} INFO - Started process (PID=172036) to work on /home/luis/Proyectos/PrecioDeDepartamentos/Precios-depas-git/ProyectoDepas/2.0.StaggingLayer/StagingLayerProject/.venv/lib/python3.10/site-packages/airflow/example_dags/example_xcomargs.py
[2025-03-20T16:11:53.056-0500] {processor.py:914} INFO - Processing file /home/luis/Proyectos/PrecioDeDepartamentos/Precios-depas-git/ProyectoDepas/2.0.StaggingLayer/StagingLayerProject/.venv/lib/python3.10/site-packages/airflow/example_dags/example_xcomargs.py for tasks to queue
[2025-03-20T16:11:53.057-0500] {logging_mixin.py:190} INFO - [2025-03-20T16:11:53.057-0500] {dagbag.py:588} INFO - Filling up the DagBag from /home/luis/Proyectos/PrecioDeDepartamentos/Precios-depas-git/ProyectoDepas/2.0.StaggingLayer/StagingLayerProject/.venv/lib/python3.10/site-packages/airflow/example_dags/example_xcomargs.py
[2025-03-20T16:11:53.063-0500] {processor.py:925} INFO - DAG(s) 'example_xcom_args', 'example_xcom_args_with_operators' retrieved from /home/luis/Proyectos/PrecioDeDepartamentos/Precios-depas-git/ProyectoDepas/2.0.StaggingLayer/StagingLayerProject/.venv/lib/python3.10/site-packages/airflow/example_dags/example_xcomargs.py
[2025-03-20T16:11:53.175-0500] {logging_mixin.py:190} INFO - [2025-03-20T16:11:53.175-0500] {override.py:1930} INFO - Created Permission View: can edit on DAG:example_xcom_args
[2025-03-20T16:11:53.190-0500] {logging_mixin.py:190} INFO - [2025-03-20T16:11:53.190-0500] {override.py:1930} INFO - Created Permission View: can read on DAG:example_xcom_args
[2025-03-20T16:11:53.203-0500] {logging_mixin.py:190} INFO - [2025-03-20T16:11:53.203-0500] {override.py:1930} INFO - Created Permission View: can delete on DAG:example_xcom_args
[2025-03-20T16:11:53.226-0500] {logging_mixin.py:190} INFO - [2025-03-20T16:11:53.226-0500] {override.py:1930} INFO - Created Permission View: can read on DAG Run:example_xcom_args
[2025-03-20T16:11:53.244-0500] {logging_mixin.py:190} INFO - [2025-03-20T16:11:53.244-0500] {override.py:1930} INFO - Created Permission View: can delete on DAG Run:example_xcom_args
[2025-03-20T16:11:53.257-0500] {logging_mixin.py:190} INFO - [2025-03-20T16:11:53.257-0500] {override.py:1930} INFO - Created Permission View: menu access on DAG Run:example_xcom_args
[2025-03-20T16:11:53.270-0500] {logging_mixin.py:190} INFO - [2025-03-20T16:11:53.270-0500] {override.py:1930} INFO - Created Permission View: can create on DAG Run:example_xcom_args
[2025-03-20T16:11:53.300-0500] {logging_mixin.py:190} INFO - [2025-03-20T16:11:53.300-0500] {override.py:1930} INFO - Created Permission View: can edit on DAG:example_xcom_args_with_operators
[2025-03-20T16:11:53.313-0500] {logging_mixin.py:190} INFO - [2025-03-20T16:11:53.313-0500] {override.py:1930} INFO - Created Permission View: can read on DAG:example_xcom_args_with_operators
[2025-03-20T16:11:53.327-0500] {logging_mixin.py:190} INFO - [2025-03-20T16:11:53.327-0500] {override.py:1930} INFO - Created Permission View: can delete on DAG:example_xcom_args_with_operators
[2025-03-20T16:11:53.350-0500] {logging_mixin.py:190} INFO - [2025-03-20T16:11:53.350-0500] {override.py:1930} INFO - Created Permission View: can read on DAG Run:example_xcom_args_with_operators
[2025-03-20T16:11:53.363-0500] {logging_mixin.py:190} INFO - [2025-03-20T16:11:53.362-0500] {override.py:1930} INFO - Created Permission View: can delete on DAG Run:example_xcom_args_with_operators
[2025-03-20T16:11:53.376-0500] {logging_mixin.py:190} INFO - [2025-03-20T16:11:53.376-0500] {override.py:1930} INFO - Created Permission View: menu access on DAG Run:example_xcom_args_with_operators
[2025-03-20T16:11:53.388-0500] {logging_mixin.py:190} INFO - [2025-03-20T16:11:53.388-0500] {override.py:1930} INFO - Created Permission View: can create on DAG Run:example_xcom_args_with_operators
[2025-03-20T16:11:53.389-0500] {logging_mixin.py:190} INFO - [2025-03-20T16:11:53.389-0500] {dag.py:3239} INFO - Sync 2 DAGs
[2025-03-20T16:11:53.398-0500] {logging_mixin.py:190} INFO - [2025-03-20T16:11:53.397-0500] {dag.py:3262} INFO - Creating ORM DAG for example_xcom_args
[2025-03-20T16:11:53.398-0500] {logging_mixin.py:190} INFO - [2025-03-20T16:11:53.398-0500] {dag.py:3262} INFO - Creating ORM DAG for example_xcom_args_with_operators
[2025-03-20T16:11:53.398-0500] {logging_mixin.py:190} INFO - [2025-03-20T16:11:53.398-0500] {dag.py:4180} INFO - Setting next_dagrun for example_xcom_args to None, run_after=None
[2025-03-20T16:11:53.399-0500] {logging_mixin.py:190} INFO - [2025-03-20T16:11:53.399-0500] {dag.py:4180} INFO - Setting next_dagrun for example_xcom_args_with_operators to None, run_after=None
[2025-03-20T16:11:53.421-0500] {processor.py:208} INFO - Processing /home/luis/Proyectos/PrecioDeDepartamentos/Precios-depas-git/ProyectoDepas/2.0.StaggingLayer/StagingLayerProject/.venv/lib/python3.10/site-packages/airflow/example_dags/example_xcomargs.py took 0.369 seconds
