[2025-03-20T16:12:30.675-0500] {processor.py:186} INFO - Started process (PID=172138) to work on /home/luis/Proyectos/PrecioDeDepartamentos/Precios-depas-git/ProyectoDepas/2.0.StaggingLayer/StagingLayerProject/.venv/lib/python3.10/site-packages/airflow/example_dags/example_datasets.py
[2025-03-20T16:12:30.676-0500] {processor.py:914} INFO - Processing file /home/luis/Proyectos/PrecioDeDepartamentos/Precios-depas-git/ProyectoDepas/2.0.StaggingLayer/StagingLayerProject/.venv/lib/python3.10/site-packages/airflow/example_dags/example_datasets.py for tasks to queue
[2025-03-20T16:12:30.677-0500] {logging_mixin.py:190} INFO - [2025-03-20T16:12:30.677-0500] {dagbag.py:588} INFO - Filling up the DagBag from /home/luis/Proyectos/PrecioDeDepartamentos/Precios-depas-git/ProyectoDepas/2.0.StaggingLayer/StagingLayerProject/.venv/lib/python3.10/site-packages/airflow/example_dags/example_datasets.py
[2025-03-20T16:12:30.867-0500] {processor.py:925} INFO - DAG(s) 'consume_1_or_both_2_and_3_with_dataset_expressions', 'dataset_consumes_unknown_never_scheduled', 'dataset_consumes_1', 'dataset_produces_2', 'dataset_consumes_1_and_2', 'conditional_dataset_and_time_based_timetable', 'dataset_produces_1', 'dataset_consumes_1_never_scheduled', 'consume_1_or_2_with_dataset_expressions', 'consume_1_and_2_with_dataset_expressions' retrieved from /home/luis/Proyectos/PrecioDeDepartamentos/Precios-depas-git/ProyectoDepas/2.0.StaggingLayer/StagingLayerProject/.venv/lib/python3.10/site-packages/airflow/example_dags/example_datasets.py
[2025-03-20T16:12:31.037-0500] {logging_mixin.py:190} INFO - [2025-03-20T16:12:31.036-0500] {override.py:1930} INFO - Created Permission View: can edit on DAG:consume_1_or_both_2_and_3_with_dataset_expressions
[2025-03-20T16:12:31.062-0500] {logging_mixin.py:190} INFO - [2025-03-20T16:12:31.061-0500] {override.py:1930} INFO - Created Permission View: can read on DAG:consume_1_or_both_2_and_3_with_dataset_expressions
[2025-03-20T16:12:31.074-0500] {logging_mixin.py:190} INFO - [2025-03-20T16:12:31.074-0500] {override.py:1930} INFO - Created Permission View: can delete on DAG:consume_1_or_both_2_and_3_with_dataset_expressions
[2025-03-20T16:12:31.096-0500] {logging_mixin.py:190} INFO - [2025-03-20T16:12:31.096-0500] {override.py:1930} INFO - Created Permission View: can read on DAG Run:consume_1_or_both_2_and_3_with_dataset_expressions
[2025-03-20T16:12:31.109-0500] {logging_mixin.py:190} INFO - [2025-03-20T16:12:31.109-0500] {override.py:1930} INFO - Created Permission View: can delete on DAG Run:consume_1_or_both_2_and_3_with_dataset_expressions
[2025-03-20T16:12:31.122-0500] {logging_mixin.py:190} INFO - [2025-03-20T16:12:31.122-0500] {override.py:1930} INFO - Created Permission View: menu access on DAG Run:consume_1_or_both_2_and_3_with_dataset_expressions
[2025-03-20T16:12:31.135-0500] {logging_mixin.py:190} INFO - [2025-03-20T16:12:31.134-0500] {override.py:1930} INFO - Created Permission View: can create on DAG Run:consume_1_or_both_2_and_3_with_dataset_expressions
[2025-03-20T16:12:31.167-0500] {logging_mixin.py:190} INFO - [2025-03-20T16:12:31.167-0500] {override.py:1930} INFO - Created Permission View: can edit on DAG:dataset_consumes_unknown_never_scheduled
[2025-03-20T16:12:31.180-0500] {logging_mixin.py:190} INFO - [2025-03-20T16:12:31.180-0500] {override.py:1930} INFO - Created Permission View: can read on DAG:dataset_consumes_unknown_never_scheduled
[2025-03-20T16:12:31.198-0500] {logging_mixin.py:190} INFO - [2025-03-20T16:12:31.198-0500] {override.py:1930} INFO - Created Permission View: can delete on DAG:dataset_consumes_unknown_never_scheduled
[2025-03-20T16:12:31.222-0500] {logging_mixin.py:190} INFO - [2025-03-20T16:12:31.222-0500] {override.py:1930} INFO - Created Permission View: can read on DAG Run:dataset_consumes_unknown_never_scheduled
[2025-03-20T16:12:31.236-0500] {logging_mixin.py:190} INFO - [2025-03-20T16:12:31.235-0500] {override.py:1930} INFO - Created Permission View: can delete on DAG Run:dataset_consumes_unknown_never_scheduled
[2025-03-20T16:12:31.249-0500] {logging_mixin.py:190} INFO - [2025-03-20T16:12:31.248-0500] {override.py:1930} INFO - Created Permission View: menu access on DAG Run:dataset_consumes_unknown_never_scheduled
[2025-03-20T16:12:31.265-0500] {logging_mixin.py:190} INFO - [2025-03-20T16:12:31.265-0500] {override.py:1930} INFO - Created Permission View: can create on DAG Run:dataset_consumes_unknown_never_scheduled
[2025-03-20T16:12:31.299-0500] {logging_mixin.py:190} INFO - [2025-03-20T16:12:31.299-0500] {override.py:1930} INFO - Created Permission View: can edit on DAG:dataset_consumes_1
[2025-03-20T16:12:31.313-0500] {logging_mixin.py:190} INFO - [2025-03-20T16:12:31.313-0500] {override.py:1930} INFO - Created Permission View: can read on DAG:dataset_consumes_1
[2025-03-20T16:12:31.326-0500] {logging_mixin.py:190} INFO - [2025-03-20T16:12:31.326-0500] {override.py:1930} INFO - Created Permission View: can delete on DAG:dataset_consumes_1
[2025-03-20T16:12:31.350-0500] {logging_mixin.py:190} INFO - [2025-03-20T16:12:31.349-0500] {override.py:1930} INFO - Created Permission View: can read on DAG Run:dataset_consumes_1
[2025-03-20T16:12:31.363-0500] {logging_mixin.py:190} INFO - [2025-03-20T16:12:31.362-0500] {override.py:1930} INFO - Created Permission View: can delete on DAG Run:dataset_consumes_1
[2025-03-20T16:12:31.376-0500] {logging_mixin.py:190} INFO - [2025-03-20T16:12:31.376-0500] {override.py:1930} INFO - Created Permission View: menu access on DAG Run:dataset_consumes_1
[2025-03-20T16:12:31.389-0500] {logging_mixin.py:190} INFO - [2025-03-20T16:12:31.389-0500] {override.py:1930} INFO - Created Permission View: can create on DAG Run:dataset_consumes_1
[2025-03-20T16:12:31.418-0500] {logging_mixin.py:190} INFO - [2025-03-20T16:12:31.417-0500] {override.py:1930} INFO - Created Permission View: can edit on DAG:dataset_produces_2
[2025-03-20T16:12:31.431-0500] {logging_mixin.py:190} INFO - [2025-03-20T16:12:31.431-0500] {override.py:1930} INFO - Created Permission View: can read on DAG:dataset_produces_2
[2025-03-20T16:12:31.444-0500] {logging_mixin.py:190} INFO - [2025-03-20T16:12:31.444-0500] {override.py:1930} INFO - Created Permission View: can delete on DAG:dataset_produces_2
[2025-03-20T16:12:31.469-0500] {logging_mixin.py:190} INFO - [2025-03-20T16:12:31.468-0500] {override.py:1930} INFO - Created Permission View: can read on DAG Run:dataset_produces_2
[2025-03-20T16:12:31.482-0500] {logging_mixin.py:190} INFO - [2025-03-20T16:12:31.482-0500] {override.py:1930} INFO - Created Permission View: can delete on DAG Run:dataset_produces_2
[2025-03-20T16:12:31.495-0500] {logging_mixin.py:190} INFO - [2025-03-20T16:12:31.495-0500] {override.py:1930} INFO - Created Permission View: menu access on DAG Run:dataset_produces_2
[2025-03-20T16:12:31.513-0500] {logging_mixin.py:190} INFO - [2025-03-20T16:12:31.512-0500] {override.py:1930} INFO - Created Permission View: can create on DAG Run:dataset_produces_2
[2025-03-20T16:12:31.542-0500] {logging_mixin.py:190} INFO - [2025-03-20T16:12:31.542-0500] {override.py:1930} INFO - Created Permission View: can edit on DAG:dataset_consumes_1_and_2
[2025-03-20T16:12:31.556-0500] {logging_mixin.py:190} INFO - [2025-03-20T16:12:31.555-0500] {override.py:1930} INFO - Created Permission View: can read on DAG:dataset_consumes_1_and_2
[2025-03-20T16:12:31.568-0500] {logging_mixin.py:190} INFO - [2025-03-20T16:12:31.568-0500] {override.py:1930} INFO - Created Permission View: can delete on DAG:dataset_consumes_1_and_2
[2025-03-20T16:12:31.592-0500] {logging_mixin.py:190} INFO - [2025-03-20T16:12:31.592-0500] {override.py:1930} INFO - Created Permission View: can read on DAG Run:dataset_consumes_1_and_2
[2025-03-20T16:12:31.605-0500] {logging_mixin.py:190} INFO - [2025-03-20T16:12:31.605-0500] {override.py:1930} INFO - Created Permission View: can delete on DAG Run:dataset_consumes_1_and_2
[2025-03-20T16:12:31.618-0500] {logging_mixin.py:190} INFO - [2025-03-20T16:12:31.617-0500] {override.py:1930} INFO - Created Permission View: menu access on DAG Run:dataset_consumes_1_and_2
[2025-03-20T16:12:31.636-0500] {logging_mixin.py:190} INFO - [2025-03-20T16:12:31.636-0500] {override.py:1930} INFO - Created Permission View: can create on DAG Run:dataset_consumes_1_and_2
[2025-03-20T16:12:31.665-0500] {logging_mixin.py:190} INFO - [2025-03-20T16:12:31.665-0500] {override.py:1930} INFO - Created Permission View: can edit on DAG:conditional_dataset_and_time_based_timetable
[2025-03-20T16:12:31.678-0500] {logging_mixin.py:190} INFO - [2025-03-20T16:12:31.678-0500] {override.py:1930} INFO - Created Permission View: can read on DAG:conditional_dataset_and_time_based_timetable
[2025-03-20T16:12:31.691-0500] {logging_mixin.py:190} INFO - [2025-03-20T16:12:31.691-0500] {override.py:1930} INFO - Created Permission View: can delete on DAG:conditional_dataset_and_time_based_timetable
[2025-03-20T16:12:31.714-0500] {logging_mixin.py:190} INFO - [2025-03-20T16:12:31.713-0500] {override.py:1930} INFO - Created Permission View: can read on DAG Run:conditional_dataset_and_time_based_timetable
[2025-03-20T16:12:31.726-0500] {logging_mixin.py:190} INFO - [2025-03-20T16:12:31.726-0500] {override.py:1930} INFO - Created Permission View: can delete on DAG Run:conditional_dataset_and_time_based_timetable
[2025-03-20T16:12:31.739-0500] {logging_mixin.py:190} INFO - [2025-03-20T16:12:31.739-0500] {override.py:1930} INFO - Created Permission View: menu access on DAG Run:conditional_dataset_and_time_based_timetable
[2025-03-20T16:12:31.757-0500] {logging_mixin.py:190} INFO - [2025-03-20T16:12:31.756-0500] {override.py:1930} INFO - Created Permission View: can create on DAG Run:conditional_dataset_and_time_based_timetable
[2025-03-20T16:12:31.786-0500] {logging_mixin.py:190} INFO - [2025-03-20T16:12:31.785-0500] {override.py:1930} INFO - Created Permission View: can edit on DAG:dataset_produces_1
[2025-03-20T16:12:31.799-0500] {logging_mixin.py:190} INFO - [2025-03-20T16:12:31.799-0500] {override.py:1930} INFO - Created Permission View: can read on DAG:dataset_produces_1
[2025-03-20T16:12:31.812-0500] {logging_mixin.py:190} INFO - [2025-03-20T16:12:31.812-0500] {override.py:1930} INFO - Created Permission View: can delete on DAG:dataset_produces_1
[2025-03-20T16:12:31.835-0500] {logging_mixin.py:190} INFO - [2025-03-20T16:12:31.835-0500] {override.py:1930} INFO - Created Permission View: can read on DAG Run:dataset_produces_1
[2025-03-20T16:12:31.854-0500] {logging_mixin.py:190} INFO - [2025-03-20T16:12:31.854-0500] {override.py:1930} INFO - Created Permission View: can delete on DAG Run:dataset_produces_1
[2025-03-20T16:12:31.868-0500] {logging_mixin.py:190} INFO - [2025-03-20T16:12:31.868-0500] {override.py:1930} INFO - Created Permission View: menu access on DAG Run:dataset_produces_1
[2025-03-20T16:12:31.881-0500] {logging_mixin.py:190} INFO - [2025-03-20T16:12:31.881-0500] {override.py:1930} INFO - Created Permission View: can create on DAG Run:dataset_produces_1
[2025-03-20T16:12:31.913-0500] {logging_mixin.py:190} INFO - [2025-03-20T16:12:31.912-0500] {override.py:1930} INFO - Created Permission View: can edit on DAG:dataset_consumes_1_never_scheduled
[2025-03-20T16:12:31.931-0500] {logging_mixin.py:190} INFO - [2025-03-20T16:12:31.931-0500] {override.py:1930} INFO - Created Permission View: can read on DAG:dataset_consumes_1_never_scheduled
[2025-03-20T16:12:31.946-0500] {logging_mixin.py:190} INFO - [2025-03-20T16:12:31.945-0500] {override.py:1930} INFO - Created Permission View: can delete on DAG:dataset_consumes_1_never_scheduled
[2025-03-20T16:12:31.968-0500] {logging_mixin.py:190} INFO - [2025-03-20T16:12:31.968-0500] {override.py:1930} INFO - Created Permission View: can read on DAG Run:dataset_consumes_1_never_scheduled
[2025-03-20T16:12:31.980-0500] {logging_mixin.py:190} INFO - [2025-03-20T16:12:31.980-0500] {override.py:1930} INFO - Created Permission View: can delete on DAG Run:dataset_consumes_1_never_scheduled
[2025-03-20T16:12:31.998-0500] {logging_mixin.py:190} INFO - [2025-03-20T16:12:31.997-0500] {override.py:1930} INFO - Created Permission View: menu access on DAG Run:dataset_consumes_1_never_scheduled
[2025-03-20T16:12:32.015-0500] {logging_mixin.py:190} INFO - [2025-03-20T16:12:32.015-0500] {override.py:1930} INFO - Created Permission View: can create on DAG Run:dataset_consumes_1_never_scheduled
[2025-03-20T16:12:32.040-0500] {logging_mixin.py:190} INFO - [2025-03-20T16:12:32.040-0500] {override.py:1930} INFO - Created Permission View: can edit on DAG:consume_1_or_2_with_dataset_expressions
[2025-03-20T16:12:32.053-0500] {logging_mixin.py:190} INFO - [2025-03-20T16:12:32.052-0500] {override.py:1930} INFO - Created Permission View: can read on DAG:consume_1_or_2_with_dataset_expressions
[2025-03-20T16:12:32.065-0500] {logging_mixin.py:190} INFO - [2025-03-20T16:12:32.065-0500] {override.py:1930} INFO - Created Permission View: can delete on DAG:consume_1_or_2_with_dataset_expressions
[2025-03-20T16:12:32.086-0500] {logging_mixin.py:190} INFO - [2025-03-20T16:12:32.086-0500] {override.py:1930} INFO - Created Permission View: can read on DAG Run:consume_1_or_2_with_dataset_expressions
[2025-03-20T16:12:32.103-0500] {logging_mixin.py:190} INFO - [2025-03-20T16:12:32.103-0500] {override.py:1930} INFO - Created Permission View: can delete on DAG Run:consume_1_or_2_with_dataset_expressions
[2025-03-20T16:12:32.116-0500] {logging_mixin.py:190} INFO - [2025-03-20T16:12:32.115-0500] {override.py:1930} INFO - Created Permission View: menu access on DAG Run:consume_1_or_2_with_dataset_expressions
[2025-03-20T16:12:32.128-0500] {logging_mixin.py:190} INFO - [2025-03-20T16:12:32.128-0500] {override.py:1930} INFO - Created Permission View: can create on DAG Run:consume_1_or_2_with_dataset_expressions
[2025-03-20T16:12:32.189-0500] {logging_mixin.py:190} INFO - [2025-03-20T16:12:32.188-0500] {override.py:1930} INFO - Created Permission View: can edit on DAG:consume_1_and_2_with_dataset_expressions
[2025-03-20T16:12:32.207-0500] {logging_mixin.py:190} INFO - [2025-03-20T16:12:32.207-0500] {override.py:1930} INFO - Created Permission View: can read on DAG:consume_1_and_2_with_dataset_expressions
[2025-03-20T16:12:32.221-0500] {logging_mixin.py:190} INFO - [2025-03-20T16:12:32.221-0500] {override.py:1930} INFO - Created Permission View: can delete on DAG:consume_1_and_2_with_dataset_expressions
[2025-03-20T16:12:32.246-0500] {logging_mixin.py:190} INFO - [2025-03-20T16:12:32.245-0500] {override.py:1930} INFO - Created Permission View: can read on DAG Run:consume_1_and_2_with_dataset_expressions
[2025-03-20T16:12:32.267-0500] {logging_mixin.py:190} INFO - [2025-03-20T16:12:32.267-0500] {override.py:1930} INFO - Created Permission View: can delete on DAG Run:consume_1_and_2_with_dataset_expressions
[2025-03-20T16:12:32.287-0500] {logging_mixin.py:190} INFO - [2025-03-20T16:12:32.286-0500] {override.py:1930} INFO - Created Permission View: menu access on DAG Run:consume_1_and_2_with_dataset_expressions
[2025-03-20T16:12:32.300-0500] {logging_mixin.py:190} INFO - [2025-03-20T16:12:32.300-0500] {override.py:1930} INFO - Created Permission View: can create on DAG Run:consume_1_and_2_with_dataset_expressions
[2025-03-20T16:12:32.301-0500] {logging_mixin.py:190} INFO - [2025-03-20T16:12:32.301-0500] {dag.py:3239} INFO - Sync 10 DAGs
[2025-03-20T16:12:32.309-0500] {logging_mixin.py:190} INFO - [2025-03-20T16:12:32.309-0500] {dag.py:3262} INFO - Creating ORM DAG for consume_1_or_2_with_dataset_expressions
[2025-03-20T16:12:32.310-0500] {logging_mixin.py:190} INFO - [2025-03-20T16:12:32.310-0500] {dag.py:3262} INFO - Creating ORM DAG for dataset_consumes_1_and_2
[2025-03-20T16:12:32.310-0500] {logging_mixin.py:190} INFO - [2025-03-20T16:12:32.310-0500] {dag.py:3262} INFO - Creating ORM DAG for conditional_dataset_and_time_based_timetable
[2025-03-20T16:12:32.311-0500] {logging_mixin.py:190} INFO - [2025-03-20T16:12:32.311-0500] {dag.py:3262} INFO - Creating ORM DAG for consume_1_or_both_2_and_3_with_dataset_expressions
[2025-03-20T16:12:32.311-0500] {logging_mixin.py:190} INFO - [2025-03-20T16:12:32.311-0500] {dag.py:3262} INFO - Creating ORM DAG for consume_1_and_2_with_dataset_expressions
[2025-03-20T16:12:32.311-0500] {logging_mixin.py:190} INFO - [2025-03-20T16:12:32.311-0500] {dag.py:3262} INFO - Creating ORM DAG for dataset_consumes_unknown_never_scheduled
[2025-03-20T16:12:32.312-0500] {logging_mixin.py:190} INFO - [2025-03-20T16:12:32.312-0500] {dag.py:3262} INFO - Creating ORM DAG for dataset_produces_2
[2025-03-20T16:12:32.312-0500] {logging_mixin.py:190} INFO - [2025-03-20T16:12:32.312-0500] {dag.py:3262} INFO - Creating ORM DAG for dataset_consumes_1_never_scheduled
[2025-03-20T16:12:32.312-0500] {logging_mixin.py:190} INFO - [2025-03-20T16:12:32.312-0500] {dag.py:3262} INFO - Creating ORM DAG for dataset_produces_1
[2025-03-20T16:12:32.313-0500] {logging_mixin.py:190} INFO - [2025-03-20T16:12:32.313-0500] {dag.py:3262} INFO - Creating ORM DAG for dataset_consumes_1
[2025-03-20T16:12:32.319-0500] {logging_mixin.py:190} INFO - [2025-03-20T16:12:32.318-0500] {dag.py:4180} INFO - Setting next_dagrun for conditional_dataset_and_time_based_timetable to 2025-03-19 01:00:00+00:00, run_after=2025-03-19 01:00:00+00:00
[2025-03-20T16:12:32.319-0500] {logging_mixin.py:190} INFO - [2025-03-20T16:12:32.319-0500] {dag.py:4180} INFO - Setting next_dagrun for consume_1_and_2_with_dataset_expressions to None, run_after=None
[2025-03-20T16:12:32.319-0500] {logging_mixin.py:190} INFO - [2025-03-20T16:12:32.319-0500] {dag.py:4180} INFO - Setting next_dagrun for consume_1_or_2_with_dataset_expressions to None, run_after=None
[2025-03-20T16:12:32.319-0500] {logging_mixin.py:190} INFO - [2025-03-20T16:12:32.319-0500] {dag.py:4180} INFO - Setting next_dagrun for consume_1_or_both_2_and_3_with_dataset_expressions to None, run_after=None
[2025-03-20T16:12:32.320-0500] {logging_mixin.py:190} INFO - [2025-03-20T16:12:32.320-0500] {dag.py:4180} INFO - Setting next_dagrun for dataset_consumes_1 to None, run_after=None
[2025-03-20T16:12:32.320-0500] {logging_mixin.py:190} INFO - [2025-03-20T16:12:32.320-0500] {dag.py:4180} INFO - Setting next_dagrun for dataset_consumes_1_and_2 to None, run_after=None
[2025-03-20T16:12:32.320-0500] {logging_mixin.py:190} INFO - [2025-03-20T16:12:32.320-0500] {dag.py:4180} INFO - Setting next_dagrun for dataset_consumes_1_never_scheduled to None, run_after=None
[2025-03-20T16:12:32.321-0500] {logging_mixin.py:190} INFO - [2025-03-20T16:12:32.321-0500] {dag.py:4180} INFO - Setting next_dagrun for dataset_consumes_unknown_never_scheduled to None, run_after=None
[2025-03-20T16:12:32.322-0500] {logging_mixin.py:190} INFO - [2025-03-20T16:12:32.322-0500] {dag.py:4180} INFO - Setting next_dagrun for dataset_produces_1 to 2025-03-19 00:00:00+00:00, run_after=2025-03-20 00:00:00+00:00
[2025-03-20T16:12:32.322-0500] {logging_mixin.py:190} INFO - [2025-03-20T16:12:32.322-0500] {dag.py:4180} INFO - Setting next_dagrun for dataset_produces_2 to None, run_after=None
[2025-03-20T16:12:32.355-0500] {processor.py:208} INFO - Processing /home/luis/Proyectos/PrecioDeDepartamentos/Precios-depas-git/ProyectoDepas/2.0.StaggingLayer/StagingLayerProject/.venv/lib/python3.10/site-packages/airflow/example_dags/example_datasets.py took 1.683 seconds
