[2025-03-20T16:12:22.662-0500] {processor.py:186} INFO - Started process (PID=172122) to work on /home/luis/Proyectos/PrecioDeDepartamentos/Precios-depas-git/ProyectoDepas/2.0.StaggingLayer/StagingLayerProject/.venv/lib/python3.10/site-packages/airflow/example_dags/example_outlet_event_extra.py
[2025-03-20T16:12:22.662-0500] {processor.py:914} INFO - Processing file /home/luis/Proyectos/PrecioDeDepartamentos/Precios-depas-git/ProyectoDepas/2.0.StaggingLayer/StagingLayerProject/.venv/lib/python3.10/site-packages/airflow/example_dags/example_outlet_event_extra.py for tasks to queue
[2025-03-20T16:12:22.663-0500] {logging_mixin.py:190} INFO - [2025-03-20T16:12:22.663-0500] {dagbag.py:588} INFO - Filling up the DagBag from /home/luis/Proyectos/PrecioDeDepartamentos/Precios-depas-git/ProyectoDepas/2.0.StaggingLayer/StagingLayerProject/.venv/lib/python3.10/site-packages/airflow/example_dags/example_outlet_event_extra.py
[2025-03-20T16:12:22.900-0500] {processor.py:925} INFO - DAG(s) 'dataset_with_extra_by_yield', 'dataset_with_extra_by_context', 'dataset_with_extra_from_classic_operator' retrieved from /home/luis/Proyectos/PrecioDeDepartamentos/Precios-depas-git/ProyectoDepas/2.0.StaggingLayer/StagingLayerProject/.venv/lib/python3.10/site-packages/airflow/example_dags/example_outlet_event_extra.py
[2025-03-20T16:12:23.067-0500] {logging_mixin.py:190} INFO - [2025-03-20T16:12:23.066-0500] {override.py:1930} INFO - Created Permission View: can edit on DAG:dataset_with_extra_by_yield
[2025-03-20T16:12:23.099-0500] {logging_mixin.py:190} INFO - [2025-03-20T16:12:23.099-0500] {override.py:1930} INFO - Created Permission View: can read on DAG:dataset_with_extra_by_yield
[2025-03-20T16:12:23.113-0500] {logging_mixin.py:190} INFO - [2025-03-20T16:12:23.112-0500] {override.py:1930} INFO - Created Permission View: can delete on DAG:dataset_with_extra_by_yield
[2025-03-20T16:12:23.138-0500] {logging_mixin.py:190} INFO - [2025-03-20T16:12:23.137-0500] {override.py:1930} INFO - Created Permission View: can read on DAG Run:dataset_with_extra_by_yield
[2025-03-20T16:12:23.151-0500] {logging_mixin.py:190} INFO - [2025-03-20T16:12:23.151-0500] {override.py:1930} INFO - Created Permission View: can delete on DAG Run:dataset_with_extra_by_yield
[2025-03-20T16:12:23.166-0500] {logging_mixin.py:190} INFO - [2025-03-20T16:12:23.166-0500] {override.py:1930} INFO - Created Permission View: menu access on DAG Run:dataset_with_extra_by_yield
[2025-03-20T16:12:23.183-0500] {logging_mixin.py:190} INFO - [2025-03-20T16:12:23.182-0500] {override.py:1930} INFO - Created Permission View: can create on DAG Run:dataset_with_extra_by_yield
[2025-03-20T16:12:23.216-0500] {logging_mixin.py:190} INFO - [2025-03-20T16:12:23.216-0500] {override.py:1930} INFO - Created Permission View: can edit on DAG:dataset_with_extra_by_context
[2025-03-20T16:12:23.230-0500] {logging_mixin.py:190} INFO - [2025-03-20T16:12:23.229-0500] {override.py:1930} INFO - Created Permission View: can read on DAG:dataset_with_extra_by_context
[2025-03-20T16:12:23.243-0500] {logging_mixin.py:190} INFO - [2025-03-20T16:12:23.242-0500] {override.py:1930} INFO - Created Permission View: can delete on DAG:dataset_with_extra_by_context
[2025-03-20T16:12:23.270-0500] {logging_mixin.py:190} INFO - [2025-03-20T16:12:23.270-0500] {override.py:1930} INFO - Created Permission View: can read on DAG Run:dataset_with_extra_by_context
[2025-03-20T16:12:23.285-0500] {logging_mixin.py:190} INFO - [2025-03-20T16:12:23.285-0500] {override.py:1930} INFO - Created Permission View: can delete on DAG Run:dataset_with_extra_by_context
[2025-03-20T16:12:23.299-0500] {logging_mixin.py:190} INFO - [2025-03-20T16:12:23.299-0500] {override.py:1930} INFO - Created Permission View: menu access on DAG Run:dataset_with_extra_by_context
[2025-03-20T16:12:23.312-0500] {logging_mixin.py:190} INFO - [2025-03-20T16:12:23.312-0500] {override.py:1930} INFO - Created Permission View: can create on DAG Run:dataset_with_extra_by_context
[2025-03-20T16:12:23.344-0500] {logging_mixin.py:190} INFO - [2025-03-20T16:12:23.343-0500] {override.py:1930} INFO - Created Permission View: can edit on DAG:dataset_with_extra_from_classic_operator
[2025-03-20T16:12:23.358-0500] {logging_mixin.py:190} INFO - [2025-03-20T16:12:23.357-0500] {override.py:1930} INFO - Created Permission View: can read on DAG:dataset_with_extra_from_classic_operator
[2025-03-20T16:12:23.376-0500] {logging_mixin.py:190} INFO - [2025-03-20T16:12:23.376-0500] {override.py:1930} INFO - Created Permission View: can delete on DAG:dataset_with_extra_from_classic_operator
[2025-03-20T16:12:23.401-0500] {logging_mixin.py:190} INFO - [2025-03-20T16:12:23.400-0500] {override.py:1930} INFO - Created Permission View: can read on DAG Run:dataset_with_extra_from_classic_operator
[2025-03-20T16:12:23.415-0500] {logging_mixin.py:190} INFO - [2025-03-20T16:12:23.415-0500] {override.py:1930} INFO - Created Permission View: can delete on DAG Run:dataset_with_extra_from_classic_operator
[2025-03-20T16:12:23.441-0500] {logging_mixin.py:190} INFO - [2025-03-20T16:12:23.440-0500] {override.py:1930} INFO - Created Permission View: menu access on DAG Run:dataset_with_extra_from_classic_operator
[2025-03-20T16:12:23.458-0500] {logging_mixin.py:190} INFO - [2025-03-20T16:12:23.458-0500] {override.py:1930} INFO - Created Permission View: can create on DAG Run:dataset_with_extra_from_classic_operator
[2025-03-20T16:12:23.459-0500] {logging_mixin.py:190} INFO - [2025-03-20T16:12:23.459-0500] {dag.py:3239} INFO - Sync 3 DAGs
[2025-03-20T16:12:23.467-0500] {logging_mixin.py:190} INFO - [2025-03-20T16:12:23.467-0500] {dag.py:3262} INFO - Creating ORM DAG for dataset_with_extra_from_classic_operator
[2025-03-20T16:12:23.467-0500] {logging_mixin.py:190} INFO - [2025-03-20T16:12:23.467-0500] {dag.py:3262} INFO - Creating ORM DAG for dataset_with_extra_by_yield
[2025-03-20T16:12:23.468-0500] {logging_mixin.py:190} INFO - [2025-03-20T16:12:23.468-0500] {dag.py:3262} INFO - Creating ORM DAG for dataset_with_extra_by_context
[2025-03-20T16:12:23.474-0500] {logging_mixin.py:190} INFO - [2025-03-20T16:12:23.473-0500] {dag.py:4180} INFO - Setting next_dagrun for dataset_with_extra_by_context to 2025-03-19 00:00:00+00:00, run_after=2025-03-20 00:00:00+00:00
[2025-03-20T16:12:23.475-0500] {logging_mixin.py:190} INFO - [2025-03-20T16:12:23.475-0500] {dag.py:4180} INFO - Setting next_dagrun for dataset_with_extra_by_yield to 2025-03-19 00:00:00+00:00, run_after=2025-03-20 00:00:00+00:00
[2025-03-20T16:12:23.476-0500] {logging_mixin.py:190} INFO - [2025-03-20T16:12:23.476-0500] {dag.py:4180} INFO - Setting next_dagrun for dataset_with_extra_from_classic_operator to 2025-03-19 00:00:00+00:00, run_after=2025-03-20 00:00:00+00:00
[2025-03-20T16:12:23.502-0500] {processor.py:208} INFO - Processing /home/luis/Proyectos/PrecioDeDepartamentos/Precios-depas-git/ProyectoDepas/2.0.StaggingLayer/StagingLayerProject/.venv/lib/python3.10/site-packages/airflow/example_dags/example_outlet_event_extra.py took 0.844 seconds
