[2025-03-22T15:59:08.972-0500] {local_task_job_runner.py:123} INFO - ::group::Pre task execution logs
[2025-03-22T15:59:08.979-0500] {taskinstance.py:2614} INFO - Dependencies all met for dep_context=non-requeueable deps ti=<TaskInstance: proceso_etl.tarea_formateo manual__2025-03-22T20:59:04.192084+00:00 [queued]>
[2025-03-22T15:59:08.984-0500] {taskinstance.py:2614} INFO - Dependencies all met for dep_context=requeueable deps ti=<TaskInstance: proceso_etl.tarea_formateo manual__2025-03-22T20:59:04.192084+00:00 [queued]>
[2025-03-22T15:59:08.984-0500] {taskinstance.py:2867} INFO - Starting attempt 1 of 2
[2025-03-22T15:59:09.007-0500] {taskinstance.py:2890} INFO - Executing <Task(PythonOperator): tarea_formateo> on 2025-03-22 20:59:04.192084+00:00
[2025-03-22T15:59:09.014-0500] {standard_task_runner.py:72} INFO - Started process 26009 to run task
[2025-03-22T15:59:09.016-0500] {standard_task_runner.py:104} INFO - Running: ['airflow', 'tasks', 'run', 'proceso_etl', 'tarea_formateo', 'manual__2025-03-22T20:59:04.192084+00:00', '--job-id', '73', '--raw', '--subdir', 'DAGS_FOLDER/dag_etl.py', '--cfg-path', '/tmp/tmphmzr4kc_']
[2025-03-22T15:59:09.018-0500] {standard_task_runner.py:105} INFO - Job 73: Subtask tarea_formateo
[2025-03-22T15:59:09.047-0500] {task_command.py:467} INFO - Running <TaskInstance: proceso_etl.tarea_formateo manual__2025-03-22T20:59:04.192084+00:00 [running]> on host luis-GF65
[2025-03-22T15:59:09.121-0500] {taskinstance.py:3134} INFO - Exporting env vars: AIRFLOW_CTX_DAG_OWNER='airflow' AIRFLOW_CTX_DAG_ID='proceso_etl' AIRFLOW_CTX_TASK_ID='tarea_formateo' AIRFLOW_CTX_EXECUTION_DATE='2025-03-22T20:59:04.192084+00:00' AIRFLOW_CTX_TRY_NUMBER='1' AIRFLOW_CTX_DAG_RUN_ID='manual__2025-03-22T20:59:04.192084+00:00'
[2025-03-22T15:59:09.122-0500] {taskinstance.py:732} INFO - ::endgroup::
[2025-03-22T15:59:11.296-0500] {logging_mixin.py:190} INFO - Hay 231 archivos en el folder data/rawdata/
[2025-03-22T15:59:11.296-0500] {formateo.py:45} INFO - Descargando todos los archivos
[2025-03-22T15:59:30.933-0500] {formateo.py:57} INFO - Descargado 11 de 231 archivos
[2025-03-22T15:59:32.604-0500] {formateo.py:57} INFO - Descargado 12 de 231 archivos
[2025-03-22T15:59:34.497-0500] {formateo.py:57} INFO - Descargado 13 de 231 archivos
[2025-03-22T15:59:36.134-0500] {formateo.py:57} INFO - Descargado 14 de 231 archivos
[2025-03-22T15:59:37.929-0500] {formateo.py:57} INFO - Descargado 15 de 231 archivos
[2025-03-22T15:59:39.513-0500] {formateo.py:57} INFO - Descargado 16 de 231 archivos
[2025-03-22T15:59:41.152-0500] {formateo.py:57} INFO - Descargado 17 de 231 archivos
[2025-03-22T15:59:43.213-0500] {formateo.py:57} INFO - Descargado 18 de 231 archivos
[2025-03-22T15:59:45.604-0500] {formateo.py:57} INFO - Descargado 19 de 231 archivos
[2025-03-22T15:59:47.241-0500] {formateo.py:57} INFO - Descargado 20 de 231 archivos
[2025-03-22T15:59:48.321-0500] {formateo.py:57} INFO - Descargado 21 de 231 archivos
[2025-03-22T15:59:50.060-0500] {formateo.py:57} INFO - Descargado 22 de 231 archivos
[2025-03-22T15:59:52.263-0500] {formateo.py:57} INFO - Descargado 23 de 231 archivos
[2025-03-22T15:59:54.102-0500] {formateo.py:57} INFO - Descargado 24 de 231 archivos
[2025-03-22T15:59:54.818-0500] {formateo.py:57} INFO - Descargado 25 de 231 archivos
[2025-03-22T15:59:56.562-0500] {formateo.py:57} INFO - Descargado 26 de 231 archivos
[2025-03-22T15:59:58.182-0500] {formateo.py:57} INFO - Descargado 27 de 231 archivos
[2025-03-22T15:59:58.879-0500] {formateo.py:57} INFO - Descargado 28 de 231 archivos
[2025-03-22T16:00:00.634-0500] {formateo.py:57} INFO - Descargado 29 de 231 archivos
[2025-03-22T16:00:02.294-0500] {formateo.py:57} INFO - Descargado 30 de 231 archivos
[2025-03-22T16:00:04.044-0500] {formateo.py:57} INFO - Descargado 31 de 231 archivos
[2025-03-22T16:00:04.847-0500] {formateo.py:57} INFO - Descargado 32 de 231 archivos
[2025-03-22T16:00:06.596-0500] {formateo.py:57} INFO - Descargado 33 de 231 archivos
[2025-03-22T16:00:08.350-0500] {formateo.py:57} INFO - Descargado 34 de 231 archivos
[2025-03-22T16:00:10.154-0500] {formateo.py:57} INFO - Descargado 35 de 231 archivos
[2025-03-22T16:00:11.846-0500] {formateo.py:57} INFO - Descargado 36 de 231 archivos
[2025-03-22T16:00:13.576-0500] {formateo.py:57} INFO - Descargado 37 de 231 archivos
[2025-03-22T16:00:15.719-0500] {formateo.py:57} INFO - Descargado 38 de 231 archivos
[2025-03-22T16:00:17.347-0500] {formateo.py:57} INFO - Descargado 39 de 231 archivos
[2025-03-22T16:00:19.118-0500] {formateo.py:57} INFO - Descargado 40 de 231 archivos
[2025-03-22T16:00:20.824-0500] {formateo.py:57} INFO - Descargado 41 de 231 archivos
[2025-03-22T16:00:21.859-0500] {formateo.py:57} INFO - Descargado 42 de 231 archivos
[2025-03-22T16:00:23.588-0500] {formateo.py:57} INFO - Descargado 43 de 231 archivos
[2025-03-22T16:00:25.331-0500] {formateo.py:57} INFO - Descargado 44 de 231 archivos
[2025-03-22T16:00:26.250-0500] {formateo.py:57} INFO - Descargado 45 de 231 archivos
[2025-03-22T16:00:28.002-0500] {formateo.py:57} INFO - Descargado 46 de 231 archivos
[2025-03-22T16:00:28.809-0500] {formateo.py:57} INFO - Descargado 47 de 231 archivos
[2025-03-22T16:00:29.631-0500] {formateo.py:57} INFO - Descargado 48 de 231 archivos
[2025-03-22T16:00:30.351-0500] {formateo.py:57} INFO - Descargado 49 de 231 archivos
[2025-03-22T16:00:31.168-0500] {formateo.py:57} INFO - Descargado 50 de 231 archivos
[2025-03-22T16:00:32.907-0500] {formateo.py:57} INFO - Descargado 51 de 231 archivos
[2025-03-22T16:00:34.547-0500] {formateo.py:57} INFO - Descargado 52 de 231 archivos
[2025-03-22T16:00:36.398-0500] {formateo.py:57} INFO - Descargado 53 de 231 archivos
[2025-03-22T16:00:38.148-0500] {formateo.py:57} INFO - Descargado 54 de 231 archivos
[2025-03-22T16:00:39.909-0500] {formateo.py:57} INFO - Descargado 55 de 231 archivos
[2025-03-22T16:00:40.689-0500] {formateo.py:57} INFO - Descargado 56 de 231 archivos
[2025-03-22T16:00:42.851-0500] {formateo.py:57} INFO - Descargado 57 de 231 archivos
[2025-03-22T16:00:44.523-0500] {formateo.py:57} INFO - Descargado 58 de 231 archivos
[2025-03-22T16:00:45.338-0500] {formateo.py:57} INFO - Descargado 59 de 231 archivos
[2025-03-22T16:00:46.965-0500] {formateo.py:57} INFO - Descargado 60 de 231 archivos
[2025-03-22T16:00:47.782-0500] {formateo.py:57} INFO - Descargado 61 de 231 archivos
[2025-03-22T16:00:48.638-0500] {formateo.py:57} INFO - Descargado 62 de 231 archivos
[2025-03-22T16:00:50.454-0500] {formateo.py:57} INFO - Descargado 63 de 231 archivos
[2025-03-22T16:00:52.313-0500] {formateo.py:57} INFO - Descargado 64 de 231 archivos
[2025-03-22T16:00:54.185-0500] {formateo.py:57} INFO - Descargado 65 de 231 archivos
[2025-03-22T16:00:54.959-0500] {formateo.py:57} INFO - Descargado 66 de 231 archivos
[2025-03-22T16:00:57.301-0500] {formateo.py:57} INFO - Descargado 67 de 231 archivos
[2025-03-22T16:01:01.452-0500] {formateo.py:57} INFO - Descargado 68 de 231 archivos
[2025-03-22T16:01:03.310-0500] {formateo.py:57} INFO - Descargado 69 de 231 archivos
[2025-03-22T16:01:05.107-0500] {formateo.py:57} INFO - Descargado 70 de 231 archivos
[2025-03-22T16:01:06.928-0500] {formateo.py:57} INFO - Descargado 71 de 231 archivos
[2025-03-22T16:01:07.782-0500] {formateo.py:57} INFO - Descargado 72 de 231 archivos
[2025-03-22T16:01:09.583-0500] {formateo.py:57} INFO - Descargado 73 de 231 archivos
[2025-03-22T16:01:11.330-0500] {formateo.py:57} INFO - Descargado 74 de 231 archivos
[2025-03-22T16:01:12.170-0500] {formateo.py:57} INFO - Descargado 75 de 231 archivos
[2025-03-22T16:01:13.930-0500] {formateo.py:57} INFO - Descargado 76 de 231 archivos
[2025-03-22T16:01:15.733-0500] {formateo.py:57} INFO - Descargado 77 de 231 archivos
[2025-03-22T16:01:17.480-0500] {formateo.py:57} INFO - Descargado 78 de 231 archivos
[2025-03-22T16:01:19.414-0500] {formateo.py:57} INFO - Descargado 79 de 231 archivos
[2025-03-22T16:01:21.639-0500] {formateo.py:57} INFO - Descargado 80 de 231 archivos
[2025-03-22T16:01:23.322-0500] {formateo.py:57} INFO - Descargado 81 de 231 archivos
[2025-03-22T16:01:25.176-0500] {formateo.py:57} INFO - Descargado 82 de 231 archivos
[2025-03-22T16:01:25.990-0500] {formateo.py:57} INFO - Descargado 83 de 231 archivos
[2025-03-22T16:01:27.743-0500] {formateo.py:57} INFO - Descargado 84 de 231 archivos
[2025-03-22T16:01:29.457-0500] {formateo.py:57} INFO - Descargado 85 de 231 archivos
[2025-03-22T16:01:30.301-0500] {formateo.py:57} INFO - Descargado 86 de 231 archivos
[2025-03-22T16:01:32.255-0500] {formateo.py:57} INFO - Descargado 87 de 231 archivos
[2025-03-22T16:01:33.938-0500] {formateo.py:57} INFO - Descargado 88 de 231 archivos
[2025-03-22T16:01:35.754-0500] {formateo.py:57} INFO - Descargado 89 de 231 archivos
[2025-03-22T16:01:37.672-0500] {formateo.py:57} INFO - Descargado 90 de 231 archivos
[2025-03-22T16:01:39.395-0500] {formateo.py:57} INFO - Descargado 91 de 231 archivos
[2025-03-22T16:01:40.214-0500] {formateo.py:57} INFO - Descargado 92 de 231 archivos
[2025-03-22T16:01:41.956-0500] {formateo.py:57} INFO - Descargado 93 de 231 archivos
[2025-03-22T16:01:43.670-0500] {formateo.py:57} INFO - Descargado 94 de 231 archivos
[2025-03-22T16:01:45.519-0500] {formateo.py:57} INFO - Descargado 95 de 231 archivos
[2025-03-22T16:01:47.294-0500] {formateo.py:57} INFO - Descargado 96 de 231 archivos
[2025-03-22T16:01:49.037-0500] {formateo.py:57} INFO - Descargado 97 de 231 archivos
[2025-03-22T16:01:50.772-0500] {formateo.py:57} INFO - Descargado 98 de 231 archivos
[2025-03-22T16:01:52.493-0500] {formateo.py:57} INFO - Descargado 99 de 231 archivos
[2025-03-22T16:01:53.198-0500] {formateo.py:57} INFO - Descargado 100 de 231 archivos
[2025-03-22T16:01:54.956-0500] {formateo.py:57} INFO - Descargado 101 de 231 archivos
[2025-03-22T16:01:55.776-0500] {formateo.py:57} INFO - Descargado 102 de 231 archivos
[2025-03-22T16:01:56.561-0500] {formateo.py:57} INFO - Descargado 103 de 231 archivos
[2025-03-22T16:01:58.371-0500] {formateo.py:57} INFO - Descargado 104 de 231 archivos
[2025-03-22T16:02:00.222-0500] {formateo.py:57} INFO - Descargado 105 de 231 archivos
[2025-03-22T16:02:01.140-0500] {formateo.py:57} INFO - Descargado 106 de 231 archivos
[2025-03-22T16:02:02.920-0500] {formateo.py:57} INFO - Descargado 107 de 231 archivos
[2025-03-22T16:02:05.163-0500] {formateo.py:57} INFO - Descargado 108 de 231 archivos
[2025-03-22T16:02:06.948-0500] {formateo.py:57} INFO - Descargado 109 de 231 archivos
[2025-03-22T16:02:08.673-0500] {formateo.py:57} INFO - Descargado 110 de 231 archivos
[2025-03-22T16:02:10.422-0500] {formateo.py:57} INFO - Descargado 111 de 231 archivos
[2025-03-22T16:02:12.171-0500] {formateo.py:57} INFO - Descargado 112 de 231 archivos
[2025-03-22T16:02:14.005-0500] {formateo.py:57} INFO - Descargado 113 de 231 archivos
[2025-03-22T16:02:15.018-0500] {formateo.py:57} INFO - Descargado 114 de 231 archivos
[2025-03-22T16:02:16.788-0500] {formateo.py:57} INFO - Descargado 115 de 231 archivos
[2025-03-22T16:02:18.412-0500] {formateo.py:57} INFO - Descargado 116 de 231 archivos
[2025-03-22T16:02:20.397-0500] {formateo.py:57} INFO - Descargado 117 de 231 archivos
[2025-03-22T16:02:22.143-0500] {formateo.py:57} INFO - Descargado 118 de 231 archivos
[2025-03-22T16:02:23.933-0500] {formateo.py:57} INFO - Descargado 119 de 231 archivos
[2025-03-22T16:02:25.019-0500] {formateo.py:57} INFO - Descargado 120 de 231 archivos
[2025-03-22T16:02:26.768-0500] {formateo.py:57} INFO - Descargado 121 de 231 archivos
[2025-03-22T16:02:28.554-0500] {formateo.py:57} INFO - Descargado 122 de 231 archivos
[2025-03-22T16:02:30.556-0500] {formateo.py:57} INFO - Descargado 123 de 231 archivos
[2025-03-22T16:02:32.353-0500] {formateo.py:57} INFO - Descargado 124 de 231 archivos
[2025-03-22T16:02:34.155-0500] {formateo.py:57} INFO - Descargado 125 de 231 archivos
[2025-03-22T16:02:36.011-0500] {formateo.py:57} INFO - Descargado 126 de 231 archivos
[2025-03-22T16:02:36.772-0500] {formateo.py:57} INFO - Descargado 127 de 231 archivos
[2025-03-22T16:02:38.472-0500] {formateo.py:57} INFO - Descargado 128 de 231 archivos
[2025-03-22T16:02:40.169-0500] {formateo.py:57} INFO - Descargado 129 de 231 archivos
[2025-03-22T16:02:42.025-0500] {formateo.py:57} INFO - Descargado 130 de 231 archivos
[2025-03-22T16:02:42.974-0500] {formateo.py:57} INFO - Descargado 131 de 231 archivos
[2025-03-22T16:02:43.777-0500] {formateo.py:57} INFO - Descargado 132 de 231 archivos
[2025-03-22T16:02:45.620-0500] {formateo.py:57} INFO - Descargado 133 de 231 archivos
[2025-03-22T16:02:47.601-0500] {formateo.py:57} INFO - Descargado 134 de 231 archivos
[2025-03-22T16:02:49.504-0500] {formateo.py:57} INFO - Descargado 135 de 231 archivos
[2025-03-22T16:02:50.448-0500] {formateo.py:57} INFO - Descargado 136 de 231 archivos
[2025-03-22T16:02:52.299-0500] {formateo.py:57} INFO - Descargado 137 de 231 archivos
[2025-03-22T16:02:53.234-0500] {formateo.py:57} INFO - Descargado 138 de 231 archivos
[2025-03-22T16:02:55.535-0500] {formateo.py:57} INFO - Descargado 139 de 231 archivos
[2025-03-22T16:02:56.414-0500] {formateo.py:57} INFO - Descargado 140 de 231 archivos
[2025-03-22T16:02:58.161-0500] {formateo.py:57} INFO - Descargado 141 de 231 archivos
[2025-03-22T16:03:00.146-0500] {formateo.py:57} INFO - Descargado 142 de 231 archivos
[2025-03-22T16:03:02.089-0500] {formateo.py:57} INFO - Descargado 143 de 231 archivos
[2025-03-22T16:03:03.804-0500] {formateo.py:57} INFO - Descargado 144 de 231 archivos
[2025-03-22T16:03:04.722-0500] {formateo.py:57} INFO - Descargado 145 de 231 archivos
[2025-03-22T16:03:06.553-0500] {formateo.py:57} INFO - Descargado 146 de 231 archivos
[2025-03-22T16:03:08.417-0500] {formateo.py:57} INFO - Descargado 147 de 231 archivos
[2025-03-22T16:03:10.320-0500] {formateo.py:57} INFO - Descargado 148 de 231 archivos
[2025-03-22T16:03:12.284-0500] {formateo.py:57} INFO - Descargado 149 de 231 archivos
[2025-03-22T16:03:14.063-0500] {formateo.py:57} INFO - Descargado 150 de 231 archivos
[2025-03-22T16:03:15.798-0500] {formateo.py:57} INFO - Descargado 151 de 231 archivos
[2025-03-22T16:03:16.580-0500] {formateo.py:57} INFO - Descargado 152 de 231 archivos
[2025-03-22T16:03:18.462-0500] {formateo.py:57} INFO - Descargado 153 de 231 archivos
[2025-03-22T16:03:20.406-0500] {formateo.py:57} INFO - Descargado 154 de 231 archivos
[2025-03-22T16:03:22.482-0500] {formateo.py:57} INFO - Descargado 155 de 231 archivos
[2025-03-22T16:03:24.314-0500] {formateo.py:57} INFO - Descargado 156 de 231 archivos
[2025-03-22T16:03:26.161-0500] {formateo.py:57} INFO - Descargado 157 de 231 archivos
[2025-03-22T16:03:27.399-0500] {formateo.py:57} INFO - Descargado 158 de 231 archivos
[2025-03-22T16:03:29.133-0500] {formateo.py:57} INFO - Descargado 159 de 231 archivos
[2025-03-22T16:03:30.250-0500] {formateo.py:57} INFO - Descargado 160 de 231 archivos
[2025-03-22T16:03:32.109-0500] {formateo.py:57} INFO - Descargado 161 de 231 archivos
[2025-03-22T16:03:33.949-0500] {formateo.py:57} INFO - Descargado 162 de 231 archivos
[2025-03-22T16:03:34.876-0500] {formateo.py:57} INFO - Descargado 163 de 231 archivos
[2025-03-22T16:03:36.705-0500] {formateo.py:57} INFO - Descargado 164 de 231 archivos
[2025-03-22T16:03:38.472-0500] {formateo.py:57} INFO - Descargado 165 de 231 archivos
[2025-03-22T16:03:39.254-0500] {formateo.py:57} INFO - Descargado 166 de 231 archivos
[2025-03-22T16:03:41.005-0500] {formateo.py:57} INFO - Descargado 167 de 231 archivos
[2025-03-22T16:03:43.315-0500] {formateo.py:57} INFO - Descargado 168 de 231 archivos
[2025-03-22T16:03:44.182-0500] {formateo.py:57} INFO - Descargado 169 de 231 archivos
[2025-03-22T16:03:46.137-0500] {formateo.py:57} INFO - Descargado 170 de 231 archivos
[2025-03-22T16:03:47.936-0500] {formateo.py:57} INFO - Descargado 171 de 231 archivos
[2025-03-22T16:03:48.810-0500] {formateo.py:57} INFO - Descargado 172 de 231 archivos
[2025-03-22T16:03:50.552-0500] {formateo.py:57} INFO - Descargado 173 de 231 archivos
[2025-03-22T16:03:51.302-0500] {formateo.py:57} INFO - Descargado 174 de 231 archivos
[2025-03-22T16:03:53.162-0500] {formateo.py:57} INFO - Descargado 175 de 231 archivos
[2025-03-22T16:03:54.966-0500] {formateo.py:57} INFO - Descargado 176 de 231 archivos
[2025-03-22T16:03:56.190-0500] {formateo.py:57} INFO - Descargado 177 de 231 archivos
[2025-03-22T16:03:57.931-0500] {formateo.py:57} INFO - Descargado 178 de 231 archivos
[2025-03-22T16:03:58.752-0500] {formateo.py:57} INFO - Descargado 179 de 231 archivos
[2025-03-22T16:04:00.494-0500] {formateo.py:57} INFO - Descargado 180 de 231 archivos
[2025-03-22T16:04:02.220-0500] {formateo.py:57} INFO - Descargado 181 de 231 archivos
[2025-03-22T16:04:03.975-0500] {formateo.py:57} INFO - Descargado 182 de 231 archivos
[2025-03-22T16:04:04.817-0500] {formateo.py:57} INFO - Descargado 183 de 231 archivos
[2025-03-22T16:04:06.891-0500] {formateo.py:57} INFO - Descargado 184 de 231 archivos
[2025-03-22T16:04:07.751-0500] {formateo.py:57} INFO - Descargado 185 de 231 archivos
[2025-03-22T16:04:09.705-0500] {formateo.py:57} INFO - Descargado 186 de 231 archivos
[2025-03-22T16:04:16.617-0500] {formateo.py:57} INFO - Descargado 187 de 231 archivos
[2025-03-22T16:04:17.554-0500] {formateo.py:57} INFO - Descargado 188 de 231 archivos
[2025-03-22T16:04:19.342-0500] {formateo.py:57} INFO - Descargado 189 de 231 archivos
[2025-03-22T16:04:20.266-0500] {formateo.py:57} INFO - Descargado 190 de 231 archivos
[2025-03-22T16:04:21.166-0500] {formateo.py:57} INFO - Descargado 191 de 231 archivos
[2025-03-22T16:04:23.057-0500] {formateo.py:57} INFO - Descargado 192 de 231 archivos
[2025-03-22T16:04:24.722-0500] {formateo.py:57} INFO - Descargado 193 de 231 archivos
[2025-03-22T16:04:26.589-0500] {formateo.py:57} INFO - Descargado 194 de 231 archivos
[2025-03-22T16:04:28.459-0500] {formateo.py:57} INFO - Descargado 195 de 231 archivos
[2025-03-22T16:04:29.268-0500] {formateo.py:57} INFO - Descargado 196 de 231 archivos
[2025-03-22T16:04:30.927-0500] {formateo.py:57} INFO - Descargado 197 de 231 archivos
[2025-03-22T16:04:32.665-0500] {formateo.py:57} INFO - Descargado 198 de 231 archivos
[2025-03-22T16:04:34.526-0500] {formateo.py:57} INFO - Descargado 199 de 231 archivos
[2025-03-22T16:04:36.339-0500] {formateo.py:57} INFO - Descargado 200 de 231 archivos
[2025-03-22T16:04:38.051-0500] {formateo.py:57} INFO - Descargado 201 de 231 archivos
[2025-03-22T16:04:38.911-0500] {formateo.py:57} INFO - Descargado 202 de 231 archivos
[2025-03-22T16:04:40.760-0500] {formateo.py:57} INFO - Descargado 203 de 231 archivos
[2025-03-22T16:04:42.486-0500] {formateo.py:57} INFO - Descargado 204 de 231 archivos
[2025-03-22T16:04:44.463-0500] {formateo.py:57} INFO - Descargado 205 de 231 archivos
[2025-03-22T16:04:46.260-0500] {formateo.py:57} INFO - Descargado 206 de 231 archivos
[2025-03-22T16:04:49.535-0500] {formateo.py:57} INFO - Descargado 207 de 231 archivos
[2025-03-22T16:04:51.601-0500] {formateo.py:57} INFO - Descargado 208 de 231 archivos
[2025-03-22T16:04:52.389-0500] {formateo.py:57} INFO - Descargado 209 de 231 archivos
[2025-03-22T16:04:54.258-0500] {formateo.py:57} INFO - Descargado 210 de 231 archivos
[2025-03-22T16:04:55.033-0500] {formateo.py:57} INFO - Descargado 211 de 231 archivos
[2025-03-22T16:04:57.249-0500] {formateo.py:57} INFO - Descargado 212 de 231 archivos
[2025-03-22T16:04:59.242-0500] {formateo.py:57} INFO - Descargado 213 de 231 archivos
[2025-03-22T16:05:02.425-0500] {formateo.py:57} INFO - Descargado 214 de 231 archivos
[2025-03-22T16:05:03.439-0500] {formateo.py:57} INFO - Descargado 215 de 231 archivos
[2025-03-22T16:05:05.175-0500] {formateo.py:57} INFO - Descargado 216 de 231 archivos
[2025-03-22T16:05:06.496-0500] {formateo.py:57} INFO - Descargado 217 de 231 archivos
[2025-03-22T16:05:08.243-0500] {formateo.py:57} INFO - Descargado 218 de 231 archivos
[2025-03-22T16:05:09.978-0500] {formateo.py:57} INFO - Descargado 219 de 231 archivos
[2025-03-22T16:05:11.798-0500] {formateo.py:57} INFO - Descargado 220 de 231 archivos
[2025-03-22T16:05:12.741-0500] {formateo.py:57} INFO - Descargado 221 de 231 archivos
[2025-03-22T16:05:13.565-0500] {formateo.py:57} INFO - Descargado 222 de 231 archivos
[2025-03-22T16:05:15.716-0500] {formateo.py:57} INFO - Descargado 223 de 231 archivos
[2025-03-22T16:05:17.820-0500] {formateo.py:57} INFO - Descargado 224 de 231 archivos
[2025-03-22T16:05:18.669-0500] {formateo.py:57} INFO - Descargado 225 de 231 archivos
[2025-03-22T16:05:20.440-0500] {formateo.py:57} INFO - Descargado 226 de 231 archivos
[2025-03-22T16:05:22.657-0500] {formateo.py:57} INFO - Descargado 227 de 231 archivos
[2025-03-22T16:05:23.524-0500] {formateo.py:57} INFO - Descargado 228 de 231 archivos
[2025-03-22T16:05:24.376-0500] {formateo.py:57} INFO - Descargado 229 de 231 archivos
[2025-03-22T16:05:26.102-0500] {formateo.py:57} INFO - Descargado 230 de 231 archivos
[2025-03-22T16:05:26.951-0500] {formateo.py:57} INFO - Descargado 231 de 231 archivos
[2025-03-22T16:05:31.703-0500] {python.py:240} INFO - Done. Returned value was: None
[2025-03-22T16:05:31.706-0500] {taskinstance.py:341} INFO - ::group::Post task execution logs
[2025-03-22T16:05:31.706-0500] {taskinstance.py:353} INFO - Marking task as SUCCESS. dag_id=proceso_etl, task_id=tarea_formateo, run_id=manual__2025-03-22T20:59:04.192084+00:00, execution_date=20250322T205904, start_date=20250322T205908, end_date=20250322T210531
[2025-03-22T16:05:31.780-0500] {local_task_job_runner.py:266} INFO - Task exited with return code 0
[2025-03-22T16:05:31.792-0500] {taskinstance.py:3901} INFO - 1 downstream tasks scheduled from follow-on schedule check
[2025-03-22T16:05:31.802-0500] {local_task_job_runner.py:245} INFO - ::endgroup::
