[2025-03-20T19:30:55.754-0500] {local_task_job_runner.py:123} INFO - ::group::Pre task execution logs
[2025-03-20T19:30:55.764-0500] {taskinstance.py:2614} INFO - Dependencies all met for dep_context=non-requeueable deps ti=<TaskInstance: proceso_etl.carga_csv_a_bq manual__2025-03-21T00:28:19.235584+00:00 [queued]>
[2025-03-20T19:30:55.769-0500] {taskinstance.py:2614} INFO - Dependencies all met for dep_context=requeueable deps ti=<TaskInstance: proceso_etl.carga_csv_a_bq manual__2025-03-21T00:28:19.235584+00:00 [queued]>
[2025-03-20T19:30:55.770-0500] {taskinstance.py:2867} INFO - Starting attempt 1 of 2
[2025-03-20T19:30:55.790-0500] {taskinstance.py:2890} INFO - Executing <Task(GCSToBigQueryOperator): carga_csv_a_bq> on 2025-03-21 00:28:19.235584+00:00
[2025-03-20T19:30:55.798-0500] {standard_task_runner.py:72} INFO - Started process 52203 to run task
[2025-03-20T19:30:55.801-0500] {standard_task_runner.py:104} INFO - Running: ['airflow', 'tasks', 'run', 'proceso_etl', 'carga_csv_a_bq', 'manual__2025-03-21T00:28:19.235584+00:00', '--job-id', '52', '--raw', '--subdir', 'DAGS_FOLDER/dag_etl.py', '--cfg-path', '/tmp/tmpg8srcrlb']
[2025-03-20T19:30:55.803-0500] {standard_task_runner.py:105} INFO - Job 52: Subtask carga_csv_a_bq
[2025-03-20T19:30:55.838-0500] {task_command.py:467} INFO - Running <TaskInstance: proceso_etl.carga_csv_a_bq manual__2025-03-21T00:28:19.235584+00:00 [running]> on host luis-GF65
[2025-03-20T19:30:55.915-0500] {taskinstance.py:3134} INFO - Exporting env vars: AIRFLOW_CTX_DAG_OWNER='airflow' AIRFLOW_CTX_DAG_ID='proceso_etl' AIRFLOW_CTX_TASK_ID='carga_csv_a_bq' AIRFLOW_CTX_EXECUTION_DATE='2025-03-21T00:28:19.235584+00:00' AIRFLOW_CTX_TRY_NUMBER='1' AIRFLOW_CTX_DAG_RUN_ID='manual__2025-03-21T00:28:19.235584+00:00'
[2025-03-20T19:30:55.915-0500] {taskinstance.py:732} INFO - ::endgroup::
[2025-03-20T19:30:55.929-0500] {connection.py:277} WARNING - Connection schemes (type: google_cloud_platform) shall not contain '_' according to RFC3986.
[2025-03-20T19:30:55.929-0500] {base.py:84} INFO - Retrieving connection 'google_cloud_default'
[2025-03-20T19:30:55.930-0500] {gcs_to_bigquery.py:387} INFO - Using existing BigQuery table for storing data...
[2025-03-20T19:30:55.930-0500] {credentials_provider.py:409} INFO - Getting connection using `google.auth.default()` since no explicit credentials are provided.
[2025-03-20T19:30:55.979-0500] {gcs_to_bigquery.py:391} INFO - Executing: {'load': {'autodetect': True, 'createDisposition': 'CREATE_IF_NEEDED', 'destinationTable': {'projectId': 'first-outlet-454113-e2', 'datasetId': 'alquiler_depas_lima', 'tableId': 'precios_depas_lima'}, 'sourceFormat': 'CSV', 'sourceUris': ['gs://us-central1-composer-dev-lu-620fcc1f-bucket/data/csv/data_limpieza_20250320_193046.csv'], 'writeDisposition': 'WRITE_TRUNCATE', 'ignoreUnknownValues': True, 'skipLeadingRows': 1, 'fieldDelimiter': ',', 'quote': None, 'allowQuotedNewlines': False, 'encoding': 'UTF-8', 'allowJaggedRows': True}}
[2025-03-20T19:30:55.980-0500] {bigquery.py:1344} INFO - Inserting job airflow_proceso_etl_carga_csv_a_bq_2025_03_21T00_28_19_235584_00_00_2b7a21a98e98f7cc331801270dca27d4
[2025-03-20T19:31:02.960-0500] {taskinstance.py:341} INFO - ::group::Post task execution logs
[2025-03-20T19:31:02.960-0500] {taskinstance.py:353} INFO - Marking task as SUCCESS. dag_id=proceso_etl, task_id=carga_csv_a_bq, run_id=manual__2025-03-21T00:28:19.235584+00:00, execution_date=20250321T002819, start_date=20250321T003055, end_date=20250321T003102
[2025-03-20T19:31:03.022-0500] {local_task_job_runner.py:266} INFO - Task exited with return code 0
[2025-03-20T19:31:03.028-0500] {taskinstance.py:3901} INFO - 0 downstream tasks scheduled from follow-on schedule check
[2025-03-20T19:31:03.028-0500] {local_task_job_runner.py:245} INFO - ::endgroup::
