[2025-03-21T15:17:10.233-0500] {processor.py:186} INFO - Started process (PID=15365) to work on /home/luis/Proyectos/PrecioDeDepartamentos/Precios-depas-git/ProyectoDepas/2.0.StaggingLayer/StagingLayerProject/Pipeline/dags/dag_gcp_to_bigquery.py
[2025-03-21T15:17:10.233-0500] {processor.py:914} INFO - Processing file /home/luis/Proyectos/PrecioDeDepartamentos/Precios-depas-git/ProyectoDepas/2.0.StaggingLayer/StagingLayerProject/Pipeline/dags/dag_gcp_to_bigquery.py for tasks to queue
[2025-03-21T15:17:10.234-0500] {logging_mixin.py:190} INFO - [2025-03-21T15:17:10.234-0500] {dagbag.py:588} INFO - Filling up the DagBag from /home/luis/Proyectos/PrecioDeDepartamentos/Precios-depas-git/ProyectoDepas/2.0.StaggingLayer/StagingLayerProject/Pipeline/dags/dag_gcp_to_bigquery.py
[2025-03-21T15:17:10.242-0500] {processor.py:925} INFO - DAG(s) 'gcp_to_bigquery' retrieved from /home/luis/Proyectos/PrecioDeDepartamentos/Precios-depas-git/ProyectoDepas/2.0.StaggingLayer/StagingLayerProject/Pipeline/dags/dag_gcp_to_bigquery.py
[2025-03-21T15:17:10.331-0500] {logging_mixin.py:190} INFO - [2025-03-21T15:17:10.330-0500] {override.py:1930} INFO - Created Permission View: can delete on DAG:gcp_to_bigquery
[2025-03-21T15:17:10.351-0500] {logging_mixin.py:190} INFO - [2025-03-21T15:17:10.350-0500] {override.py:1930} INFO - Created Permission View: can read on DAG:gcp_to_bigquery
[2025-03-21T15:17:10.365-0500] {logging_mixin.py:190} INFO - [2025-03-21T15:17:10.364-0500] {override.py:1930} INFO - Created Permission View: can edit on DAG:gcp_to_bigquery
[2025-03-21T15:17:10.388-0500] {logging_mixin.py:190} INFO - [2025-03-21T15:17:10.387-0500] {override.py:1930} INFO - Created Permission View: can create on DAG Run:gcp_to_bigquery
[2025-03-21T15:17:10.405-0500] {logging_mixin.py:190} INFO - [2025-03-21T15:17:10.405-0500] {override.py:1930} INFO - Created Permission View: can read on DAG Run:gcp_to_bigquery
[2025-03-21T15:17:10.424-0500] {logging_mixin.py:190} INFO - [2025-03-21T15:17:10.424-0500] {override.py:1930} INFO - Created Permission View: menu access on DAG Run:gcp_to_bigquery
[2025-03-21T15:17:10.438-0500] {logging_mixin.py:190} INFO - [2025-03-21T15:17:10.437-0500] {override.py:1930} INFO - Created Permission View: can delete on DAG Run:gcp_to_bigquery
[2025-03-21T15:17:10.438-0500] {logging_mixin.py:190} INFO - [2025-03-21T15:17:10.438-0500] {dag.py:3239} INFO - Sync 1 DAGs
[2025-03-21T15:17:10.449-0500] {logging_mixin.py:190} INFO - [2025-03-21T15:17:10.449-0500] {dag.py:3262} INFO - Creating ORM DAG for gcp_to_bigquery
[2025-03-21T15:17:10.449-0500] {logging_mixin.py:190} INFO - [2025-03-21T15:17:10.449-0500] {dag.py:4180} INFO - Setting next_dagrun for gcp_to_bigquery to None, run_after=None
[2025-03-21T15:17:10.471-0500] {processor.py:208} INFO - Processing /home/luis/Proyectos/PrecioDeDepartamentos/Precios-depas-git/ProyectoDepas/2.0.StaggingLayer/StagingLayerProject/Pipeline/dags/dag_gcp_to_bigquery.py took 0.242 seconds
[2025-03-21T15:17:42.147-0500] {processor.py:186} INFO - Started process (PID=15523) to work on /home/luis/Proyectos/PrecioDeDepartamentos/Precios-depas-git/ProyectoDepas/2.0.StaggingLayer/StagingLayerProject/Pipeline/dags/dag_gcp_to_bigquery.py
[2025-03-21T15:17:42.155-0500] {processor.py:914} INFO - Processing file /home/luis/Proyectos/PrecioDeDepartamentos/Precios-depas-git/ProyectoDepas/2.0.StaggingLayer/StagingLayerProject/Pipeline/dags/dag_gcp_to_bigquery.py for tasks to queue
[2025-03-21T15:17:42.157-0500] {logging_mixin.py:190} INFO - [2025-03-21T15:17:42.157-0500] {dagbag.py:588} INFO - Filling up the DagBag from /home/luis/Proyectos/PrecioDeDepartamentos/Precios-depas-git/ProyectoDepas/2.0.StaggingLayer/StagingLayerProject/Pipeline/dags/dag_gcp_to_bigquery.py
[2025-03-21T15:17:42.164-0500] {processor.py:925} INFO - DAG(s) 'gcp_to_bigquery' retrieved from /home/luis/Proyectos/PrecioDeDepartamentos/Precios-depas-git/ProyectoDepas/2.0.StaggingLayer/StagingLayerProject/Pipeline/dags/dag_gcp_to_bigquery.py
[2025-03-21T15:17:42.175-0500] {logging_mixin.py:190} INFO - [2025-03-21T15:17:42.175-0500] {dag.py:3239} INFO - Sync 1 DAGs
[2025-03-21T15:17:42.184-0500] {logging_mixin.py:190} INFO - [2025-03-21T15:17:42.183-0500] {dag.py:4180} INFO - Setting next_dagrun for gcp_to_bigquery to None, run_after=None
[2025-03-21T15:17:42.204-0500] {processor.py:208} INFO - Processing /home/luis/Proyectos/PrecioDeDepartamentos/Precios-depas-git/ProyectoDepas/2.0.StaggingLayer/StagingLayerProject/Pipeline/dags/dag_gcp_to_bigquery.py took 0.060 seconds
[2025-03-21T15:18:13.569-0500] {processor.py:186} INFO - Started process (PID=15563) to work on /home/luis/Proyectos/PrecioDeDepartamentos/Precios-depas-git/ProyectoDepas/2.0.StaggingLayer/StagingLayerProject/Pipeline/dags/dag_gcp_to_bigquery.py
[2025-03-21T15:18:13.577-0500] {processor.py:914} INFO - Processing file /home/luis/Proyectos/PrecioDeDepartamentos/Precios-depas-git/ProyectoDepas/2.0.StaggingLayer/StagingLayerProject/Pipeline/dags/dag_gcp_to_bigquery.py for tasks to queue
[2025-03-21T15:18:13.578-0500] {logging_mixin.py:190} INFO - [2025-03-21T15:18:13.578-0500] {dagbag.py:588} INFO - Filling up the DagBag from /home/luis/Proyectos/PrecioDeDepartamentos/Precios-depas-git/ProyectoDepas/2.0.StaggingLayer/StagingLayerProject/Pipeline/dags/dag_gcp_to_bigquery.py
[2025-03-21T15:18:13.585-0500] {processor.py:925} INFO - DAG(s) 'gcp_to_bigquery' retrieved from /home/luis/Proyectos/PrecioDeDepartamentos/Precios-depas-git/ProyectoDepas/2.0.StaggingLayer/StagingLayerProject/Pipeline/dags/dag_gcp_to_bigquery.py
[2025-03-21T15:18:13.595-0500] {logging_mixin.py:190} INFO - [2025-03-21T15:18:13.595-0500] {dag.py:3239} INFO - Sync 1 DAGs
[2025-03-21T15:18:13.603-0500] {logging_mixin.py:190} INFO - [2025-03-21T15:18:13.603-0500] {dag.py:4180} INFO - Setting next_dagrun for gcp_to_bigquery to None, run_after=None
[2025-03-21T15:18:13.624-0500] {processor.py:208} INFO - Processing /home/luis/Proyectos/PrecioDeDepartamentos/Precios-depas-git/ProyectoDepas/2.0.StaggingLayer/StagingLayerProject/Pipeline/dags/dag_gcp_to_bigquery.py took 0.059 seconds
[2025-03-21T15:18:44.843-0500] {processor.py:186} INFO - Started process (PID=15660) to work on /home/luis/Proyectos/PrecioDeDepartamentos/Precios-depas-git/ProyectoDepas/2.0.StaggingLayer/StagingLayerProject/Pipeline/dags/dag_gcp_to_bigquery.py
[2025-03-21T15:18:44.851-0500] {processor.py:914} INFO - Processing file /home/luis/Proyectos/PrecioDeDepartamentos/Precios-depas-git/ProyectoDepas/2.0.StaggingLayer/StagingLayerProject/Pipeline/dags/dag_gcp_to_bigquery.py for tasks to queue
[2025-03-21T15:18:44.853-0500] {logging_mixin.py:190} INFO - [2025-03-21T15:18:44.852-0500] {dagbag.py:588} INFO - Filling up the DagBag from /home/luis/Proyectos/PrecioDeDepartamentos/Precios-depas-git/ProyectoDepas/2.0.StaggingLayer/StagingLayerProject/Pipeline/dags/dag_gcp_to_bigquery.py
[2025-03-21T15:18:44.860-0500] {processor.py:925} INFO - DAG(s) 'gcp_to_bigquery' retrieved from /home/luis/Proyectos/PrecioDeDepartamentos/Precios-depas-git/ProyectoDepas/2.0.StaggingLayer/StagingLayerProject/Pipeline/dags/dag_gcp_to_bigquery.py
[2025-03-21T15:18:44.871-0500] {logging_mixin.py:190} INFO - [2025-03-21T15:18:44.871-0500] {dag.py:3239} INFO - Sync 1 DAGs
[2025-03-21T15:18:44.881-0500] {logging_mixin.py:190} INFO - [2025-03-21T15:18:44.881-0500] {dag.py:4180} INFO - Setting next_dagrun for gcp_to_bigquery to None, run_after=None
[2025-03-21T15:18:44.902-0500] {processor.py:208} INFO - Processing /home/luis/Proyectos/PrecioDeDepartamentos/Precios-depas-git/ProyectoDepas/2.0.StaggingLayer/StagingLayerProject/Pipeline/dags/dag_gcp_to_bigquery.py took 0.063 seconds
[2025-03-21T15:19:16.161-0500] {processor.py:186} INFO - Started process (PID=15792) to work on /home/luis/Proyectos/PrecioDeDepartamentos/Precios-depas-git/ProyectoDepas/2.0.StaggingLayer/StagingLayerProject/Pipeline/dags/dag_gcp_to_bigquery.py
[2025-03-21T15:19:16.162-0500] {processor.py:914} INFO - Processing file /home/luis/Proyectos/PrecioDeDepartamentos/Precios-depas-git/ProyectoDepas/2.0.StaggingLayer/StagingLayerProject/Pipeline/dags/dag_gcp_to_bigquery.py for tasks to queue
[2025-03-21T15:19:16.164-0500] {logging_mixin.py:190} INFO - [2025-03-21T15:19:16.164-0500] {dagbag.py:588} INFO - Filling up the DagBag from /home/luis/Proyectos/PrecioDeDepartamentos/Precios-depas-git/ProyectoDepas/2.0.StaggingLayer/StagingLayerProject/Pipeline/dags/dag_gcp_to_bigquery.py
[2025-03-21T15:19:16.173-0500] {processor.py:925} INFO - DAG(s) 'gcp_to_bigquery' retrieved from /home/luis/Proyectos/PrecioDeDepartamentos/Precios-depas-git/ProyectoDepas/2.0.StaggingLayer/StagingLayerProject/Pipeline/dags/dag_gcp_to_bigquery.py
[2025-03-21T15:19:16.186-0500] {logging_mixin.py:190} INFO - [2025-03-21T15:19:16.185-0500] {dag.py:3239} INFO - Sync 1 DAGs
[2025-03-21T15:19:16.196-0500] {logging_mixin.py:190} INFO - [2025-03-21T15:19:16.196-0500] {dag.py:4180} INFO - Setting next_dagrun for gcp_to_bigquery to None, run_after=None
[2025-03-21T15:19:16.223-0500] {processor.py:208} INFO - Processing /home/luis/Proyectos/PrecioDeDepartamentos/Precios-depas-git/ProyectoDepas/2.0.StaggingLayer/StagingLayerProject/Pipeline/dags/dag_gcp_to_bigquery.py took 0.066 seconds
[2025-03-21T15:19:46.852-0500] {processor.py:186} INFO - Started process (PID=15879) to work on /home/luis/Proyectos/PrecioDeDepartamentos/Precios-depas-git/ProyectoDepas/2.0.StaggingLayer/StagingLayerProject/Pipeline/dags/dag_gcp_to_bigquery.py
[2025-03-21T15:19:46.860-0500] {processor.py:914} INFO - Processing file /home/luis/Proyectos/PrecioDeDepartamentos/Precios-depas-git/ProyectoDepas/2.0.StaggingLayer/StagingLayerProject/Pipeline/dags/dag_gcp_to_bigquery.py for tasks to queue
[2025-03-21T15:19:46.861-0500] {logging_mixin.py:190} INFO - [2025-03-21T15:19:46.861-0500] {dagbag.py:588} INFO - Filling up the DagBag from /home/luis/Proyectos/PrecioDeDepartamentos/Precios-depas-git/ProyectoDepas/2.0.StaggingLayer/StagingLayerProject/Pipeline/dags/dag_gcp_to_bigquery.py
[2025-03-21T15:19:46.870-0500] {processor.py:925} INFO - DAG(s) 'gcp_to_bigquery' retrieved from /home/luis/Proyectos/PrecioDeDepartamentos/Precios-depas-git/ProyectoDepas/2.0.StaggingLayer/StagingLayerProject/Pipeline/dags/dag_gcp_to_bigquery.py
[2025-03-21T15:19:46.883-0500] {logging_mixin.py:190} INFO - [2025-03-21T15:19:46.883-0500] {dag.py:3239} INFO - Sync 1 DAGs
[2025-03-21T15:19:46.893-0500] {logging_mixin.py:190} INFO - [2025-03-21T15:19:46.893-0500] {dag.py:4180} INFO - Setting next_dagrun for gcp_to_bigquery to None, run_after=None
[2025-03-21T15:19:46.929-0500] {processor.py:208} INFO - Processing /home/luis/Proyectos/PrecioDeDepartamentos/Precios-depas-git/ProyectoDepas/2.0.StaggingLayer/StagingLayerProject/Pipeline/dags/dag_gcp_to_bigquery.py took 0.081 seconds
[2025-03-21T15:20:18.638-0500] {processor.py:186} INFO - Started process (PID=15959) to work on /home/luis/Proyectos/PrecioDeDepartamentos/Precios-depas-git/ProyectoDepas/2.0.StaggingLayer/StagingLayerProject/Pipeline/dags/dag_gcp_to_bigquery.py
[2025-03-21T15:20:18.638-0500] {processor.py:914} INFO - Processing file /home/luis/Proyectos/PrecioDeDepartamentos/Precios-depas-git/ProyectoDepas/2.0.StaggingLayer/StagingLayerProject/Pipeline/dags/dag_gcp_to_bigquery.py for tasks to queue
[2025-03-21T15:20:18.640-0500] {logging_mixin.py:190} INFO - [2025-03-21T15:20:18.639-0500] {dagbag.py:588} INFO - Filling up the DagBag from /home/luis/Proyectos/PrecioDeDepartamentos/Precios-depas-git/ProyectoDepas/2.0.StaggingLayer/StagingLayerProject/Pipeline/dags/dag_gcp_to_bigquery.py
[2025-03-21T15:20:18.646-0500] {processor.py:925} INFO - DAG(s) 'gcp_to_bigquery' retrieved from /home/luis/Proyectos/PrecioDeDepartamentos/Precios-depas-git/ProyectoDepas/2.0.StaggingLayer/StagingLayerProject/Pipeline/dags/dag_gcp_to_bigquery.py
[2025-03-21T15:20:18.656-0500] {logging_mixin.py:190} INFO - [2025-03-21T15:20:18.656-0500] {dag.py:3239} INFO - Sync 1 DAGs
[2025-03-21T15:20:18.664-0500] {logging_mixin.py:190} INFO - [2025-03-21T15:20:18.664-0500] {dag.py:4180} INFO - Setting next_dagrun for gcp_to_bigquery to None, run_after=None
[2025-03-21T15:20:18.684-0500] {processor.py:208} INFO - Processing /home/luis/Proyectos/PrecioDeDepartamentos/Precios-depas-git/ProyectoDepas/2.0.StaggingLayer/StagingLayerProject/Pipeline/dags/dag_gcp_to_bigquery.py took 0.049 seconds
[2025-03-21T15:20:49.653-0500] {processor.py:186} INFO - Started process (PID=16039) to work on /home/luis/Proyectos/PrecioDeDepartamentos/Precios-depas-git/ProyectoDepas/2.0.StaggingLayer/StagingLayerProject/Pipeline/dags/dag_gcp_to_bigquery.py
[2025-03-21T15:20:49.661-0500] {processor.py:914} INFO - Processing file /home/luis/Proyectos/PrecioDeDepartamentos/Precios-depas-git/ProyectoDepas/2.0.StaggingLayer/StagingLayerProject/Pipeline/dags/dag_gcp_to_bigquery.py for tasks to queue
[2025-03-21T15:20:49.662-0500] {logging_mixin.py:190} INFO - [2025-03-21T15:20:49.662-0500] {dagbag.py:588} INFO - Filling up the DagBag from /home/luis/Proyectos/PrecioDeDepartamentos/Precios-depas-git/ProyectoDepas/2.0.StaggingLayer/StagingLayerProject/Pipeline/dags/dag_gcp_to_bigquery.py
[2025-03-21T15:20:49.669-0500] {processor.py:925} INFO - DAG(s) 'gcp_to_bigquery' retrieved from /home/luis/Proyectos/PrecioDeDepartamentos/Precios-depas-git/ProyectoDepas/2.0.StaggingLayer/StagingLayerProject/Pipeline/dags/dag_gcp_to_bigquery.py
[2025-03-21T15:20:49.679-0500] {logging_mixin.py:190} INFO - [2025-03-21T15:20:49.679-0500] {dag.py:3239} INFO - Sync 1 DAGs
[2025-03-21T15:20:49.687-0500] {logging_mixin.py:190} INFO - [2025-03-21T15:20:49.686-0500] {dag.py:4180} INFO - Setting next_dagrun for gcp_to_bigquery to None, run_after=None
[2025-03-21T15:20:49.707-0500] {processor.py:208} INFO - Processing /home/luis/Proyectos/PrecioDeDepartamentos/Precios-depas-git/ProyectoDepas/2.0.StaggingLayer/StagingLayerProject/Pipeline/dags/dag_gcp_to_bigquery.py took 0.058 seconds
[2025-03-21T15:21:20.658-0500] {processor.py:186} INFO - Started process (PID=16136) to work on /home/luis/Proyectos/PrecioDeDepartamentos/Precios-depas-git/ProyectoDepas/2.0.StaggingLayer/StagingLayerProject/Pipeline/dags/dag_gcp_to_bigquery.py
[2025-03-21T15:21:20.666-0500] {processor.py:914} INFO - Processing file /home/luis/Proyectos/PrecioDeDepartamentos/Precios-depas-git/ProyectoDepas/2.0.StaggingLayer/StagingLayerProject/Pipeline/dags/dag_gcp_to_bigquery.py for tasks to queue
[2025-03-21T15:21:20.667-0500] {logging_mixin.py:190} INFO - [2025-03-21T15:21:20.667-0500] {dagbag.py:588} INFO - Filling up the DagBag from /home/luis/Proyectos/PrecioDeDepartamentos/Precios-depas-git/ProyectoDepas/2.0.StaggingLayer/StagingLayerProject/Pipeline/dags/dag_gcp_to_bigquery.py
[2025-03-21T15:21:20.674-0500] {processor.py:925} INFO - DAG(s) 'gcp_to_bigquery' retrieved from /home/luis/Proyectos/PrecioDeDepartamentos/Precios-depas-git/ProyectoDepas/2.0.StaggingLayer/StagingLayerProject/Pipeline/dags/dag_gcp_to_bigquery.py
[2025-03-21T15:21:20.684-0500] {logging_mixin.py:190} INFO - [2025-03-21T15:21:20.684-0500] {dag.py:3239} INFO - Sync 1 DAGs
[2025-03-21T15:21:20.692-0500] {logging_mixin.py:190} INFO - [2025-03-21T15:21:20.692-0500] {dag.py:4180} INFO - Setting next_dagrun for gcp_to_bigquery to None, run_after=None
[2025-03-21T15:21:20.718-0500] {processor.py:208} INFO - Processing /home/luis/Proyectos/PrecioDeDepartamentos/Precios-depas-git/ProyectoDepas/2.0.StaggingLayer/StagingLayerProject/Pipeline/dags/dag_gcp_to_bigquery.py took 0.063 seconds
[2025-03-21T15:21:51.756-0500] {processor.py:186} INFO - Started process (PID=16227) to work on /home/luis/Proyectos/PrecioDeDepartamentos/Precios-depas-git/ProyectoDepas/2.0.StaggingLayer/StagingLayerProject/Pipeline/dags/dag_gcp_to_bigquery.py
[2025-03-21T15:21:51.764-0500] {processor.py:914} INFO - Processing file /home/luis/Proyectos/PrecioDeDepartamentos/Precios-depas-git/ProyectoDepas/2.0.StaggingLayer/StagingLayerProject/Pipeline/dags/dag_gcp_to_bigquery.py for tasks to queue
[2025-03-21T15:21:51.766-0500] {logging_mixin.py:190} INFO - [2025-03-21T15:21:51.765-0500] {dagbag.py:588} INFO - Filling up the DagBag from /home/luis/Proyectos/PrecioDeDepartamentos/Precios-depas-git/ProyectoDepas/2.0.StaggingLayer/StagingLayerProject/Pipeline/dags/dag_gcp_to_bigquery.py
[2025-03-21T15:21:51.772-0500] {processor.py:925} INFO - DAG(s) 'gcp_to_bigquery' retrieved from /home/luis/Proyectos/PrecioDeDepartamentos/Precios-depas-git/ProyectoDepas/2.0.StaggingLayer/StagingLayerProject/Pipeline/dags/dag_gcp_to_bigquery.py
[2025-03-21T15:21:51.783-0500] {logging_mixin.py:190} INFO - [2025-03-21T15:21:51.783-0500] {dag.py:3239} INFO - Sync 1 DAGs
[2025-03-21T15:21:51.793-0500] {logging_mixin.py:190} INFO - [2025-03-21T15:21:51.792-0500] {dag.py:4180} INFO - Setting next_dagrun for gcp_to_bigquery to None, run_after=None
[2025-03-21T15:21:51.820-0500] {processor.py:208} INFO - Processing /home/luis/Proyectos/PrecioDeDepartamentos/Precios-depas-git/ProyectoDepas/2.0.StaggingLayer/StagingLayerProject/Pipeline/dags/dag_gcp_to_bigquery.py took 0.068 seconds
