[2025-03-22T16:32:13.802-0500] {local_task_job_runner.py:123} INFO - ::group::Pre task execution logs
[2025-03-22T16:32:13.813-0500] {taskinstance.py:2614} INFO - Dependencies all met for dep_context=non-requeueable deps ti=<TaskInstance: proceso_etl.tarea_limpieza manual__2025-03-22T20:59:04.192084+00:00 [queued]>
[2025-03-22T16:32:13.819-0500] {taskinstance.py:2614} INFO - Dependencies all met for dep_context=requeueable deps ti=<TaskInstance: proceso_etl.tarea_limpieza manual__2025-03-22T20:59:04.192084+00:00 [queued]>
[2025-03-22T16:32:13.819-0500] {taskinstance.py:2867} INFO - Starting attempt 1 of 2
[2025-03-22T16:32:13.838-0500] {taskinstance.py:2890} INFO - Executing <Task(PythonOperator): tarea_limpieza> on 2025-03-22 20:59:04.192084+00:00
[2025-03-22T16:32:13.845-0500] {standard_task_runner.py:72} INFO - Started process 39235 to run task
[2025-03-22T16:32:13.847-0500] {standard_task_runner.py:104} INFO - Running: ['airflow', 'tasks', 'run', 'proceso_etl', 'tarea_limpieza', 'manual__2025-03-22T20:59:04.192084+00:00', '--job-id', '75', '--raw', '--subdir', 'DAGS_FOLDER/dag_etl.py', '--cfg-path', '/tmp/tmpzcv2qnaa']
[2025-03-22T16:32:13.849-0500] {standard_task_runner.py:105} INFO - Job 75: Subtask tarea_limpieza
[2025-03-22T16:32:13.878-0500] {task_command.py:467} INFO - Running <TaskInstance: proceso_etl.tarea_limpieza manual__2025-03-22T20:59:04.192084+00:00 [running]> on host luis-GF65
[2025-03-22T16:32:13.937-0500] {taskinstance.py:3134} INFO - Exporting env vars: AIRFLOW_CTX_DAG_OWNER='airflow' AIRFLOW_CTX_DAG_ID='proceso_etl' AIRFLOW_CTX_TASK_ID='tarea_limpieza' AIRFLOW_CTX_EXECUTION_DATE='2025-03-22T20:59:04.192084+00:00' AIRFLOW_CTX_TRY_NUMBER='1' AIRFLOW_CTX_DAG_RUN_ID='manual__2025-03-22T20:59:04.192084+00:00'
[2025-03-22T16:32:13.938-0500] {taskinstance.py:732} INFO - ::endgroup::
[2025-03-22T16:32:16.354-0500] {limpieza.py:53} INFO - 1. Terminando pre-limpieza antes del análisis !!
[2025-03-22T16:32:16.754-0500] {limpieza.py:74} INFO - 2. Terminando corrección de coordenadas y distrito !!
[2025-03-22T16:32:16.769-0500] {limpieza.py:92} INFO - Relación en distrito barranco: 2.47
[2025-03-22T16:32:16.772-0500] {limpieza.py:92} INFO - Relación en distrito chorrillos: 3.3
[2025-03-22T16:32:16.775-0500] {limpieza.py:92} INFO - Relación en distrito cercado: 3.76
[2025-03-22T16:32:16.779-0500] {limpieza.py:92} INFO - Relación en distrito miraflores: 6.73
[2025-03-22T16:32:16.783-0500] {limpieza.py:92} INFO - Relación en distrito la-molina: 3.86
[2025-03-22T16:32:16.786-0500] {limpieza.py:92} INFO - Relación en distrito lince: 3.48
[2025-03-22T16:32:16.790-0500] {limpieza.py:92} INFO - Relación en distrito magdalena: 3.58
[2025-03-22T16:32:16.794-0500] {limpieza.py:92} INFO - Relación en distrito san-borja: 3.44
[2025-03-22T16:32:16.797-0500] {limpieza.py:92} INFO - Relación en distrito jesus-maria: 3.49
[2025-03-22T16:32:16.801-0500] {limpieza.py:92} INFO - Relación en distrito san-isidro: 3.82
[2025-03-22T16:32:16.805-0500] {limpieza.py:92} INFO - Relación en distrito san-miguel: 3.76
[2025-03-22T16:32:16.809-0500] {limpieza.py:92} INFO - Relación en distrito surco: 3.61
[2025-03-22T16:32:16.812-0500] {limpieza.py:92} INFO - Relación en distrito surquillo: 3.33
[2025-03-22T16:32:16.813-0500] {limpieza.py:96} INFO - Relación global entre preciosxm2: 3.6603846153846153
[2025-03-22T16:32:16.815-0500] {limpieza.py:103} INFO - 3. Terminando corrección de precios extremadamente bajos !!
[2025-03-22T16:32:16.860-0500] {logging_mixin.py:190} WARNING - /home/luis/Proyectos/PrecioDeDepartamentos/Precios-depas-git/ProyectoDepas/2.0.StaggingLayer/StagingLayerProject/Pipeline/tasks/limpieza.py:116 SettingWithCopyWarning: 
A value is trying to be set on a copy of a slice from a DataFrame.
Try using .loc[row_indexer,col_indexer] = value instead

See the caveats in the documentation: https://pandas.pydata.org/pandas-docs/stable/user_guide/indexing.html#returning-a-view-versus-a-copy
[2025-03-22T16:32:16.920-0500] {limpieza.py:130} INFO - 4. Terminando tratamiento de duplicados !!
[2025-03-22T16:32:20.533-0500] {limpieza.py:158} INFO - MAPE RFR promedio: 0.276189000010274
[2025-03-22T16:32:20.533-0500] {limpieza.py:159} INFO - MAPE imputación media promedio: 0.5429326847206438
[2025-03-22T16:32:20.539-0500] {limpieza.py:161} INFO - 5. Terminando tratamiento de nulos en área !!
[2025-03-22T16:32:20.553-0500] {limpieza.py:181} INFO - 6. Terminando tratamiento de nulos en antigüedad !!
[2025-03-22T16:32:20.564-0500] {logging_mixin.py:190} WARNING - /home/luis/Proyectos/PrecioDeDepartamentos/Precios-depas-git/ProyectoDepas/2.0.StaggingLayer/StagingLayerProject/Pipeline/tasks/limpieza.py:196 FutureWarning: Series.__getitem__ treating keys as positions is deprecated. In a future version, integer keys will always be treated as labels (consistent with DataFrame behavior). To access a value by position, use `ser.iloc[pos]`
[2025-03-22T16:32:20.700-0500] {limpieza.py:213} INFO - 7. Terminando última limpieza antes de EDA !!
[2025-03-22T16:32:23.314-0500] {python.py:240} INFO - Done. Returned value was: None
[2025-03-22T16:32:23.319-0500] {taskinstance.py:341} INFO - ::group::Post task execution logs
[2025-03-22T16:32:23.319-0500] {taskinstance.py:353} INFO - Marking task as SUCCESS. dag_id=proceso_etl, task_id=tarea_limpieza, run_id=manual__2025-03-22T20:59:04.192084+00:00, execution_date=20250322T205904, start_date=20250322T213213, end_date=20250322T213223
[2025-03-22T16:32:23.369-0500] {local_task_job_runner.py:266} INFO - Task exited with return code 0
[2025-03-22T16:32:23.378-0500] {taskinstance.py:3901} INFO - 1 downstream tasks scheduled from follow-on schedule check
[2025-03-22T16:32:23.393-0500] {local_task_job_runner.py:245} INFO - ::endgroup::
