[2025-03-22T15:26:40.329-0500] {processor.py:186} INFO - Started process (PID=73465) to work on /home/luis/Proyectos/PrecioDeDepartamentos/Precios-depas-git/ProyectoDepas/2.0.StaggingLayer/StagingLayerProject/Pipeline/dags/dag_gcp_to_bigquery.py
[2025-03-22T15:26:40.329-0500] {processor.py:914} INFO - Processing file /home/luis/Proyectos/PrecioDeDepartamentos/Precios-depas-git/ProyectoDepas/2.0.StaggingLayer/StagingLayerProject/Pipeline/dags/dag_gcp_to_bigquery.py for tasks to queue
[2025-03-22T15:26:40.331-0500] {logging_mixin.py:190} INFO - [2025-03-22T15:26:40.330-0500] {dagbag.py:588} INFO - Filling up the DagBag from /home/luis/Proyectos/PrecioDeDepartamentos/Precios-depas-git/ProyectoDepas/2.0.StaggingLayer/StagingLayerProject/Pipeline/dags/dag_gcp_to_bigquery.py
[2025-03-22T15:26:40.340-0500] {processor.py:925} INFO - DAG(s) 'gcp_to_bigquery' retrieved from /home/luis/Proyectos/PrecioDeDepartamentos/Precios-depas-git/ProyectoDepas/2.0.StaggingLayer/StagingLayerProject/Pipeline/dags/dag_gcp_to_bigquery.py
[2025-03-22T15:26:40.424-0500] {logging_mixin.py:190} INFO - [2025-03-22T15:26:40.424-0500] {dag.py:3239} INFO - Sync 1 DAGs
[2025-03-22T15:26:40.436-0500] {logging_mixin.py:190} INFO - [2025-03-22T15:26:40.436-0500] {dag.py:4180} INFO - Setting next_dagrun for gcp_to_bigquery to None, run_after=None
[2025-03-22T15:26:40.463-0500] {processor.py:208} INFO - Processing /home/luis/Proyectos/PrecioDeDepartamentos/Precios-depas-git/ProyectoDepas/2.0.StaggingLayer/StagingLayerProject/Pipeline/dags/dag_gcp_to_bigquery.py took 0.139 seconds
[2025-03-22T15:27:11.682-0500] {processor.py:186} INFO - Started process (PID=73743) to work on /home/luis/Proyectos/PrecioDeDepartamentos/Precios-depas-git/ProyectoDepas/2.0.StaggingLayer/StagingLayerProject/Pipeline/dags/dag_gcp_to_bigquery.py
[2025-03-22T15:27:11.682-0500] {processor.py:914} INFO - Processing file /home/luis/Proyectos/PrecioDeDepartamentos/Precios-depas-git/ProyectoDepas/2.0.StaggingLayer/StagingLayerProject/Pipeline/dags/dag_gcp_to_bigquery.py for tasks to queue
[2025-03-22T15:27:11.684-0500] {logging_mixin.py:190} INFO - [2025-03-22T15:27:11.684-0500] {dagbag.py:588} INFO - Filling up the DagBag from /home/luis/Proyectos/PrecioDeDepartamentos/Precios-depas-git/ProyectoDepas/2.0.StaggingLayer/StagingLayerProject/Pipeline/dags/dag_gcp_to_bigquery.py
[2025-03-22T15:27:11.691-0500] {processor.py:925} INFO - DAG(s) 'gcp_to_bigquery' retrieved from /home/luis/Proyectos/PrecioDeDepartamentos/Precios-depas-git/ProyectoDepas/2.0.StaggingLayer/StagingLayerProject/Pipeline/dags/dag_gcp_to_bigquery.py
[2025-03-22T15:27:11.702-0500] {logging_mixin.py:190} INFO - [2025-03-22T15:27:11.701-0500] {dag.py:3239} INFO - Sync 1 DAGs
[2025-03-22T15:27:11.710-0500] {logging_mixin.py:190} INFO - [2025-03-22T15:27:11.710-0500] {dag.py:4180} INFO - Setting next_dagrun for gcp_to_bigquery to None, run_after=None
[2025-03-22T15:27:11.731-0500] {processor.py:208} INFO - Processing /home/luis/Proyectos/PrecioDeDepartamentos/Precios-depas-git/ProyectoDepas/2.0.StaggingLayer/StagingLayerProject/Pipeline/dags/dag_gcp_to_bigquery.py took 0.053 seconds
[2025-03-22T15:27:43.400-0500] {processor.py:186} INFO - Started process (PID=74053) to work on /home/luis/Proyectos/PrecioDeDepartamentos/Precios-depas-git/ProyectoDepas/2.0.StaggingLayer/StagingLayerProject/Pipeline/dags/dag_gcp_to_bigquery.py
[2025-03-22T15:27:43.401-0500] {processor.py:914} INFO - Processing file /home/luis/Proyectos/PrecioDeDepartamentos/Precios-depas-git/ProyectoDepas/2.0.StaggingLayer/StagingLayerProject/Pipeline/dags/dag_gcp_to_bigquery.py for tasks to queue
[2025-03-22T15:27:43.403-0500] {logging_mixin.py:190} INFO - [2025-03-22T15:27:43.402-0500] {dagbag.py:588} INFO - Filling up the DagBag from /home/luis/Proyectos/PrecioDeDepartamentos/Precios-depas-git/ProyectoDepas/2.0.StaggingLayer/StagingLayerProject/Pipeline/dags/dag_gcp_to_bigquery.py
[2025-03-22T15:27:43.411-0500] {processor.py:925} INFO - DAG(s) 'gcp_to_bigquery' retrieved from /home/luis/Proyectos/PrecioDeDepartamentos/Precios-depas-git/ProyectoDepas/2.0.StaggingLayer/StagingLayerProject/Pipeline/dags/dag_gcp_to_bigquery.py
[2025-03-22T15:27:43.425-0500] {logging_mixin.py:190} INFO - [2025-03-22T15:27:43.424-0500] {dag.py:3239} INFO - Sync 1 DAGs
[2025-03-22T15:27:43.434-0500] {logging_mixin.py:190} INFO - [2025-03-22T15:27:43.434-0500] {dag.py:4180} INFO - Setting next_dagrun for gcp_to_bigquery to None, run_after=None
[2025-03-22T15:27:43.459-0500] {processor.py:208} INFO - Processing /home/luis/Proyectos/PrecioDeDepartamentos/Precios-depas-git/ProyectoDepas/2.0.StaggingLayer/StagingLayerProject/Pipeline/dags/dag_gcp_to_bigquery.py took 0.063 seconds
[2025-03-22T15:28:14.840-0500] {processor.py:186} INFO - Started process (PID=75885) to work on /home/luis/Proyectos/PrecioDeDepartamentos/Precios-depas-git/ProyectoDepas/2.0.StaggingLayer/StagingLayerProject/Pipeline/dags/dag_gcp_to_bigquery.py
[2025-03-22T15:28:14.841-0500] {processor.py:914} INFO - Processing file /home/luis/Proyectos/PrecioDeDepartamentos/Precios-depas-git/ProyectoDepas/2.0.StaggingLayer/StagingLayerProject/Pipeline/dags/dag_gcp_to_bigquery.py for tasks to queue
[2025-03-22T15:28:14.842-0500] {logging_mixin.py:190} INFO - [2025-03-22T15:28:14.842-0500] {dagbag.py:588} INFO - Filling up the DagBag from /home/luis/Proyectos/PrecioDeDepartamentos/Precios-depas-git/ProyectoDepas/2.0.StaggingLayer/StagingLayerProject/Pipeline/dags/dag_gcp_to_bigquery.py
[2025-03-22T15:28:14.849-0500] {processor.py:925} INFO - DAG(s) 'gcp_to_bigquery' retrieved from /home/luis/Proyectos/PrecioDeDepartamentos/Precios-depas-git/ProyectoDepas/2.0.StaggingLayer/StagingLayerProject/Pipeline/dags/dag_gcp_to_bigquery.py
[2025-03-22T15:28:14.860-0500] {logging_mixin.py:190} INFO - [2025-03-22T15:28:14.860-0500] {dag.py:3239} INFO - Sync 1 DAGs
[2025-03-22T15:28:14.870-0500] {logging_mixin.py:190} INFO - [2025-03-22T15:28:14.869-0500] {dag.py:4180} INFO - Setting next_dagrun for gcp_to_bigquery to None, run_after=None
[2025-03-22T15:28:14.889-0500] {processor.py:208} INFO - Processing /home/luis/Proyectos/PrecioDeDepartamentos/Precios-depas-git/ProyectoDepas/2.0.StaggingLayer/StagingLayerProject/Pipeline/dags/dag_gcp_to_bigquery.py took 0.053 seconds
[2025-03-22T15:28:46.067-0500] {processor.py:186} INFO - Started process (PID=76305) to work on /home/luis/Proyectos/PrecioDeDepartamentos/Precios-depas-git/ProyectoDepas/2.0.StaggingLayer/StagingLayerProject/Pipeline/dags/dag_gcp_to_bigquery.py
[2025-03-22T15:28:46.067-0500] {processor.py:914} INFO - Processing file /home/luis/Proyectos/PrecioDeDepartamentos/Precios-depas-git/ProyectoDepas/2.0.StaggingLayer/StagingLayerProject/Pipeline/dags/dag_gcp_to_bigquery.py for tasks to queue
[2025-03-22T15:28:46.069-0500] {logging_mixin.py:190} INFO - [2025-03-22T15:28:46.069-0500] {dagbag.py:588} INFO - Filling up the DagBag from /home/luis/Proyectos/PrecioDeDepartamentos/Precios-depas-git/ProyectoDepas/2.0.StaggingLayer/StagingLayerProject/Pipeline/dags/dag_gcp_to_bigquery.py
[2025-03-22T15:28:46.076-0500] {processor.py:925} INFO - DAG(s) 'gcp_to_bigquery' retrieved from /home/luis/Proyectos/PrecioDeDepartamentos/Precios-depas-git/ProyectoDepas/2.0.StaggingLayer/StagingLayerProject/Pipeline/dags/dag_gcp_to_bigquery.py
[2025-03-22T15:28:46.088-0500] {logging_mixin.py:190} INFO - [2025-03-22T15:28:46.087-0500] {dag.py:3239} INFO - Sync 1 DAGs
[2025-03-22T15:28:46.097-0500] {logging_mixin.py:190} INFO - [2025-03-22T15:28:46.096-0500] {dag.py:4180} INFO - Setting next_dagrun for gcp_to_bigquery to None, run_after=None
[2025-03-22T15:28:46.118-0500] {processor.py:208} INFO - Processing /home/luis/Proyectos/PrecioDeDepartamentos/Precios-depas-git/ProyectoDepas/2.0.StaggingLayer/StagingLayerProject/Pipeline/dags/dag_gcp_to_bigquery.py took 0.055 seconds
[2025-03-22T15:29:17.738-0500] {processor.py:186} INFO - Started process (PID=77352) to work on /home/luis/Proyectos/PrecioDeDepartamentos/Precios-depas-git/ProyectoDepas/2.0.StaggingLayer/StagingLayerProject/Pipeline/dags/dag_gcp_to_bigquery.py
[2025-03-22T15:29:17.738-0500] {processor.py:914} INFO - Processing file /home/luis/Proyectos/PrecioDeDepartamentos/Precios-depas-git/ProyectoDepas/2.0.StaggingLayer/StagingLayerProject/Pipeline/dags/dag_gcp_to_bigquery.py for tasks to queue
[2025-03-22T15:29:17.740-0500] {logging_mixin.py:190} INFO - [2025-03-22T15:29:17.739-0500] {dagbag.py:588} INFO - Filling up the DagBag from /home/luis/Proyectos/PrecioDeDepartamentos/Precios-depas-git/ProyectoDepas/2.0.StaggingLayer/StagingLayerProject/Pipeline/dags/dag_gcp_to_bigquery.py
[2025-03-22T15:29:17.747-0500] {processor.py:925} INFO - DAG(s) 'gcp_to_bigquery' retrieved from /home/luis/Proyectos/PrecioDeDepartamentos/Precios-depas-git/ProyectoDepas/2.0.StaggingLayer/StagingLayerProject/Pipeline/dags/dag_gcp_to_bigquery.py
[2025-03-22T15:29:17.758-0500] {logging_mixin.py:190} INFO - [2025-03-22T15:29:17.757-0500] {dag.py:3239} INFO - Sync 1 DAGs
[2025-03-22T15:29:17.766-0500] {logging_mixin.py:190} INFO - [2025-03-22T15:29:17.766-0500] {dag.py:4180} INFO - Setting next_dagrun for gcp_to_bigquery to None, run_after=None
[2025-03-22T15:29:17.812-0500] {processor.py:208} INFO - Processing /home/luis/Proyectos/PrecioDeDepartamentos/Precios-depas-git/ProyectoDepas/2.0.StaggingLayer/StagingLayerProject/Pipeline/dags/dag_gcp_to_bigquery.py took 0.078 seconds
[2025-03-22T15:29:48.895-0500] {processor.py:186} INFO - Started process (PID=78406) to work on /home/luis/Proyectos/PrecioDeDepartamentos/Precios-depas-git/ProyectoDepas/2.0.StaggingLayer/StagingLayerProject/Pipeline/dags/dag_gcp_to_bigquery.py
[2025-03-22T15:29:48.896-0500] {processor.py:914} INFO - Processing file /home/luis/Proyectos/PrecioDeDepartamentos/Precios-depas-git/ProyectoDepas/2.0.StaggingLayer/StagingLayerProject/Pipeline/dags/dag_gcp_to_bigquery.py for tasks to queue
[2025-03-22T15:29:48.898-0500] {logging_mixin.py:190} INFO - [2025-03-22T15:29:48.897-0500] {dagbag.py:588} INFO - Filling up the DagBag from /home/luis/Proyectos/PrecioDeDepartamentos/Precios-depas-git/ProyectoDepas/2.0.StaggingLayer/StagingLayerProject/Pipeline/dags/dag_gcp_to_bigquery.py
[2025-03-22T15:29:48.908-0500] {processor.py:925} INFO - DAG(s) 'gcp_to_bigquery' retrieved from /home/luis/Proyectos/PrecioDeDepartamentos/Precios-depas-git/ProyectoDepas/2.0.StaggingLayer/StagingLayerProject/Pipeline/dags/dag_gcp_to_bigquery.py
[2025-03-22T15:29:48.924-0500] {logging_mixin.py:190} INFO - [2025-03-22T15:29:48.923-0500] {dag.py:3239} INFO - Sync 1 DAGs
[2025-03-22T15:29:48.933-0500] {logging_mixin.py:190} INFO - [2025-03-22T15:29:48.933-0500] {dag.py:4180} INFO - Setting next_dagrun for gcp_to_bigquery to None, run_after=None
[2025-03-22T15:29:48.953-0500] {processor.py:208} INFO - Processing /home/luis/Proyectos/PrecioDeDepartamentos/Precios-depas-git/ProyectoDepas/2.0.StaggingLayer/StagingLayerProject/Pipeline/dags/dag_gcp_to_bigquery.py took 0.062 seconds
[2025-03-22T15:30:23.044-0500] {processor.py:186} INFO - Started process (PID=80641) to work on /home/luis/Proyectos/PrecioDeDepartamentos/Precios-depas-git/ProyectoDepas/2.0.StaggingLayer/StagingLayerProject/Pipeline/dags/dag_gcp_to_bigquery.py
[2025-03-22T15:30:23.047-0500] {processor.py:914} INFO - Processing file /home/luis/Proyectos/PrecioDeDepartamentos/Precios-depas-git/ProyectoDepas/2.0.StaggingLayer/StagingLayerProject/Pipeline/dags/dag_gcp_to_bigquery.py for tasks to queue
[2025-03-22T15:30:23.049-0500] {logging_mixin.py:190} INFO - [2025-03-22T15:30:23.049-0500] {dagbag.py:588} INFO - Filling up the DagBag from /home/luis/Proyectos/PrecioDeDepartamentos/Precios-depas-git/ProyectoDepas/2.0.StaggingLayer/StagingLayerProject/Pipeline/dags/dag_gcp_to_bigquery.py
[2025-03-22T15:30:23.066-0500] {processor.py:925} INFO - DAG(s) 'gcp_to_bigquery' retrieved from /home/luis/Proyectos/PrecioDeDepartamentos/Precios-depas-git/ProyectoDepas/2.0.StaggingLayer/StagingLayerProject/Pipeline/dags/dag_gcp_to_bigquery.py
[2025-03-22T15:30:23.087-0500] {logging_mixin.py:190} INFO - [2025-03-22T15:30:23.087-0500] {dag.py:3239} INFO - Sync 1 DAGs
[2025-03-22T15:30:23.104-0500] {logging_mixin.py:190} INFO - [2025-03-22T15:30:23.103-0500] {dag.py:4180} INFO - Setting next_dagrun for gcp_to_bigquery to None, run_after=None
[2025-03-22T15:30:23.144-0500] {processor.py:208} INFO - Processing /home/luis/Proyectos/PrecioDeDepartamentos/Precios-depas-git/ProyectoDepas/2.0.StaggingLayer/StagingLayerProject/Pipeline/dags/dag_gcp_to_bigquery.py took 0.108 seconds
[2025-03-22T15:30:54.628-0500] {processor.py:186} INFO - Started process (PID=80763) to work on /home/luis/Proyectos/PrecioDeDepartamentos/Precios-depas-git/ProyectoDepas/2.0.StaggingLayer/StagingLayerProject/Pipeline/dags/dag_gcp_to_bigquery.py
[2025-03-22T15:30:54.628-0500] {processor.py:914} INFO - Processing file /home/luis/Proyectos/PrecioDeDepartamentos/Precios-depas-git/ProyectoDepas/2.0.StaggingLayer/StagingLayerProject/Pipeline/dags/dag_gcp_to_bigquery.py for tasks to queue
[2025-03-22T15:30:54.630-0500] {logging_mixin.py:190} INFO - [2025-03-22T15:30:54.629-0500] {dagbag.py:588} INFO - Filling up the DagBag from /home/luis/Proyectos/PrecioDeDepartamentos/Precios-depas-git/ProyectoDepas/2.0.StaggingLayer/StagingLayerProject/Pipeline/dags/dag_gcp_to_bigquery.py
[2025-03-22T15:30:54.638-0500] {processor.py:925} INFO - DAG(s) 'gcp_to_bigquery' retrieved from /home/luis/Proyectos/PrecioDeDepartamentos/Precios-depas-git/ProyectoDepas/2.0.StaggingLayer/StagingLayerProject/Pipeline/dags/dag_gcp_to_bigquery.py
[2025-03-22T15:30:54.650-0500] {logging_mixin.py:190} INFO - [2025-03-22T15:30:54.649-0500] {dag.py:3239} INFO - Sync 1 DAGs
[2025-03-22T15:30:54.658-0500] {logging_mixin.py:190} INFO - [2025-03-22T15:30:54.657-0500] {dag.py:4180} INFO - Setting next_dagrun for gcp_to_bigquery to None, run_after=None
[2025-03-22T15:30:54.685-0500] {processor.py:208} INFO - Processing /home/luis/Proyectos/PrecioDeDepartamentos/Precios-depas-git/ProyectoDepas/2.0.StaggingLayer/StagingLayerProject/Pipeline/dags/dag_gcp_to_bigquery.py took 0.062 seconds
[2025-03-22T15:33:12.916-0500] {processor.py:186} INFO - Started process (PID=82570) to work on /home/luis/Proyectos/PrecioDeDepartamentos/Precios-depas-git/ProyectoDepas/2.0.StaggingLayer/StagingLayerProject/Pipeline/dags/dag_gcp_to_bigquery.py
[2025-03-22T15:33:12.917-0500] {processor.py:914} INFO - Processing file /home/luis/Proyectos/PrecioDeDepartamentos/Precios-depas-git/ProyectoDepas/2.0.StaggingLayer/StagingLayerProject/Pipeline/dags/dag_gcp_to_bigquery.py for tasks to queue
[2025-03-22T15:33:12.920-0500] {logging_mixin.py:190} INFO - [2025-03-22T15:33:12.919-0500] {dagbag.py:588} INFO - Filling up the DagBag from /home/luis/Proyectos/PrecioDeDepartamentos/Precios-depas-git/ProyectoDepas/2.0.StaggingLayer/StagingLayerProject/Pipeline/dags/dag_gcp_to_bigquery.py
[2025-03-22T15:33:12.928-0500] {processor.py:925} INFO - DAG(s) 'gcp_to_bigquery' retrieved from /home/luis/Proyectos/PrecioDeDepartamentos/Precios-depas-git/ProyectoDepas/2.0.StaggingLayer/StagingLayerProject/Pipeline/dags/dag_gcp_to_bigquery.py
[2025-03-22T15:33:12.948-0500] {logging_mixin.py:190} INFO - [2025-03-22T15:33:12.948-0500] {dag.py:3239} INFO - Sync 1 DAGs
[2025-03-22T15:33:12.966-0500] {logging_mixin.py:190} INFO - [2025-03-22T15:33:12.965-0500] {dag.py:4180} INFO - Setting next_dagrun for gcp_to_bigquery to None, run_after=None
[2025-03-22T15:33:12.998-0500] {processor.py:208} INFO - Processing /home/luis/Proyectos/PrecioDeDepartamentos/Precios-depas-git/ProyectoDepas/2.0.StaggingLayer/StagingLayerProject/Pipeline/dags/dag_gcp_to_bigquery.py took 0.087 seconds
[2025-03-22T15:33:44.528-0500] {processor.py:186} INFO - Started process (PID=89475) to work on /home/luis/Proyectos/PrecioDeDepartamentos/Precios-depas-git/ProyectoDepas/2.0.StaggingLayer/StagingLayerProject/Pipeline/dags/dag_gcp_to_bigquery.py
[2025-03-22T15:33:44.529-0500] {processor.py:914} INFO - Processing file /home/luis/Proyectos/PrecioDeDepartamentos/Precios-depas-git/ProyectoDepas/2.0.StaggingLayer/StagingLayerProject/Pipeline/dags/dag_gcp_to_bigquery.py for tasks to queue
[2025-03-22T15:33:44.531-0500] {logging_mixin.py:190} INFO - [2025-03-22T15:33:44.530-0500] {dagbag.py:588} INFO - Filling up the DagBag from /home/luis/Proyectos/PrecioDeDepartamentos/Precios-depas-git/ProyectoDepas/2.0.StaggingLayer/StagingLayerProject/Pipeline/dags/dag_gcp_to_bigquery.py
[2025-03-22T15:33:44.537-0500] {processor.py:925} INFO - DAG(s) 'gcp_to_bigquery' retrieved from /home/luis/Proyectos/PrecioDeDepartamentos/Precios-depas-git/ProyectoDepas/2.0.StaggingLayer/StagingLayerProject/Pipeline/dags/dag_gcp_to_bigquery.py
[2025-03-22T15:33:44.550-0500] {logging_mixin.py:190} INFO - [2025-03-22T15:33:44.550-0500] {dag.py:3239} INFO - Sync 1 DAGs
[2025-03-22T15:33:44.558-0500] {logging_mixin.py:190} INFO - [2025-03-22T15:33:44.558-0500] {dag.py:4180} INFO - Setting next_dagrun for gcp_to_bigquery to None, run_after=None
[2025-03-22T15:33:44.584-0500] {processor.py:208} INFO - Processing /home/luis/Proyectos/PrecioDeDepartamentos/Precios-depas-git/ProyectoDepas/2.0.StaggingLayer/StagingLayerProject/Pipeline/dags/dag_gcp_to_bigquery.py took 0.059 seconds
[2025-03-22T15:39:22.821-0500] {processor.py:186} INFO - Started process (PID=10022) to work on /home/luis/Proyectos/PrecioDeDepartamentos/Precios-depas-git/ProyectoDepas/2.0.StaggingLayer/StagingLayerProject/Pipeline/dags/dag_gcp_to_bigquery.py
[2025-03-22T15:39:22.822-0500] {processor.py:914} INFO - Processing file /home/luis/Proyectos/PrecioDeDepartamentos/Precios-depas-git/ProyectoDepas/2.0.StaggingLayer/StagingLayerProject/Pipeline/dags/dag_gcp_to_bigquery.py for tasks to queue
[2025-03-22T15:39:22.824-0500] {logging_mixin.py:190} INFO - [2025-03-22T15:39:22.824-0500] {dagbag.py:588} INFO - Filling up the DagBag from /home/luis/Proyectos/PrecioDeDepartamentos/Precios-depas-git/ProyectoDepas/2.0.StaggingLayer/StagingLayerProject/Pipeline/dags/dag_gcp_to_bigquery.py
[2025-03-22T15:39:22.831-0500] {processor.py:925} INFO - DAG(s) 'gcp_to_bigquery' retrieved from /home/luis/Proyectos/PrecioDeDepartamentos/Precios-depas-git/ProyectoDepas/2.0.StaggingLayer/StagingLayerProject/Pipeline/dags/dag_gcp_to_bigquery.py
[2025-03-22T15:39:22.844-0500] {logging_mixin.py:190} INFO - [2025-03-22T15:39:22.843-0500] {dag.py:3239} INFO - Sync 1 DAGs
[2025-03-22T15:39:22.853-0500] {logging_mixin.py:190} INFO - [2025-03-22T15:39:22.853-0500] {dag.py:4180} INFO - Setting next_dagrun for gcp_to_bigquery to None, run_after=None
[2025-03-22T15:39:22.872-0500] {processor.py:208} INFO - Processing /home/luis/Proyectos/PrecioDeDepartamentos/Precios-depas-git/ProyectoDepas/2.0.StaggingLayer/StagingLayerProject/Pipeline/dags/dag_gcp_to_bigquery.py took 0.055 seconds
[2025-03-22T15:39:54.167-0500] {processor.py:186} INFO - Started process (PID=10623) to work on /home/luis/Proyectos/PrecioDeDepartamentos/Precios-depas-git/ProyectoDepas/2.0.StaggingLayer/StagingLayerProject/Pipeline/dags/dag_gcp_to_bigquery.py
[2025-03-22T15:39:54.167-0500] {processor.py:914} INFO - Processing file /home/luis/Proyectos/PrecioDeDepartamentos/Precios-depas-git/ProyectoDepas/2.0.StaggingLayer/StagingLayerProject/Pipeline/dags/dag_gcp_to_bigquery.py for tasks to queue
[2025-03-22T15:39:54.169-0500] {logging_mixin.py:190} INFO - [2025-03-22T15:39:54.168-0500] {dagbag.py:588} INFO - Filling up the DagBag from /home/luis/Proyectos/PrecioDeDepartamentos/Precios-depas-git/ProyectoDepas/2.0.StaggingLayer/StagingLayerProject/Pipeline/dags/dag_gcp_to_bigquery.py
[2025-03-22T15:39:54.174-0500] {processor.py:925} INFO - DAG(s) 'gcp_to_bigquery' retrieved from /home/luis/Proyectos/PrecioDeDepartamentos/Precios-depas-git/ProyectoDepas/2.0.StaggingLayer/StagingLayerProject/Pipeline/dags/dag_gcp_to_bigquery.py
[2025-03-22T15:39:54.185-0500] {logging_mixin.py:190} INFO - [2025-03-22T15:39:54.185-0500] {dag.py:3239} INFO - Sync 1 DAGs
[2025-03-22T15:39:54.194-0500] {logging_mixin.py:190} INFO - [2025-03-22T15:39:54.194-0500] {dag.py:4180} INFO - Setting next_dagrun for gcp_to_bigquery to None, run_after=None
[2025-03-22T15:39:54.214-0500] {processor.py:208} INFO - Processing /home/luis/Proyectos/PrecioDeDepartamentos/Precios-depas-git/ProyectoDepas/2.0.StaggingLayer/StagingLayerProject/Pipeline/dags/dag_gcp_to_bigquery.py took 0.050 seconds
[2025-03-22T15:43:43.946-0500] {processor.py:186} INFO - Started process (PID=13380) to work on /home/luis/Proyectos/PrecioDeDepartamentos/Precios-depas-git/ProyectoDepas/2.0.StaggingLayer/StagingLayerProject/Pipeline/dags/dag_gcp_to_bigquery.py
[2025-03-22T15:43:43.947-0500] {processor.py:914} INFO - Processing file /home/luis/Proyectos/PrecioDeDepartamentos/Precios-depas-git/ProyectoDepas/2.0.StaggingLayer/StagingLayerProject/Pipeline/dags/dag_gcp_to_bigquery.py for tasks to queue
[2025-03-22T15:43:43.949-0500] {logging_mixin.py:190} INFO - [2025-03-22T15:43:43.949-0500] {dagbag.py:588} INFO - Filling up the DagBag from /home/luis/Proyectos/PrecioDeDepartamentos/Precios-depas-git/ProyectoDepas/2.0.StaggingLayer/StagingLayerProject/Pipeline/dags/dag_gcp_to_bigquery.py
[2025-03-22T15:43:43.955-0500] {processor.py:925} INFO - DAG(s) 'gcp_to_bigquery' retrieved from /home/luis/Proyectos/PrecioDeDepartamentos/Precios-depas-git/ProyectoDepas/2.0.StaggingLayer/StagingLayerProject/Pipeline/dags/dag_gcp_to_bigquery.py
[2025-03-22T15:43:43.967-0500] {logging_mixin.py:190} INFO - [2025-03-22T15:43:43.966-0500] {dag.py:3239} INFO - Sync 1 DAGs
[2025-03-22T15:43:43.976-0500] {logging_mixin.py:190} INFO - [2025-03-22T15:43:43.976-0500] {dag.py:4180} INFO - Setting next_dagrun for gcp_to_bigquery to None, run_after=None
[2025-03-22T15:43:44.002-0500] {processor.py:208} INFO - Processing /home/luis/Proyectos/PrecioDeDepartamentos/Precios-depas-git/ProyectoDepas/2.0.StaggingLayer/StagingLayerProject/Pipeline/dags/dag_gcp_to_bigquery.py took 0.059 seconds
[2025-03-22T15:44:15.077-0500] {processor.py:186} INFO - Started process (PID=13587) to work on /home/luis/Proyectos/PrecioDeDepartamentos/Precios-depas-git/ProyectoDepas/2.0.StaggingLayer/StagingLayerProject/Pipeline/dags/dag_gcp_to_bigquery.py
[2025-03-22T15:44:15.085-0500] {processor.py:914} INFO - Processing file /home/luis/Proyectos/PrecioDeDepartamentos/Precios-depas-git/ProyectoDepas/2.0.StaggingLayer/StagingLayerProject/Pipeline/dags/dag_gcp_to_bigquery.py for tasks to queue
[2025-03-22T15:44:15.087-0500] {logging_mixin.py:190} INFO - [2025-03-22T15:44:15.087-0500] {dagbag.py:588} INFO - Filling up the DagBag from /home/luis/Proyectos/PrecioDeDepartamentos/Precios-depas-git/ProyectoDepas/2.0.StaggingLayer/StagingLayerProject/Pipeline/dags/dag_gcp_to_bigquery.py
[2025-03-22T15:44:15.093-0500] {processor.py:925} INFO - DAG(s) 'gcp_to_bigquery' retrieved from /home/luis/Proyectos/PrecioDeDepartamentos/Precios-depas-git/ProyectoDepas/2.0.StaggingLayer/StagingLayerProject/Pipeline/dags/dag_gcp_to_bigquery.py
[2025-03-22T15:44:15.104-0500] {logging_mixin.py:190} INFO - [2025-03-22T15:44:15.104-0500] {dag.py:3239} INFO - Sync 1 DAGs
[2025-03-22T15:44:15.113-0500] {logging_mixin.py:190} INFO - [2025-03-22T15:44:15.113-0500] {dag.py:4180} INFO - Setting next_dagrun for gcp_to_bigquery to None, run_after=None
[2025-03-22T15:44:15.140-0500] {processor.py:208} INFO - Processing /home/luis/Proyectos/PrecioDeDepartamentos/Precios-depas-git/ProyectoDepas/2.0.StaggingLayer/StagingLayerProject/Pipeline/dags/dag_gcp_to_bigquery.py took 0.066 seconds
[2025-03-22T15:44:46.133-0500] {processor.py:186} INFO - Started process (PID=13646) to work on /home/luis/Proyectos/PrecioDeDepartamentos/Precios-depas-git/ProyectoDepas/2.0.StaggingLayer/StagingLayerProject/Pipeline/dags/dag_gcp_to_bigquery.py
[2025-03-22T15:44:46.134-0500] {processor.py:914} INFO - Processing file /home/luis/Proyectos/PrecioDeDepartamentos/Precios-depas-git/ProyectoDepas/2.0.StaggingLayer/StagingLayerProject/Pipeline/dags/dag_gcp_to_bigquery.py for tasks to queue
[2025-03-22T15:44:46.136-0500] {logging_mixin.py:190} INFO - [2025-03-22T15:44:46.135-0500] {dagbag.py:588} INFO - Filling up the DagBag from /home/luis/Proyectos/PrecioDeDepartamentos/Precios-depas-git/ProyectoDepas/2.0.StaggingLayer/StagingLayerProject/Pipeline/dags/dag_gcp_to_bigquery.py
[2025-03-22T15:44:46.141-0500] {processor.py:925} INFO - DAG(s) 'gcp_to_bigquery' retrieved from /home/luis/Proyectos/PrecioDeDepartamentos/Precios-depas-git/ProyectoDepas/2.0.StaggingLayer/StagingLayerProject/Pipeline/dags/dag_gcp_to_bigquery.py
[2025-03-22T15:44:46.152-0500] {logging_mixin.py:190} INFO - [2025-03-22T15:44:46.151-0500] {dag.py:3239} INFO - Sync 1 DAGs
[2025-03-22T15:44:46.161-0500] {logging_mixin.py:190} INFO - [2025-03-22T15:44:46.161-0500] {dag.py:4180} INFO - Setting next_dagrun for gcp_to_bigquery to None, run_after=None
[2025-03-22T15:44:46.181-0500] {processor.py:208} INFO - Processing /home/luis/Proyectos/PrecioDeDepartamentos/Precios-depas-git/ProyectoDepas/2.0.StaggingLayer/StagingLayerProject/Pipeline/dags/dag_gcp_to_bigquery.py took 0.052 seconds
[2025-03-22T15:45:17.202-0500] {processor.py:186} INFO - Started process (PID=14914) to work on /home/luis/Proyectos/PrecioDeDepartamentos/Precios-depas-git/ProyectoDepas/2.0.StaggingLayer/StagingLayerProject/Pipeline/dags/dag_gcp_to_bigquery.py
[2025-03-22T15:45:17.210-0500] {processor.py:914} INFO - Processing file /home/luis/Proyectos/PrecioDeDepartamentos/Precios-depas-git/ProyectoDepas/2.0.StaggingLayer/StagingLayerProject/Pipeline/dags/dag_gcp_to_bigquery.py for tasks to queue
[2025-03-22T15:45:17.212-0500] {logging_mixin.py:190} INFO - [2025-03-22T15:45:17.212-0500] {dagbag.py:588} INFO - Filling up the DagBag from /home/luis/Proyectos/PrecioDeDepartamentos/Precios-depas-git/ProyectoDepas/2.0.StaggingLayer/StagingLayerProject/Pipeline/dags/dag_gcp_to_bigquery.py
[2025-03-22T15:45:17.220-0500] {processor.py:925} INFO - DAG(s) 'gcp_to_bigquery' retrieved from /home/luis/Proyectos/PrecioDeDepartamentos/Precios-depas-git/ProyectoDepas/2.0.StaggingLayer/StagingLayerProject/Pipeline/dags/dag_gcp_to_bigquery.py
[2025-03-22T15:45:17.234-0500] {logging_mixin.py:190} INFO - [2025-03-22T15:45:17.234-0500] {dag.py:3239} INFO - Sync 1 DAGs
[2025-03-22T15:45:17.246-0500] {logging_mixin.py:190} INFO - [2025-03-22T15:45:17.246-0500] {dag.py:4180} INFO - Setting next_dagrun for gcp_to_bigquery to None, run_after=None
[2025-03-22T15:45:17.273-0500] {processor.py:208} INFO - Processing /home/luis/Proyectos/PrecioDeDepartamentos/Precios-depas-git/ProyectoDepas/2.0.StaggingLayer/StagingLayerProject/Pipeline/dags/dag_gcp_to_bigquery.py took 0.076 seconds
[2025-03-22T15:45:48.164-0500] {processor.py:186} INFO - Started process (PID=15004) to work on /home/luis/Proyectos/PrecioDeDepartamentos/Precios-depas-git/ProyectoDepas/2.0.StaggingLayer/StagingLayerProject/Pipeline/dags/dag_gcp_to_bigquery.py
[2025-03-22T15:45:48.172-0500] {processor.py:914} INFO - Processing file /home/luis/Proyectos/PrecioDeDepartamentos/Precios-depas-git/ProyectoDepas/2.0.StaggingLayer/StagingLayerProject/Pipeline/dags/dag_gcp_to_bigquery.py for tasks to queue
[2025-03-22T15:45:48.174-0500] {logging_mixin.py:190} INFO - [2025-03-22T15:45:48.173-0500] {dagbag.py:588} INFO - Filling up the DagBag from /home/luis/Proyectos/PrecioDeDepartamentos/Precios-depas-git/ProyectoDepas/2.0.StaggingLayer/StagingLayerProject/Pipeline/dags/dag_gcp_to_bigquery.py
[2025-03-22T15:45:48.179-0500] {processor.py:925} INFO - DAG(s) 'gcp_to_bigquery' retrieved from /home/luis/Proyectos/PrecioDeDepartamentos/Precios-depas-git/ProyectoDepas/2.0.StaggingLayer/StagingLayerProject/Pipeline/dags/dag_gcp_to_bigquery.py
[2025-03-22T15:45:48.191-0500] {logging_mixin.py:190} INFO - [2025-03-22T15:45:48.190-0500] {dag.py:3239} INFO - Sync 1 DAGs
[2025-03-22T15:45:48.199-0500] {logging_mixin.py:190} INFO - [2025-03-22T15:45:48.199-0500] {dag.py:4180} INFO - Setting next_dagrun for gcp_to_bigquery to None, run_after=None
[2025-03-22T15:45:48.224-0500] {processor.py:208} INFO - Processing /home/luis/Proyectos/PrecioDeDepartamentos/Precios-depas-git/ProyectoDepas/2.0.StaggingLayer/StagingLayerProject/Pipeline/dags/dag_gcp_to_bigquery.py took 0.063 seconds
[2025-03-22T15:46:18.315-0500] {processor.py:186} INFO - Started process (PID=15103) to work on /home/luis/Proyectos/PrecioDeDepartamentos/Precios-depas-git/ProyectoDepas/2.0.StaggingLayer/StagingLayerProject/Pipeline/dags/dag_gcp_to_bigquery.py
[2025-03-22T15:46:18.334-0500] {processor.py:914} INFO - Processing file /home/luis/Proyectos/PrecioDeDepartamentos/Precios-depas-git/ProyectoDepas/2.0.StaggingLayer/StagingLayerProject/Pipeline/dags/dag_gcp_to_bigquery.py for tasks to queue
[2025-03-22T15:46:18.337-0500] {logging_mixin.py:190} INFO - [2025-03-22T15:46:18.337-0500] {dagbag.py:588} INFO - Filling up the DagBag from /home/luis/Proyectos/PrecioDeDepartamentos/Precios-depas-git/ProyectoDepas/2.0.StaggingLayer/StagingLayerProject/Pipeline/dags/dag_gcp_to_bigquery.py
[2025-03-22T15:46:18.344-0500] {processor.py:925} INFO - DAG(s) 'gcp_to_bigquery' retrieved from /home/luis/Proyectos/PrecioDeDepartamentos/Precios-depas-git/ProyectoDepas/2.0.StaggingLayer/StagingLayerProject/Pipeline/dags/dag_gcp_to_bigquery.py
[2025-03-22T15:46:18.356-0500] {logging_mixin.py:190} INFO - [2025-03-22T15:46:18.356-0500] {dag.py:3239} INFO - Sync 1 DAGs
[2025-03-22T15:46:18.366-0500] {logging_mixin.py:190} INFO - [2025-03-22T15:46:18.366-0500] {dag.py:4180} INFO - Setting next_dagrun for gcp_to_bigquery to None, run_after=None
[2025-03-22T15:46:18.412-0500] {processor.py:208} INFO - Processing /home/luis/Proyectos/PrecioDeDepartamentos/Precios-depas-git/ProyectoDepas/2.0.StaggingLayer/StagingLayerProject/Pipeline/dags/dag_gcp_to_bigquery.py took 0.103 seconds
[2025-03-22T15:46:49.161-0500] {processor.py:186} INFO - Started process (PID=15250) to work on /home/luis/Proyectos/PrecioDeDepartamentos/Precios-depas-git/ProyectoDepas/2.0.StaggingLayer/StagingLayerProject/Pipeline/dags/dag_gcp_to_bigquery.py
[2025-03-22T15:46:49.169-0500] {processor.py:914} INFO - Processing file /home/luis/Proyectos/PrecioDeDepartamentos/Precios-depas-git/ProyectoDepas/2.0.StaggingLayer/StagingLayerProject/Pipeline/dags/dag_gcp_to_bigquery.py for tasks to queue
[2025-03-22T15:46:49.170-0500] {logging_mixin.py:190} INFO - [2025-03-22T15:46:49.170-0500] {dagbag.py:588} INFO - Filling up the DagBag from /home/luis/Proyectos/PrecioDeDepartamentos/Precios-depas-git/ProyectoDepas/2.0.StaggingLayer/StagingLayerProject/Pipeline/dags/dag_gcp_to_bigquery.py
[2025-03-22T15:46:49.176-0500] {processor.py:925} INFO - DAG(s) 'gcp_to_bigquery' retrieved from /home/luis/Proyectos/PrecioDeDepartamentos/Precios-depas-git/ProyectoDepas/2.0.StaggingLayer/StagingLayerProject/Pipeline/dags/dag_gcp_to_bigquery.py
[2025-03-22T15:46:49.186-0500] {logging_mixin.py:190} INFO - [2025-03-22T15:46:49.186-0500] {dag.py:3239} INFO - Sync 1 DAGs
[2025-03-22T15:46:49.194-0500] {logging_mixin.py:190} INFO - [2025-03-22T15:46:49.194-0500] {dag.py:4180} INFO - Setting next_dagrun for gcp_to_bigquery to None, run_after=None
[2025-03-22T15:46:49.225-0500] {processor.py:208} INFO - Processing /home/luis/Proyectos/PrecioDeDepartamentos/Precios-depas-git/ProyectoDepas/2.0.StaggingLayer/StagingLayerProject/Pipeline/dags/dag_gcp_to_bigquery.py took 0.067 seconds
[2025-03-22T15:47:20.249-0500] {processor.py:186} INFO - Started process (PID=15291) to work on /home/luis/Proyectos/PrecioDeDepartamentos/Precios-depas-git/ProyectoDepas/2.0.StaggingLayer/StagingLayerProject/Pipeline/dags/dag_gcp_to_bigquery.py
[2025-03-22T15:47:20.257-0500] {processor.py:914} INFO - Processing file /home/luis/Proyectos/PrecioDeDepartamentos/Precios-depas-git/ProyectoDepas/2.0.StaggingLayer/StagingLayerProject/Pipeline/dags/dag_gcp_to_bigquery.py for tasks to queue
[2025-03-22T15:47:20.258-0500] {logging_mixin.py:190} INFO - [2025-03-22T15:47:20.258-0500] {dagbag.py:588} INFO - Filling up the DagBag from /home/luis/Proyectos/PrecioDeDepartamentos/Precios-depas-git/ProyectoDepas/2.0.StaggingLayer/StagingLayerProject/Pipeline/dags/dag_gcp_to_bigquery.py
[2025-03-22T15:47:20.263-0500] {processor.py:925} INFO - DAG(s) 'gcp_to_bigquery' retrieved from /home/luis/Proyectos/PrecioDeDepartamentos/Precios-depas-git/ProyectoDepas/2.0.StaggingLayer/StagingLayerProject/Pipeline/dags/dag_gcp_to_bigquery.py
[2025-03-22T15:47:20.273-0500] {logging_mixin.py:190} INFO - [2025-03-22T15:47:20.273-0500] {dag.py:3239} INFO - Sync 1 DAGs
[2025-03-22T15:47:20.281-0500] {logging_mixin.py:190} INFO - [2025-03-22T15:47:20.281-0500] {dag.py:4180} INFO - Setting next_dagrun for gcp_to_bigquery to None, run_after=None
[2025-03-22T15:47:20.306-0500] {processor.py:208} INFO - Processing /home/luis/Proyectos/PrecioDeDepartamentos/Precios-depas-git/ProyectoDepas/2.0.StaggingLayer/StagingLayerProject/Pipeline/dags/dag_gcp_to_bigquery.py took 0.061 seconds
[2025-03-22T15:47:51.008-0500] {processor.py:186} INFO - Started process (PID=15483) to work on /home/luis/Proyectos/PrecioDeDepartamentos/Precios-depas-git/ProyectoDepas/2.0.StaggingLayer/StagingLayerProject/Pipeline/dags/dag_gcp_to_bigquery.py
[2025-03-22T15:47:51.009-0500] {processor.py:914} INFO - Processing file /home/luis/Proyectos/PrecioDeDepartamentos/Precios-depas-git/ProyectoDepas/2.0.StaggingLayer/StagingLayerProject/Pipeline/dags/dag_gcp_to_bigquery.py for tasks to queue
[2025-03-22T15:47:51.010-0500] {logging_mixin.py:190} INFO - [2025-03-22T15:47:51.010-0500] {dagbag.py:588} INFO - Filling up the DagBag from /home/luis/Proyectos/PrecioDeDepartamentos/Precios-depas-git/ProyectoDepas/2.0.StaggingLayer/StagingLayerProject/Pipeline/dags/dag_gcp_to_bigquery.py
[2025-03-22T15:47:51.017-0500] {processor.py:925} INFO - DAG(s) 'gcp_to_bigquery' retrieved from /home/luis/Proyectos/PrecioDeDepartamentos/Precios-depas-git/ProyectoDepas/2.0.StaggingLayer/StagingLayerProject/Pipeline/dags/dag_gcp_to_bigquery.py
[2025-03-22T15:47:51.030-0500] {logging_mixin.py:190} INFO - [2025-03-22T15:47:51.029-0500] {dag.py:3239} INFO - Sync 1 DAGs
[2025-03-22T15:47:51.039-0500] {logging_mixin.py:190} INFO - [2025-03-22T15:47:51.039-0500] {dag.py:4180} INFO - Setting next_dagrun for gcp_to_bigquery to None, run_after=None
[2025-03-22T15:47:51.072-0500] {processor.py:208} INFO - Processing /home/luis/Proyectos/PrecioDeDepartamentos/Precios-depas-git/ProyectoDepas/2.0.StaggingLayer/StagingLayerProject/Pipeline/dags/dag_gcp_to_bigquery.py took 0.069 seconds
[2025-03-22T15:48:21.998-0500] {processor.py:186} INFO - Started process (PID=15580) to work on /home/luis/Proyectos/PrecioDeDepartamentos/Precios-depas-git/ProyectoDepas/2.0.StaggingLayer/StagingLayerProject/Pipeline/dags/dag_gcp_to_bigquery.py
[2025-03-22T15:48:21.999-0500] {processor.py:914} INFO - Processing file /home/luis/Proyectos/PrecioDeDepartamentos/Precios-depas-git/ProyectoDepas/2.0.StaggingLayer/StagingLayerProject/Pipeline/dags/dag_gcp_to_bigquery.py for tasks to queue
[2025-03-22T15:48:22.002-0500] {logging_mixin.py:190} INFO - [2025-03-22T15:48:22.001-0500] {dagbag.py:588} INFO - Filling up the DagBag from /home/luis/Proyectos/PrecioDeDepartamentos/Precios-depas-git/ProyectoDepas/2.0.StaggingLayer/StagingLayerProject/Pipeline/dags/dag_gcp_to_bigquery.py
[2025-03-22T15:48:22.013-0500] {processor.py:925} INFO - DAG(s) 'gcp_to_bigquery' retrieved from /home/luis/Proyectos/PrecioDeDepartamentos/Precios-depas-git/ProyectoDepas/2.0.StaggingLayer/StagingLayerProject/Pipeline/dags/dag_gcp_to_bigquery.py
[2025-03-22T15:48:22.034-0500] {logging_mixin.py:190} INFO - [2025-03-22T15:48:22.033-0500] {dag.py:3239} INFO - Sync 1 DAGs
[2025-03-22T15:48:22.050-0500] {logging_mixin.py:190} INFO - [2025-03-22T15:48:22.049-0500] {dag.py:4180} INFO - Setting next_dagrun for gcp_to_bigquery to None, run_after=None
[2025-03-22T15:48:22.306-0500] {processor.py:208} INFO - Processing /home/luis/Proyectos/PrecioDeDepartamentos/Precios-depas-git/ProyectoDepas/2.0.StaggingLayer/StagingLayerProject/Pipeline/dags/dag_gcp_to_bigquery.py took 0.315 seconds
[2025-03-22T15:48:53.096-0500] {processor.py:186} INFO - Started process (PID=15752) to work on /home/luis/Proyectos/PrecioDeDepartamentos/Precios-depas-git/ProyectoDepas/2.0.StaggingLayer/StagingLayerProject/Pipeline/dags/dag_gcp_to_bigquery.py
[2025-03-22T15:48:53.097-0500] {processor.py:914} INFO - Processing file /home/luis/Proyectos/PrecioDeDepartamentos/Precios-depas-git/ProyectoDepas/2.0.StaggingLayer/StagingLayerProject/Pipeline/dags/dag_gcp_to_bigquery.py for tasks to queue
[2025-03-22T15:48:53.099-0500] {logging_mixin.py:190} INFO - [2025-03-22T15:48:53.099-0500] {dagbag.py:588} INFO - Filling up the DagBag from /home/luis/Proyectos/PrecioDeDepartamentos/Precios-depas-git/ProyectoDepas/2.0.StaggingLayer/StagingLayerProject/Pipeline/dags/dag_gcp_to_bigquery.py
[2025-03-22T15:48:53.109-0500] {processor.py:925} INFO - DAG(s) 'gcp_to_bigquery' retrieved from /home/luis/Proyectos/PrecioDeDepartamentos/Precios-depas-git/ProyectoDepas/2.0.StaggingLayer/StagingLayerProject/Pipeline/dags/dag_gcp_to_bigquery.py
[2025-03-22T15:48:53.130-0500] {logging_mixin.py:190} INFO - [2025-03-22T15:48:53.130-0500] {dag.py:3239} INFO - Sync 1 DAGs
[2025-03-22T15:48:53.143-0500] {logging_mixin.py:190} INFO - [2025-03-22T15:48:53.143-0500] {dag.py:4180} INFO - Setting next_dagrun for gcp_to_bigquery to None, run_after=None
[2025-03-22T15:48:53.179-0500] {processor.py:208} INFO - Processing /home/luis/Proyectos/PrecioDeDepartamentos/Precios-depas-git/ProyectoDepas/2.0.StaggingLayer/StagingLayerProject/Pipeline/dags/dag_gcp_to_bigquery.py took 0.088 seconds
[2025-03-22T15:49:23.256-0500] {processor.py:186} INFO - Started process (PID=15801) to work on /home/luis/Proyectos/PrecioDeDepartamentos/Precios-depas-git/ProyectoDepas/2.0.StaggingLayer/StagingLayerProject/Pipeline/dags/dag_gcp_to_bigquery.py
[2025-03-22T15:49:23.258-0500] {processor.py:914} INFO - Processing file /home/luis/Proyectos/PrecioDeDepartamentos/Precios-depas-git/ProyectoDepas/2.0.StaggingLayer/StagingLayerProject/Pipeline/dags/dag_gcp_to_bigquery.py for tasks to queue
[2025-03-22T15:49:23.259-0500] {logging_mixin.py:190} INFO - [2025-03-22T15:49:23.259-0500] {dagbag.py:588} INFO - Filling up the DagBag from /home/luis/Proyectos/PrecioDeDepartamentos/Precios-depas-git/ProyectoDepas/2.0.StaggingLayer/StagingLayerProject/Pipeline/dags/dag_gcp_to_bigquery.py
[2025-03-22T15:49:23.266-0500] {processor.py:925} INFO - DAG(s) 'gcp_to_bigquery' retrieved from /home/luis/Proyectos/PrecioDeDepartamentos/Precios-depas-git/ProyectoDepas/2.0.StaggingLayer/StagingLayerProject/Pipeline/dags/dag_gcp_to_bigquery.py
[2025-03-22T15:49:23.278-0500] {logging_mixin.py:190} INFO - [2025-03-22T15:49:23.278-0500] {dag.py:3239} INFO - Sync 1 DAGs
[2025-03-22T15:49:23.287-0500] {logging_mixin.py:190} INFO - [2025-03-22T15:49:23.287-0500] {dag.py:4180} INFO - Setting next_dagrun for gcp_to_bigquery to None, run_after=None
[2025-03-22T15:49:23.317-0500] {processor.py:208} INFO - Processing /home/luis/Proyectos/PrecioDeDepartamentos/Precios-depas-git/ProyectoDepas/2.0.StaggingLayer/StagingLayerProject/Pipeline/dags/dag_gcp_to_bigquery.py took 0.065 seconds
[2025-03-22T15:49:54.226-0500] {processor.py:186} INFO - Started process (PID=17268) to work on /home/luis/Proyectos/PrecioDeDepartamentos/Precios-depas-git/ProyectoDepas/2.0.StaggingLayer/StagingLayerProject/Pipeline/dags/dag_gcp_to_bigquery.py
[2025-03-22T15:49:54.234-0500] {processor.py:914} INFO - Processing file /home/luis/Proyectos/PrecioDeDepartamentos/Precios-depas-git/ProyectoDepas/2.0.StaggingLayer/StagingLayerProject/Pipeline/dags/dag_gcp_to_bigquery.py for tasks to queue
[2025-03-22T15:49:54.235-0500] {logging_mixin.py:190} INFO - [2025-03-22T15:49:54.235-0500] {dagbag.py:588} INFO - Filling up the DagBag from /home/luis/Proyectos/PrecioDeDepartamentos/Precios-depas-git/ProyectoDepas/2.0.StaggingLayer/StagingLayerProject/Pipeline/dags/dag_gcp_to_bigquery.py
[2025-03-22T15:49:54.242-0500] {processor.py:925} INFO - DAG(s) 'gcp_to_bigquery' retrieved from /home/luis/Proyectos/PrecioDeDepartamentos/Precios-depas-git/ProyectoDepas/2.0.StaggingLayer/StagingLayerProject/Pipeline/dags/dag_gcp_to_bigquery.py
[2025-03-22T15:49:54.255-0500] {logging_mixin.py:190} INFO - [2025-03-22T15:49:54.255-0500] {dag.py:3239} INFO - Sync 1 DAGs
[2025-03-22T15:49:54.264-0500] {logging_mixin.py:190} INFO - [2025-03-22T15:49:54.264-0500] {dag.py:4180} INFO - Setting next_dagrun for gcp_to_bigquery to None, run_after=None
[2025-03-22T15:49:54.295-0500] {processor.py:208} INFO - Processing /home/luis/Proyectos/PrecioDeDepartamentos/Precios-depas-git/ProyectoDepas/2.0.StaggingLayer/StagingLayerProject/Pipeline/dags/dag_gcp_to_bigquery.py took 0.074 seconds
[2025-03-22T15:50:25.211-0500] {processor.py:186} INFO - Started process (PID=17318) to work on /home/luis/Proyectos/PrecioDeDepartamentos/Precios-depas-git/ProyectoDepas/2.0.StaggingLayer/StagingLayerProject/Pipeline/dags/dag_gcp_to_bigquery.py
[2025-03-22T15:50:25.220-0500] {processor.py:914} INFO - Processing file /home/luis/Proyectos/PrecioDeDepartamentos/Precios-depas-git/ProyectoDepas/2.0.StaggingLayer/StagingLayerProject/Pipeline/dags/dag_gcp_to_bigquery.py for tasks to queue
[2025-03-22T15:50:25.221-0500] {logging_mixin.py:190} INFO - [2025-03-22T15:50:25.221-0500] {dagbag.py:588} INFO - Filling up the DagBag from /home/luis/Proyectos/PrecioDeDepartamentos/Precios-depas-git/ProyectoDepas/2.0.StaggingLayer/StagingLayerProject/Pipeline/dags/dag_gcp_to_bigquery.py
[2025-03-22T15:50:25.228-0500] {processor.py:925} INFO - DAG(s) 'gcp_to_bigquery' retrieved from /home/luis/Proyectos/PrecioDeDepartamentos/Precios-depas-git/ProyectoDepas/2.0.StaggingLayer/StagingLayerProject/Pipeline/dags/dag_gcp_to_bigquery.py
[2025-03-22T15:50:25.240-0500] {logging_mixin.py:190} INFO - [2025-03-22T15:50:25.240-0500] {dag.py:3239} INFO - Sync 1 DAGs
[2025-03-22T15:50:25.249-0500] {logging_mixin.py:190} INFO - [2025-03-22T15:50:25.249-0500] {dag.py:4180} INFO - Setting next_dagrun for gcp_to_bigquery to None, run_after=None
[2025-03-22T15:50:25.276-0500] {processor.py:208} INFO - Processing /home/luis/Proyectos/PrecioDeDepartamentos/Precios-depas-git/ProyectoDepas/2.0.StaggingLayer/StagingLayerProject/Pipeline/dags/dag_gcp_to_bigquery.py took 0.069 seconds
[2025-03-22T15:50:56.175-0500] {processor.py:186} INFO - Started process (PID=17389) to work on /home/luis/Proyectos/PrecioDeDepartamentos/Precios-depas-git/ProyectoDepas/2.0.StaggingLayer/StagingLayerProject/Pipeline/dags/dag_gcp_to_bigquery.py
[2025-03-22T15:50:56.177-0500] {processor.py:914} INFO - Processing file /home/luis/Proyectos/PrecioDeDepartamentos/Precios-depas-git/ProyectoDepas/2.0.StaggingLayer/StagingLayerProject/Pipeline/dags/dag_gcp_to_bigquery.py for tasks to queue
[2025-03-22T15:50:56.178-0500] {logging_mixin.py:190} INFO - [2025-03-22T15:50:56.178-0500] {dagbag.py:588} INFO - Filling up the DagBag from /home/luis/Proyectos/PrecioDeDepartamentos/Precios-depas-git/ProyectoDepas/2.0.StaggingLayer/StagingLayerProject/Pipeline/dags/dag_gcp_to_bigquery.py
[2025-03-22T15:50:56.184-0500] {processor.py:925} INFO - DAG(s) 'gcp_to_bigquery' retrieved from /home/luis/Proyectos/PrecioDeDepartamentos/Precios-depas-git/ProyectoDepas/2.0.StaggingLayer/StagingLayerProject/Pipeline/dags/dag_gcp_to_bigquery.py
[2025-03-22T15:50:56.195-0500] {logging_mixin.py:190} INFO - [2025-03-22T15:50:56.194-0500] {dag.py:3239} INFO - Sync 1 DAGs
[2025-03-22T15:50:56.203-0500] {logging_mixin.py:190} INFO - [2025-03-22T15:50:56.203-0500] {dag.py:4180} INFO - Setting next_dagrun for gcp_to_bigquery to None, run_after=None
[2025-03-22T15:50:56.222-0500] {processor.py:208} INFO - Processing /home/luis/Proyectos/PrecioDeDepartamentos/Precios-depas-git/ProyectoDepas/2.0.StaggingLayer/StagingLayerProject/Pipeline/dags/dag_gcp_to_bigquery.py took 0.050 seconds
[2025-03-22T15:51:27.151-0500] {processor.py:186} INFO - Started process (PID=17471) to work on /home/luis/Proyectos/PrecioDeDepartamentos/Precios-depas-git/ProyectoDepas/2.0.StaggingLayer/StagingLayerProject/Pipeline/dags/dag_gcp_to_bigquery.py
[2025-03-22T15:51:27.159-0500] {processor.py:914} INFO - Processing file /home/luis/Proyectos/PrecioDeDepartamentos/Precios-depas-git/ProyectoDepas/2.0.StaggingLayer/StagingLayerProject/Pipeline/dags/dag_gcp_to_bigquery.py for tasks to queue
[2025-03-22T15:51:27.161-0500] {logging_mixin.py:190} INFO - [2025-03-22T15:51:27.160-0500] {dagbag.py:588} INFO - Filling up the DagBag from /home/luis/Proyectos/PrecioDeDepartamentos/Precios-depas-git/ProyectoDepas/2.0.StaggingLayer/StagingLayerProject/Pipeline/dags/dag_gcp_to_bigquery.py
[2025-03-22T15:51:27.166-0500] {processor.py:925} INFO - DAG(s) 'gcp_to_bigquery' retrieved from /home/luis/Proyectos/PrecioDeDepartamentos/Precios-depas-git/ProyectoDepas/2.0.StaggingLayer/StagingLayerProject/Pipeline/dags/dag_gcp_to_bigquery.py
[2025-03-22T15:51:27.177-0500] {logging_mixin.py:190} INFO - [2025-03-22T15:51:27.176-0500] {dag.py:3239} INFO - Sync 1 DAGs
[2025-03-22T15:51:27.185-0500] {logging_mixin.py:190} INFO - [2025-03-22T15:51:27.184-0500] {dag.py:4180} INFO - Setting next_dagrun for gcp_to_bigquery to None, run_after=None
[2025-03-22T15:51:27.231-0500] {processor.py:208} INFO - Processing /home/luis/Proyectos/PrecioDeDepartamentos/Precios-depas-git/ProyectoDepas/2.0.StaggingLayer/StagingLayerProject/Pipeline/dags/dag_gcp_to_bigquery.py took 0.083 seconds
[2025-03-22T15:51:58.124-0500] {processor.py:186} INFO - Started process (PID=17516) to work on /home/luis/Proyectos/PrecioDeDepartamentos/Precios-depas-git/ProyectoDepas/2.0.StaggingLayer/StagingLayerProject/Pipeline/dags/dag_gcp_to_bigquery.py
[2025-03-22T15:51:58.132-0500] {processor.py:914} INFO - Processing file /home/luis/Proyectos/PrecioDeDepartamentos/Precios-depas-git/ProyectoDepas/2.0.StaggingLayer/StagingLayerProject/Pipeline/dags/dag_gcp_to_bigquery.py for tasks to queue
[2025-03-22T15:51:58.133-0500] {logging_mixin.py:190} INFO - [2025-03-22T15:51:58.133-0500] {dagbag.py:588} INFO - Filling up the DagBag from /home/luis/Proyectos/PrecioDeDepartamentos/Precios-depas-git/ProyectoDepas/2.0.StaggingLayer/StagingLayerProject/Pipeline/dags/dag_gcp_to_bigquery.py
[2025-03-22T15:51:58.139-0500] {processor.py:925} INFO - DAG(s) 'gcp_to_bigquery' retrieved from /home/luis/Proyectos/PrecioDeDepartamentos/Precios-depas-git/ProyectoDepas/2.0.StaggingLayer/StagingLayerProject/Pipeline/dags/dag_gcp_to_bigquery.py
[2025-03-22T15:51:58.150-0500] {logging_mixin.py:190} INFO - [2025-03-22T15:51:58.150-0500] {dag.py:3239} INFO - Sync 1 DAGs
[2025-03-22T15:51:58.158-0500] {logging_mixin.py:190} INFO - [2025-03-22T15:51:58.158-0500] {dag.py:4180} INFO - Setting next_dagrun for gcp_to_bigquery to None, run_after=None
[2025-03-22T15:51:58.179-0500] {processor.py:208} INFO - Processing /home/luis/Proyectos/PrecioDeDepartamentos/Precios-depas-git/ProyectoDepas/2.0.StaggingLayer/StagingLayerProject/Pipeline/dags/dag_gcp_to_bigquery.py took 0.059 seconds
[2025-03-22T15:52:29.097-0500] {processor.py:186} INFO - Started process (PID=17558) to work on /home/luis/Proyectos/PrecioDeDepartamentos/Precios-depas-git/ProyectoDepas/2.0.StaggingLayer/StagingLayerProject/Pipeline/dags/dag_gcp_to_bigquery.py
[2025-03-22T15:52:29.105-0500] {processor.py:914} INFO - Processing file /home/luis/Proyectos/PrecioDeDepartamentos/Precios-depas-git/ProyectoDepas/2.0.StaggingLayer/StagingLayerProject/Pipeline/dags/dag_gcp_to_bigquery.py for tasks to queue
[2025-03-22T15:52:29.107-0500] {logging_mixin.py:190} INFO - [2025-03-22T15:52:29.106-0500] {dagbag.py:588} INFO - Filling up the DagBag from /home/luis/Proyectos/PrecioDeDepartamentos/Precios-depas-git/ProyectoDepas/2.0.StaggingLayer/StagingLayerProject/Pipeline/dags/dag_gcp_to_bigquery.py
[2025-03-22T15:52:29.112-0500] {processor.py:925} INFO - DAG(s) 'gcp_to_bigquery' retrieved from /home/luis/Proyectos/PrecioDeDepartamentos/Precios-depas-git/ProyectoDepas/2.0.StaggingLayer/StagingLayerProject/Pipeline/dags/dag_gcp_to_bigquery.py
[2025-03-22T15:52:29.123-0500] {logging_mixin.py:190} INFO - [2025-03-22T15:52:29.122-0500] {dag.py:3239} INFO - Sync 1 DAGs
[2025-03-22T15:52:29.130-0500] {logging_mixin.py:190} INFO - [2025-03-22T15:52:29.130-0500] {dag.py:4180} INFO - Setting next_dagrun for gcp_to_bigquery to None, run_after=None
[2025-03-22T15:52:29.150-0500] {processor.py:208} INFO - Processing /home/luis/Proyectos/PrecioDeDepartamentos/Precios-depas-git/ProyectoDepas/2.0.StaggingLayer/StagingLayerProject/Pipeline/dags/dag_gcp_to_bigquery.py took 0.056 seconds
[2025-03-22T15:53:00.097-0500] {processor.py:186} INFO - Started process (PID=17667) to work on /home/luis/Proyectos/PrecioDeDepartamentos/Precios-depas-git/ProyectoDepas/2.0.StaggingLayer/StagingLayerProject/Pipeline/dags/dag_gcp_to_bigquery.py
[2025-03-22T15:53:00.098-0500] {processor.py:914} INFO - Processing file /home/luis/Proyectos/PrecioDeDepartamentos/Precios-depas-git/ProyectoDepas/2.0.StaggingLayer/StagingLayerProject/Pipeline/dags/dag_gcp_to_bigquery.py for tasks to queue
[2025-03-22T15:53:00.099-0500] {logging_mixin.py:190} INFO - [2025-03-22T15:53:00.099-0500] {dagbag.py:588} INFO - Filling up the DagBag from /home/luis/Proyectos/PrecioDeDepartamentos/Precios-depas-git/ProyectoDepas/2.0.StaggingLayer/StagingLayerProject/Pipeline/dags/dag_gcp_to_bigquery.py
[2025-03-22T15:53:00.105-0500] {processor.py:925} INFO - DAG(s) 'gcp_to_bigquery' retrieved from /home/luis/Proyectos/PrecioDeDepartamentos/Precios-depas-git/ProyectoDepas/2.0.StaggingLayer/StagingLayerProject/Pipeline/dags/dag_gcp_to_bigquery.py
[2025-03-22T15:53:00.116-0500] {logging_mixin.py:190} INFO - [2025-03-22T15:53:00.116-0500] {dag.py:3239} INFO - Sync 1 DAGs
[2025-03-22T15:53:00.124-0500] {logging_mixin.py:190} INFO - [2025-03-22T15:53:00.124-0500] {dag.py:4180} INFO - Setting next_dagrun for gcp_to_bigquery to None, run_after=None
[2025-03-22T15:53:00.143-0500] {processor.py:208} INFO - Processing /home/luis/Proyectos/PrecioDeDepartamentos/Precios-depas-git/ProyectoDepas/2.0.StaggingLayer/StagingLayerProject/Pipeline/dags/dag_gcp_to_bigquery.py took 0.049 seconds
[2025-03-22T15:53:30.706-0500] {processor.py:186} INFO - Started process (PID=19128) to work on /home/luis/Proyectos/PrecioDeDepartamentos/Precios-depas-git/ProyectoDepas/2.0.StaggingLayer/StagingLayerProject/Pipeline/dags/dag_gcp_to_bigquery.py
[2025-03-22T15:53:30.707-0500] {processor.py:914} INFO - Processing file /home/luis/Proyectos/PrecioDeDepartamentos/Precios-depas-git/ProyectoDepas/2.0.StaggingLayer/StagingLayerProject/Pipeline/dags/dag_gcp_to_bigquery.py for tasks to queue
[2025-03-22T15:53:30.709-0500] {logging_mixin.py:190} INFO - [2025-03-22T15:53:30.708-0500] {dagbag.py:588} INFO - Filling up the DagBag from /home/luis/Proyectos/PrecioDeDepartamentos/Precios-depas-git/ProyectoDepas/2.0.StaggingLayer/StagingLayerProject/Pipeline/dags/dag_gcp_to_bigquery.py
[2025-03-22T15:53:30.718-0500] {processor.py:925} INFO - DAG(s) 'gcp_to_bigquery' retrieved from /home/luis/Proyectos/PrecioDeDepartamentos/Precios-depas-git/ProyectoDepas/2.0.StaggingLayer/StagingLayerProject/Pipeline/dags/dag_gcp_to_bigquery.py
[2025-03-22T15:53:30.738-0500] {logging_mixin.py:190} INFO - [2025-03-22T15:53:30.737-0500] {dag.py:3239} INFO - Sync 1 DAGs
[2025-03-22T15:53:30.755-0500] {logging_mixin.py:190} INFO - [2025-03-22T15:53:30.754-0500] {dag.py:4180} INFO - Setting next_dagrun for gcp_to_bigquery to None, run_after=None
[2025-03-22T15:53:30.799-0500] {processor.py:208} INFO - Processing /home/luis/Proyectos/PrecioDeDepartamentos/Precios-depas-git/ProyectoDepas/2.0.StaggingLayer/StagingLayerProject/Pipeline/dags/dag_gcp_to_bigquery.py took 0.099 seconds
[2025-03-22T15:54:00.847-0500] {processor.py:186} INFO - Started process (PID=19628) to work on /home/luis/Proyectos/PrecioDeDepartamentos/Precios-depas-git/ProyectoDepas/2.0.StaggingLayer/StagingLayerProject/Pipeline/dags/dag_gcp_to_bigquery.py
[2025-03-22T15:54:00.847-0500] {processor.py:914} INFO - Processing file /home/luis/Proyectos/PrecioDeDepartamentos/Precios-depas-git/ProyectoDepas/2.0.StaggingLayer/StagingLayerProject/Pipeline/dags/dag_gcp_to_bigquery.py for tasks to queue
[2025-03-22T15:54:00.849-0500] {logging_mixin.py:190} INFO - [2025-03-22T15:54:00.849-0500] {dagbag.py:588} INFO - Filling up the DagBag from /home/luis/Proyectos/PrecioDeDepartamentos/Precios-depas-git/ProyectoDepas/2.0.StaggingLayer/StagingLayerProject/Pipeline/dags/dag_gcp_to_bigquery.py
[2025-03-22T15:54:00.856-0500] {processor.py:925} INFO - DAG(s) 'gcp_to_bigquery' retrieved from /home/luis/Proyectos/PrecioDeDepartamentos/Precios-depas-git/ProyectoDepas/2.0.StaggingLayer/StagingLayerProject/Pipeline/dags/dag_gcp_to_bigquery.py
[2025-03-22T15:54:00.868-0500] {logging_mixin.py:190} INFO - [2025-03-22T15:54:00.868-0500] {dag.py:3239} INFO - Sync 1 DAGs
[2025-03-22T15:54:00.878-0500] {logging_mixin.py:190} INFO - [2025-03-22T15:54:00.878-0500] {dag.py:4180} INFO - Setting next_dagrun for gcp_to_bigquery to None, run_after=None
[2025-03-22T15:54:00.899-0500] {processor.py:208} INFO - Processing /home/luis/Proyectos/PrecioDeDepartamentos/Precios-depas-git/ProyectoDepas/2.0.StaggingLayer/StagingLayerProject/Pipeline/dags/dag_gcp_to_bigquery.py took 0.056 seconds
[2025-03-22T15:54:31.111-0500] {processor.py:186} INFO - Started process (PID=21221) to work on /home/luis/Proyectos/PrecioDeDepartamentos/Precios-depas-git/ProyectoDepas/2.0.StaggingLayer/StagingLayerProject/Pipeline/dags/dag_gcp_to_bigquery.py
[2025-03-22T15:54:31.112-0500] {processor.py:914} INFO - Processing file /home/luis/Proyectos/PrecioDeDepartamentos/Precios-depas-git/ProyectoDepas/2.0.StaggingLayer/StagingLayerProject/Pipeline/dags/dag_gcp_to_bigquery.py for tasks to queue
[2025-03-22T15:54:31.113-0500] {logging_mixin.py:190} INFO - [2025-03-22T15:54:31.113-0500] {dagbag.py:588} INFO - Filling up the DagBag from /home/luis/Proyectos/PrecioDeDepartamentos/Precios-depas-git/ProyectoDepas/2.0.StaggingLayer/StagingLayerProject/Pipeline/dags/dag_gcp_to_bigquery.py
[2025-03-22T15:54:31.119-0500] {processor.py:925} INFO - DAG(s) 'gcp_to_bigquery' retrieved from /home/luis/Proyectos/PrecioDeDepartamentos/Precios-depas-git/ProyectoDepas/2.0.StaggingLayer/StagingLayerProject/Pipeline/dags/dag_gcp_to_bigquery.py
[2025-03-22T15:54:31.130-0500] {logging_mixin.py:190} INFO - [2025-03-22T15:54:31.130-0500] {dag.py:3239} INFO - Sync 1 DAGs
[2025-03-22T15:54:31.138-0500] {logging_mixin.py:190} INFO - [2025-03-22T15:54:31.138-0500] {dag.py:4180} INFO - Setting next_dagrun for gcp_to_bigquery to None, run_after=None
[2025-03-22T15:54:31.163-0500] {processor.py:208} INFO - Processing /home/luis/Proyectos/PrecioDeDepartamentos/Precios-depas-git/ProyectoDepas/2.0.StaggingLayer/StagingLayerProject/Pipeline/dags/dag_gcp_to_bigquery.py took 0.056 seconds
[2025-03-22T15:55:02.204-0500] {processor.py:186} INFO - Started process (PID=21489) to work on /home/luis/Proyectos/PrecioDeDepartamentos/Precios-depas-git/ProyectoDepas/2.0.StaggingLayer/StagingLayerProject/Pipeline/dags/dag_gcp_to_bigquery.py
[2025-03-22T15:55:02.212-0500] {processor.py:914} INFO - Processing file /home/luis/Proyectos/PrecioDeDepartamentos/Precios-depas-git/ProyectoDepas/2.0.StaggingLayer/StagingLayerProject/Pipeline/dags/dag_gcp_to_bigquery.py for tasks to queue
[2025-03-22T15:55:02.213-0500] {logging_mixin.py:190} INFO - [2025-03-22T15:55:02.213-0500] {dagbag.py:588} INFO - Filling up the DagBag from /home/luis/Proyectos/PrecioDeDepartamentos/Precios-depas-git/ProyectoDepas/2.0.StaggingLayer/StagingLayerProject/Pipeline/dags/dag_gcp_to_bigquery.py
[2025-03-22T15:55:02.220-0500] {processor.py:925} INFO - DAG(s) 'gcp_to_bigquery' retrieved from /home/luis/Proyectos/PrecioDeDepartamentos/Precios-depas-git/ProyectoDepas/2.0.StaggingLayer/StagingLayerProject/Pipeline/dags/dag_gcp_to_bigquery.py
[2025-03-22T15:55:02.230-0500] {logging_mixin.py:190} INFO - [2025-03-22T15:55:02.230-0500] {dag.py:3239} INFO - Sync 1 DAGs
[2025-03-22T15:55:02.238-0500] {logging_mixin.py:190} INFO - [2025-03-22T15:55:02.238-0500] {dag.py:4180} INFO - Setting next_dagrun for gcp_to_bigquery to None, run_after=None
[2025-03-22T15:55:02.284-0500] {processor.py:208} INFO - Processing /home/luis/Proyectos/PrecioDeDepartamentos/Precios-depas-git/ProyectoDepas/2.0.StaggingLayer/StagingLayerProject/Pipeline/dags/dag_gcp_to_bigquery.py took 0.084 seconds
[2025-03-22T15:55:33.291-0500] {processor.py:186} INFO - Started process (PID=22125) to work on /home/luis/Proyectos/PrecioDeDepartamentos/Precios-depas-git/ProyectoDepas/2.0.StaggingLayer/StagingLayerProject/Pipeline/dags/dag_gcp_to_bigquery.py
[2025-03-22T15:55:33.300-0500] {processor.py:914} INFO - Processing file /home/luis/Proyectos/PrecioDeDepartamentos/Precios-depas-git/ProyectoDepas/2.0.StaggingLayer/StagingLayerProject/Pipeline/dags/dag_gcp_to_bigquery.py for tasks to queue
[2025-03-22T15:55:33.301-0500] {logging_mixin.py:190} INFO - [2025-03-22T15:55:33.301-0500] {dagbag.py:588} INFO - Filling up the DagBag from /home/luis/Proyectos/PrecioDeDepartamentos/Precios-depas-git/ProyectoDepas/2.0.StaggingLayer/StagingLayerProject/Pipeline/dags/dag_gcp_to_bigquery.py
[2025-03-22T15:55:33.307-0500] {processor.py:925} INFO - DAG(s) 'gcp_to_bigquery' retrieved from /home/luis/Proyectos/PrecioDeDepartamentos/Precios-depas-git/ProyectoDepas/2.0.StaggingLayer/StagingLayerProject/Pipeline/dags/dag_gcp_to_bigquery.py
[2025-03-22T15:55:33.317-0500] {logging_mixin.py:190} INFO - [2025-03-22T15:55:33.317-0500] {dag.py:3239} INFO - Sync 1 DAGs
[2025-03-22T15:55:33.326-0500] {logging_mixin.py:190} INFO - [2025-03-22T15:55:33.326-0500] {dag.py:4180} INFO - Setting next_dagrun for gcp_to_bigquery to None, run_after=None
[2025-03-22T15:55:33.350-0500] {processor.py:208} INFO - Processing /home/luis/Proyectos/PrecioDeDepartamentos/Precios-depas-git/ProyectoDepas/2.0.StaggingLayer/StagingLayerProject/Pipeline/dags/dag_gcp_to_bigquery.py took 0.062 seconds
[2025-03-22T15:56:04.268-0500] {processor.py:186} INFO - Started process (PID=22201) to work on /home/luis/Proyectos/PrecioDeDepartamentos/Precios-depas-git/ProyectoDepas/2.0.StaggingLayer/StagingLayerProject/Pipeline/dags/dag_gcp_to_bigquery.py
[2025-03-22T15:56:04.269-0500] {processor.py:914} INFO - Processing file /home/luis/Proyectos/PrecioDeDepartamentos/Precios-depas-git/ProyectoDepas/2.0.StaggingLayer/StagingLayerProject/Pipeline/dags/dag_gcp_to_bigquery.py for tasks to queue
[2025-03-22T15:56:04.270-0500] {logging_mixin.py:190} INFO - [2025-03-22T15:56:04.270-0500] {dagbag.py:588} INFO - Filling up the DagBag from /home/luis/Proyectos/PrecioDeDepartamentos/Precios-depas-git/ProyectoDepas/2.0.StaggingLayer/StagingLayerProject/Pipeline/dags/dag_gcp_to_bigquery.py
[2025-03-22T15:56:04.276-0500] {processor.py:925} INFO - DAG(s) 'gcp_to_bigquery' retrieved from /home/luis/Proyectos/PrecioDeDepartamentos/Precios-depas-git/ProyectoDepas/2.0.StaggingLayer/StagingLayerProject/Pipeline/dags/dag_gcp_to_bigquery.py
[2025-03-22T15:56:04.286-0500] {logging_mixin.py:190} INFO - [2025-03-22T15:56:04.286-0500] {dag.py:3239} INFO - Sync 1 DAGs
[2025-03-22T15:56:04.294-0500] {logging_mixin.py:190} INFO - [2025-03-22T15:56:04.294-0500] {dag.py:4180} INFO - Setting next_dagrun for gcp_to_bigquery to None, run_after=None
[2025-03-22T15:56:04.330-0500] {processor.py:208} INFO - Processing /home/luis/Proyectos/PrecioDeDepartamentos/Precios-depas-git/ProyectoDepas/2.0.StaggingLayer/StagingLayerProject/Pipeline/dags/dag_gcp_to_bigquery.py took 0.065 seconds
[2025-03-22T15:56:35.383-0500] {processor.py:186} INFO - Started process (PID=23857) to work on /home/luis/Proyectos/PrecioDeDepartamentos/Precios-depas-git/ProyectoDepas/2.0.StaggingLayer/StagingLayerProject/Pipeline/dags/dag_gcp_to_bigquery.py
[2025-03-22T15:56:35.384-0500] {processor.py:914} INFO - Processing file /home/luis/Proyectos/PrecioDeDepartamentos/Precios-depas-git/ProyectoDepas/2.0.StaggingLayer/StagingLayerProject/Pipeline/dags/dag_gcp_to_bigquery.py for tasks to queue
[2025-03-22T15:56:35.385-0500] {logging_mixin.py:190} INFO - [2025-03-22T15:56:35.385-0500] {dagbag.py:588} INFO - Filling up the DagBag from /home/luis/Proyectos/PrecioDeDepartamentos/Precios-depas-git/ProyectoDepas/2.0.StaggingLayer/StagingLayerProject/Pipeline/dags/dag_gcp_to_bigquery.py
[2025-03-22T15:56:35.391-0500] {processor.py:925} INFO - DAG(s) 'gcp_to_bigquery' retrieved from /home/luis/Proyectos/PrecioDeDepartamentos/Precios-depas-git/ProyectoDepas/2.0.StaggingLayer/StagingLayerProject/Pipeline/dags/dag_gcp_to_bigquery.py
[2025-03-22T15:56:35.402-0500] {logging_mixin.py:190} INFO - [2025-03-22T15:56:35.401-0500] {dag.py:3239} INFO - Sync 1 DAGs
[2025-03-22T15:56:35.410-0500] {logging_mixin.py:190} INFO - [2025-03-22T15:56:35.410-0500] {dag.py:4180} INFO - Setting next_dagrun for gcp_to_bigquery to None, run_after=None
[2025-03-22T15:56:35.440-0500] {processor.py:208} INFO - Processing /home/luis/Proyectos/PrecioDeDepartamentos/Precios-depas-git/ProyectoDepas/2.0.StaggingLayer/StagingLayerProject/Pipeline/dags/dag_gcp_to_bigquery.py took 0.060 seconds
[2025-03-22T15:57:07.453-0500] {processor.py:186} INFO - Started process (PID=23904) to work on /home/luis/Proyectos/PrecioDeDepartamentos/Precios-depas-git/ProyectoDepas/2.0.StaggingLayer/StagingLayerProject/Pipeline/dags/dag_gcp_to_bigquery.py
[2025-03-22T15:57:07.453-0500] {processor.py:914} INFO - Processing file /home/luis/Proyectos/PrecioDeDepartamentos/Precios-depas-git/ProyectoDepas/2.0.StaggingLayer/StagingLayerProject/Pipeline/dags/dag_gcp_to_bigquery.py for tasks to queue
[2025-03-22T15:57:07.455-0500] {logging_mixin.py:190} INFO - [2025-03-22T15:57:07.455-0500] {dagbag.py:588} INFO - Filling up the DagBag from /home/luis/Proyectos/PrecioDeDepartamentos/Precios-depas-git/ProyectoDepas/2.0.StaggingLayer/StagingLayerProject/Pipeline/dags/dag_gcp_to_bigquery.py
[2025-03-22T15:57:07.461-0500] {processor.py:925} INFO - DAG(s) 'gcp_to_bigquery' retrieved from /home/luis/Proyectos/PrecioDeDepartamentos/Precios-depas-git/ProyectoDepas/2.0.StaggingLayer/StagingLayerProject/Pipeline/dags/dag_gcp_to_bigquery.py
[2025-03-22T15:57:07.472-0500] {logging_mixin.py:190} INFO - [2025-03-22T15:57:07.472-0500] {dag.py:3239} INFO - Sync 1 DAGs
[2025-03-22T15:57:07.481-0500] {logging_mixin.py:190} INFO - [2025-03-22T15:57:07.480-0500] {dag.py:4180} INFO - Setting next_dagrun for gcp_to_bigquery to None, run_after=None
[2025-03-22T15:57:07.505-0500] {processor.py:208} INFO - Processing /home/luis/Proyectos/PrecioDeDepartamentos/Precios-depas-git/ProyectoDepas/2.0.StaggingLayer/StagingLayerProject/Pipeline/dags/dag_gcp_to_bigquery.py took 0.056 seconds
[2025-03-22T15:57:38.437-0500] {processor.py:186} INFO - Started process (PID=25324) to work on /home/luis/Proyectos/PrecioDeDepartamentos/Precios-depas-git/ProyectoDepas/2.0.StaggingLayer/StagingLayerProject/Pipeline/dags/dag_gcp_to_bigquery.py
[2025-03-22T15:57:38.438-0500] {processor.py:914} INFO - Processing file /home/luis/Proyectos/PrecioDeDepartamentos/Precios-depas-git/ProyectoDepas/2.0.StaggingLayer/StagingLayerProject/Pipeline/dags/dag_gcp_to_bigquery.py for tasks to queue
[2025-03-22T15:57:38.440-0500] {logging_mixin.py:190} INFO - [2025-03-22T15:57:38.439-0500] {dagbag.py:588} INFO - Filling up the DagBag from /home/luis/Proyectos/PrecioDeDepartamentos/Precios-depas-git/ProyectoDepas/2.0.StaggingLayer/StagingLayerProject/Pipeline/dags/dag_gcp_to_bigquery.py
[2025-03-22T15:57:38.447-0500] {processor.py:925} INFO - DAG(s) 'gcp_to_bigquery' retrieved from /home/luis/Proyectos/PrecioDeDepartamentos/Precios-depas-git/ProyectoDepas/2.0.StaggingLayer/StagingLayerProject/Pipeline/dags/dag_gcp_to_bigquery.py
[2025-03-22T15:57:38.461-0500] {logging_mixin.py:190} INFO - [2025-03-22T15:57:38.461-0500] {dag.py:3239} INFO - Sync 1 DAGs
[2025-03-22T15:57:38.471-0500] {logging_mixin.py:190} INFO - [2025-03-22T15:57:38.471-0500] {dag.py:4180} INFO - Setting next_dagrun for gcp_to_bigquery to None, run_after=None
[2025-03-22T15:57:38.492-0500] {processor.py:208} INFO - Processing /home/luis/Proyectos/PrecioDeDepartamentos/Precios-depas-git/ProyectoDepas/2.0.StaggingLayer/StagingLayerProject/Pipeline/dags/dag_gcp_to_bigquery.py took 0.060 seconds
[2025-03-22T15:58:15.075-0500] {processor.py:186} INFO - Started process (PID=25422) to work on /home/luis/Proyectos/PrecioDeDepartamentos/Precios-depas-git/ProyectoDepas/2.0.StaggingLayer/StagingLayerProject/Pipeline/dags/dag_gcp_to_bigquery.py
[2025-03-22T15:58:15.075-0500] {processor.py:914} INFO - Processing file /home/luis/Proyectos/PrecioDeDepartamentos/Precios-depas-git/ProyectoDepas/2.0.StaggingLayer/StagingLayerProject/Pipeline/dags/dag_gcp_to_bigquery.py for tasks to queue
[2025-03-22T15:58:15.077-0500] {logging_mixin.py:190} INFO - [2025-03-22T15:58:15.077-0500] {dagbag.py:588} INFO - Filling up the DagBag from /home/luis/Proyectos/PrecioDeDepartamentos/Precios-depas-git/ProyectoDepas/2.0.StaggingLayer/StagingLayerProject/Pipeline/dags/dag_gcp_to_bigquery.py
[2025-03-22T15:58:15.084-0500] {processor.py:925} INFO - DAG(s) 'gcp_to_bigquery' retrieved from /home/luis/Proyectos/PrecioDeDepartamentos/Precios-depas-git/ProyectoDepas/2.0.StaggingLayer/StagingLayerProject/Pipeline/dags/dag_gcp_to_bigquery.py
[2025-03-22T15:58:15.096-0500] {logging_mixin.py:190} INFO - [2025-03-22T15:58:15.095-0500] {dag.py:3239} INFO - Sync 1 DAGs
[2025-03-22T15:58:15.105-0500] {logging_mixin.py:190} INFO - [2025-03-22T15:58:15.105-0500] {dag.py:4180} INFO - Setting next_dagrun for gcp_to_bigquery to None, run_after=None
[2025-03-22T15:58:15.126-0500] {processor.py:208} INFO - Processing /home/luis/Proyectos/PrecioDeDepartamentos/Precios-depas-git/ProyectoDepas/2.0.StaggingLayer/StagingLayerProject/Pipeline/dags/dag_gcp_to_bigquery.py took 0.056 seconds
[2025-03-22T15:58:46.374-0500] {processor.py:186} INFO - Started process (PID=25492) to work on /home/luis/Proyectos/PrecioDeDepartamentos/Precios-depas-git/ProyectoDepas/2.0.StaggingLayer/StagingLayerProject/Pipeline/dags/dag_gcp_to_bigquery.py
[2025-03-22T15:58:46.383-0500] {processor.py:914} INFO - Processing file /home/luis/Proyectos/PrecioDeDepartamentos/Precios-depas-git/ProyectoDepas/2.0.StaggingLayer/StagingLayerProject/Pipeline/dags/dag_gcp_to_bigquery.py for tasks to queue
[2025-03-22T15:58:46.384-0500] {logging_mixin.py:190} INFO - [2025-03-22T15:58:46.384-0500] {dagbag.py:588} INFO - Filling up the DagBag from /home/luis/Proyectos/PrecioDeDepartamentos/Precios-depas-git/ProyectoDepas/2.0.StaggingLayer/StagingLayerProject/Pipeline/dags/dag_gcp_to_bigquery.py
[2025-03-22T15:58:46.392-0500] {processor.py:925} INFO - DAG(s) 'gcp_to_bigquery' retrieved from /home/luis/Proyectos/PrecioDeDepartamentos/Precios-depas-git/ProyectoDepas/2.0.StaggingLayer/StagingLayerProject/Pipeline/dags/dag_gcp_to_bigquery.py
[2025-03-22T15:58:46.405-0500] {logging_mixin.py:190} INFO - [2025-03-22T15:58:46.405-0500] {dag.py:3239} INFO - Sync 1 DAGs
[2025-03-22T15:58:46.414-0500] {logging_mixin.py:190} INFO - [2025-03-22T15:58:46.414-0500] {dag.py:4180} INFO - Setting next_dagrun for gcp_to_bigquery to None, run_after=None
[2025-03-22T15:58:46.443-0500] {processor.py:208} INFO - Processing /home/luis/Proyectos/PrecioDeDepartamentos/Precios-depas-git/ProyectoDepas/2.0.StaggingLayer/StagingLayerProject/Pipeline/dags/dag_gcp_to_bigquery.py took 0.074 seconds
[2025-03-22T16:32:24.067-0500] {processor.py:186} INFO - Started process (PID=39262) to work on /home/luis/Proyectos/PrecioDeDepartamentos/Precios-depas-git/ProyectoDepas/2.0.StaggingLayer/StagingLayerProject/Pipeline/dags/dag_gcp_to_bigquery.py
[2025-03-22T16:32:24.068-0500] {processor.py:914} INFO - Processing file /home/luis/Proyectos/PrecioDeDepartamentos/Precios-depas-git/ProyectoDepas/2.0.StaggingLayer/StagingLayerProject/Pipeline/dags/dag_gcp_to_bigquery.py for tasks to queue
[2025-03-22T16:32:24.070-0500] {logging_mixin.py:190} INFO - [2025-03-22T16:32:24.070-0500] {dagbag.py:588} INFO - Filling up the DagBag from /home/luis/Proyectos/PrecioDeDepartamentos/Precios-depas-git/ProyectoDepas/2.0.StaggingLayer/StagingLayerProject/Pipeline/dags/dag_gcp_to_bigquery.py
[2025-03-22T16:32:24.078-0500] {processor.py:925} INFO - DAG(s) 'gcp_to_bigquery' retrieved from /home/luis/Proyectos/PrecioDeDepartamentos/Precios-depas-git/ProyectoDepas/2.0.StaggingLayer/StagingLayerProject/Pipeline/dags/dag_gcp_to_bigquery.py
[2025-03-22T16:32:24.090-0500] {logging_mixin.py:190} INFO - [2025-03-22T16:32:24.090-0500] {dag.py:3239} INFO - Sync 1 DAGs
[2025-03-22T16:32:24.101-0500] {logging_mixin.py:190} INFO - [2025-03-22T16:32:24.100-0500] {dag.py:4180} INFO - Setting next_dagrun for gcp_to_bigquery to None, run_after=None
[2025-03-22T16:32:24.121-0500] {processor.py:208} INFO - Processing /home/luis/Proyectos/PrecioDeDepartamentos/Precios-depas-git/ProyectoDepas/2.0.StaggingLayer/StagingLayerProject/Pipeline/dags/dag_gcp_to_bigquery.py took 0.058 seconds
[2025-03-22T16:32:55.139-0500] {processor.py:186} INFO - Started process (PID=39341) to work on /home/luis/Proyectos/PrecioDeDepartamentos/Precios-depas-git/ProyectoDepas/2.0.StaggingLayer/StagingLayerProject/Pipeline/dags/dag_gcp_to_bigquery.py
[2025-03-22T16:32:55.147-0500] {processor.py:914} INFO - Processing file /home/luis/Proyectos/PrecioDeDepartamentos/Precios-depas-git/ProyectoDepas/2.0.StaggingLayer/StagingLayerProject/Pipeline/dags/dag_gcp_to_bigquery.py for tasks to queue
[2025-03-22T16:32:55.148-0500] {logging_mixin.py:190} INFO - [2025-03-22T16:32:55.148-0500] {dagbag.py:588} INFO - Filling up the DagBag from /home/luis/Proyectos/PrecioDeDepartamentos/Precios-depas-git/ProyectoDepas/2.0.StaggingLayer/StagingLayerProject/Pipeline/dags/dag_gcp_to_bigquery.py
[2025-03-22T16:32:55.154-0500] {processor.py:925} INFO - DAG(s) 'gcp_to_bigquery' retrieved from /home/luis/Proyectos/PrecioDeDepartamentos/Precios-depas-git/ProyectoDepas/2.0.StaggingLayer/StagingLayerProject/Pipeline/dags/dag_gcp_to_bigquery.py
[2025-03-22T16:32:55.165-0500] {logging_mixin.py:190} INFO - [2025-03-22T16:32:55.165-0500] {dag.py:3239} INFO - Sync 1 DAGs
[2025-03-22T16:32:55.173-0500] {logging_mixin.py:190} INFO - [2025-03-22T16:32:55.173-0500] {dag.py:4180} INFO - Setting next_dagrun for gcp_to_bigquery to None, run_after=None
[2025-03-22T16:32:55.196-0500] {processor.py:208} INFO - Processing /home/luis/Proyectos/PrecioDeDepartamentos/Precios-depas-git/ProyectoDepas/2.0.StaggingLayer/StagingLayerProject/Pipeline/dags/dag_gcp_to_bigquery.py took 0.061 seconds
[2025-03-22T16:33:26.294-0500] {processor.py:186} INFO - Started process (PID=39513) to work on /home/luis/Proyectos/PrecioDeDepartamentos/Precios-depas-git/ProyectoDepas/2.0.StaggingLayer/StagingLayerProject/Pipeline/dags/dag_gcp_to_bigquery.py
[2025-03-22T16:33:26.295-0500] {processor.py:914} INFO - Processing file /home/luis/Proyectos/PrecioDeDepartamentos/Precios-depas-git/ProyectoDepas/2.0.StaggingLayer/StagingLayerProject/Pipeline/dags/dag_gcp_to_bigquery.py for tasks to queue
[2025-03-22T16:33:26.296-0500] {logging_mixin.py:190} INFO - [2025-03-22T16:33:26.296-0500] {dagbag.py:588} INFO - Filling up the DagBag from /home/luis/Proyectos/PrecioDeDepartamentos/Precios-depas-git/ProyectoDepas/2.0.StaggingLayer/StagingLayerProject/Pipeline/dags/dag_gcp_to_bigquery.py
[2025-03-22T16:33:26.302-0500] {processor.py:925} INFO - DAG(s) 'gcp_to_bigquery' retrieved from /home/luis/Proyectos/PrecioDeDepartamentos/Precios-depas-git/ProyectoDepas/2.0.StaggingLayer/StagingLayerProject/Pipeline/dags/dag_gcp_to_bigquery.py
[2025-03-22T16:33:26.314-0500] {logging_mixin.py:190} INFO - [2025-03-22T16:33:26.313-0500] {dag.py:3239} INFO - Sync 1 DAGs
[2025-03-22T16:33:26.323-0500] {logging_mixin.py:190} INFO - [2025-03-22T16:33:26.323-0500] {dag.py:4180} INFO - Setting next_dagrun for gcp_to_bigquery to None, run_after=None
[2025-03-22T16:33:26.350-0500] {processor.py:208} INFO - Processing /home/luis/Proyectos/PrecioDeDepartamentos/Precios-depas-git/ProyectoDepas/2.0.StaggingLayer/StagingLayerProject/Pipeline/dags/dag_gcp_to_bigquery.py took 0.060 seconds
[2025-03-22T16:33:57.084-0500] {processor.py:186} INFO - Started process (PID=39615) to work on /home/luis/Proyectos/PrecioDeDepartamentos/Precios-depas-git/ProyectoDepas/2.0.StaggingLayer/StagingLayerProject/Pipeline/dags/dag_gcp_to_bigquery.py
[2025-03-22T16:33:57.085-0500] {processor.py:914} INFO - Processing file /home/luis/Proyectos/PrecioDeDepartamentos/Precios-depas-git/ProyectoDepas/2.0.StaggingLayer/StagingLayerProject/Pipeline/dags/dag_gcp_to_bigquery.py for tasks to queue
[2025-03-22T16:33:57.086-0500] {logging_mixin.py:190} INFO - [2025-03-22T16:33:57.086-0500] {dagbag.py:588} INFO - Filling up the DagBag from /home/luis/Proyectos/PrecioDeDepartamentos/Precios-depas-git/ProyectoDepas/2.0.StaggingLayer/StagingLayerProject/Pipeline/dags/dag_gcp_to_bigquery.py
[2025-03-22T16:33:57.092-0500] {processor.py:925} INFO - DAG(s) 'gcp_to_bigquery' retrieved from /home/luis/Proyectos/PrecioDeDepartamentos/Precios-depas-git/ProyectoDepas/2.0.StaggingLayer/StagingLayerProject/Pipeline/dags/dag_gcp_to_bigquery.py
[2025-03-22T16:33:57.103-0500] {logging_mixin.py:190} INFO - [2025-03-22T16:33:57.103-0500] {dag.py:3239} INFO - Sync 1 DAGs
[2025-03-22T16:33:57.112-0500] {logging_mixin.py:190} INFO - [2025-03-22T16:33:57.112-0500] {dag.py:4180} INFO - Setting next_dagrun for gcp_to_bigquery to None, run_after=None
[2025-03-22T16:33:57.131-0500] {processor.py:208} INFO - Processing /home/luis/Proyectos/PrecioDeDepartamentos/Precios-depas-git/ProyectoDepas/2.0.StaggingLayer/StagingLayerProject/Pipeline/dags/dag_gcp_to_bigquery.py took 0.051 seconds
[2025-03-22T16:34:28.109-0500] {processor.py:186} INFO - Started process (PID=39683) to work on /home/luis/Proyectos/PrecioDeDepartamentos/Precios-depas-git/ProyectoDepas/2.0.StaggingLayer/StagingLayerProject/Pipeline/dags/dag_gcp_to_bigquery.py
[2025-03-22T16:34:28.117-0500] {processor.py:914} INFO - Processing file /home/luis/Proyectos/PrecioDeDepartamentos/Precios-depas-git/ProyectoDepas/2.0.StaggingLayer/StagingLayerProject/Pipeline/dags/dag_gcp_to_bigquery.py for tasks to queue
[2025-03-22T16:34:28.119-0500] {logging_mixin.py:190} INFO - [2025-03-22T16:34:28.118-0500] {dagbag.py:588} INFO - Filling up the DagBag from /home/luis/Proyectos/PrecioDeDepartamentos/Precios-depas-git/ProyectoDepas/2.0.StaggingLayer/StagingLayerProject/Pipeline/dags/dag_gcp_to_bigquery.py
[2025-03-22T16:34:28.124-0500] {processor.py:925} INFO - DAG(s) 'gcp_to_bigquery' retrieved from /home/luis/Proyectos/PrecioDeDepartamentos/Precios-depas-git/ProyectoDepas/2.0.StaggingLayer/StagingLayerProject/Pipeline/dags/dag_gcp_to_bigquery.py
[2025-03-22T16:34:28.135-0500] {logging_mixin.py:190} INFO - [2025-03-22T16:34:28.134-0500] {dag.py:3239} INFO - Sync 1 DAGs
[2025-03-22T16:34:28.143-0500] {logging_mixin.py:190} INFO - [2025-03-22T16:34:28.143-0500] {dag.py:4180} INFO - Setting next_dagrun for gcp_to_bigquery to None, run_after=None
[2025-03-22T16:34:28.162-0500] {processor.py:208} INFO - Processing /home/luis/Proyectos/PrecioDeDepartamentos/Precios-depas-git/ProyectoDepas/2.0.StaggingLayer/StagingLayerProject/Pipeline/dags/dag_gcp_to_bigquery.py took 0.057 seconds
[2025-03-22T16:34:59.107-0500] {processor.py:186} INFO - Started process (PID=39758) to work on /home/luis/Proyectos/PrecioDeDepartamentos/Precios-depas-git/ProyectoDepas/2.0.StaggingLayer/StagingLayerProject/Pipeline/dags/dag_gcp_to_bigquery.py
[2025-03-22T16:34:59.115-0500] {processor.py:914} INFO - Processing file /home/luis/Proyectos/PrecioDeDepartamentos/Precios-depas-git/ProyectoDepas/2.0.StaggingLayer/StagingLayerProject/Pipeline/dags/dag_gcp_to_bigquery.py for tasks to queue
[2025-03-22T16:34:59.116-0500] {logging_mixin.py:190} INFO - [2025-03-22T16:34:59.116-0500] {dagbag.py:588} INFO - Filling up the DagBag from /home/luis/Proyectos/PrecioDeDepartamentos/Precios-depas-git/ProyectoDepas/2.0.StaggingLayer/StagingLayerProject/Pipeline/dags/dag_gcp_to_bigquery.py
[2025-03-22T16:34:59.122-0500] {processor.py:925} INFO - DAG(s) 'gcp_to_bigquery' retrieved from /home/luis/Proyectos/PrecioDeDepartamentos/Precios-depas-git/ProyectoDepas/2.0.StaggingLayer/StagingLayerProject/Pipeline/dags/dag_gcp_to_bigquery.py
[2025-03-22T16:34:59.132-0500] {logging_mixin.py:190} INFO - [2025-03-22T16:34:59.132-0500] {dag.py:3239} INFO - Sync 1 DAGs
[2025-03-22T16:34:59.140-0500] {logging_mixin.py:190} INFO - [2025-03-22T16:34:59.140-0500] {dag.py:4180} INFO - Setting next_dagrun for gcp_to_bigquery to None, run_after=None
[2025-03-22T16:34:59.159-0500] {processor.py:208} INFO - Processing /home/luis/Proyectos/PrecioDeDepartamentos/Precios-depas-git/ProyectoDepas/2.0.StaggingLayer/StagingLayerProject/Pipeline/dags/dag_gcp_to_bigquery.py took 0.056 seconds
[2025-03-22T16:35:29.290-0500] {processor.py:186} INFO - Started process (PID=40793) to work on /home/luis/Proyectos/PrecioDeDepartamentos/Precios-depas-git/ProyectoDepas/2.0.StaggingLayer/StagingLayerProject/Pipeline/dags/dag_gcp_to_bigquery.py
[2025-03-22T16:35:29.298-0500] {processor.py:914} INFO - Processing file /home/luis/Proyectos/PrecioDeDepartamentos/Precios-depas-git/ProyectoDepas/2.0.StaggingLayer/StagingLayerProject/Pipeline/dags/dag_gcp_to_bigquery.py for tasks to queue
[2025-03-22T16:35:29.299-0500] {logging_mixin.py:190} INFO - [2025-03-22T16:35:29.299-0500] {dagbag.py:588} INFO - Filling up the DagBag from /home/luis/Proyectos/PrecioDeDepartamentos/Precios-depas-git/ProyectoDepas/2.0.StaggingLayer/StagingLayerProject/Pipeline/dags/dag_gcp_to_bigquery.py
[2025-03-22T16:35:29.305-0500] {processor.py:925} INFO - DAG(s) 'gcp_to_bigquery' retrieved from /home/luis/Proyectos/PrecioDeDepartamentos/Precios-depas-git/ProyectoDepas/2.0.StaggingLayer/StagingLayerProject/Pipeline/dags/dag_gcp_to_bigquery.py
[2025-03-22T16:35:29.315-0500] {logging_mixin.py:190} INFO - [2025-03-22T16:35:29.315-0500] {dag.py:3239} INFO - Sync 1 DAGs
[2025-03-22T16:35:29.323-0500] {logging_mixin.py:190} INFO - [2025-03-22T16:35:29.322-0500] {dag.py:4180} INFO - Setting next_dagrun for gcp_to_bigquery to None, run_after=None
[2025-03-22T16:35:29.355-0500] {processor.py:208} INFO - Processing /home/luis/Proyectos/PrecioDeDepartamentos/Precios-depas-git/ProyectoDepas/2.0.StaggingLayer/StagingLayerProject/Pipeline/dags/dag_gcp_to_bigquery.py took 0.069 seconds
[2025-03-22T16:36:00.307-0500] {processor.py:186} INFO - Started process (PID=40960) to work on /home/luis/Proyectos/PrecioDeDepartamentos/Precios-depas-git/ProyectoDepas/2.0.StaggingLayer/StagingLayerProject/Pipeline/dags/dag_gcp_to_bigquery.py
[2025-03-22T16:36:00.315-0500] {processor.py:914} INFO - Processing file /home/luis/Proyectos/PrecioDeDepartamentos/Precios-depas-git/ProyectoDepas/2.0.StaggingLayer/StagingLayerProject/Pipeline/dags/dag_gcp_to_bigquery.py for tasks to queue
[2025-03-22T16:36:00.316-0500] {logging_mixin.py:190} INFO - [2025-03-22T16:36:00.316-0500] {dagbag.py:588} INFO - Filling up the DagBag from /home/luis/Proyectos/PrecioDeDepartamentos/Precios-depas-git/ProyectoDepas/2.0.StaggingLayer/StagingLayerProject/Pipeline/dags/dag_gcp_to_bigquery.py
[2025-03-22T16:36:00.322-0500] {processor.py:925} INFO - DAG(s) 'gcp_to_bigquery' retrieved from /home/luis/Proyectos/PrecioDeDepartamentos/Precios-depas-git/ProyectoDepas/2.0.StaggingLayer/StagingLayerProject/Pipeline/dags/dag_gcp_to_bigquery.py
[2025-03-22T16:36:00.332-0500] {logging_mixin.py:190} INFO - [2025-03-22T16:36:00.332-0500] {dag.py:3239} INFO - Sync 1 DAGs
[2025-03-22T16:36:00.340-0500] {logging_mixin.py:190} INFO - [2025-03-22T16:36:00.339-0500] {dag.py:4180} INFO - Setting next_dagrun for gcp_to_bigquery to None, run_after=None
[2025-03-22T16:36:00.360-0500] {processor.py:208} INFO - Processing /home/luis/Proyectos/PrecioDeDepartamentos/Precios-depas-git/ProyectoDepas/2.0.StaggingLayer/StagingLayerProject/Pipeline/dags/dag_gcp_to_bigquery.py took 0.056 seconds
[2025-03-22T16:36:31.312-0500] {processor.py:186} INFO - Started process (PID=41003) to work on /home/luis/Proyectos/PrecioDeDepartamentos/Precios-depas-git/ProyectoDepas/2.0.StaggingLayer/StagingLayerProject/Pipeline/dags/dag_gcp_to_bigquery.py
[2025-03-22T16:36:31.320-0500] {processor.py:914} INFO - Processing file /home/luis/Proyectos/PrecioDeDepartamentos/Precios-depas-git/ProyectoDepas/2.0.StaggingLayer/StagingLayerProject/Pipeline/dags/dag_gcp_to_bigquery.py for tasks to queue
[2025-03-22T16:36:31.321-0500] {logging_mixin.py:190} INFO - [2025-03-22T16:36:31.321-0500] {dagbag.py:588} INFO - Filling up the DagBag from /home/luis/Proyectos/PrecioDeDepartamentos/Precios-depas-git/ProyectoDepas/2.0.StaggingLayer/StagingLayerProject/Pipeline/dags/dag_gcp_to_bigquery.py
[2025-03-22T16:36:31.327-0500] {processor.py:925} INFO - DAG(s) 'gcp_to_bigquery' retrieved from /home/luis/Proyectos/PrecioDeDepartamentos/Precios-depas-git/ProyectoDepas/2.0.StaggingLayer/StagingLayerProject/Pipeline/dags/dag_gcp_to_bigquery.py
[2025-03-22T16:36:31.338-0500] {logging_mixin.py:190} INFO - [2025-03-22T16:36:31.338-0500] {dag.py:3239} INFO - Sync 1 DAGs
[2025-03-22T16:36:31.346-0500] {logging_mixin.py:190} INFO - [2025-03-22T16:36:31.346-0500] {dag.py:4180} INFO - Setting next_dagrun for gcp_to_bigquery to None, run_after=None
[2025-03-22T16:36:31.365-0500] {processor.py:208} INFO - Processing /home/luis/Proyectos/PrecioDeDepartamentos/Precios-depas-git/ProyectoDepas/2.0.StaggingLayer/StagingLayerProject/Pipeline/dags/dag_gcp_to_bigquery.py took 0.057 seconds
[2025-03-22T16:37:02.298-0500] {processor.py:186} INFO - Started process (PID=41054) to work on /home/luis/Proyectos/PrecioDeDepartamentos/Precios-depas-git/ProyectoDepas/2.0.StaggingLayer/StagingLayerProject/Pipeline/dags/dag_gcp_to_bigquery.py
[2025-03-22T16:37:02.306-0500] {processor.py:914} INFO - Processing file /home/luis/Proyectos/PrecioDeDepartamentos/Precios-depas-git/ProyectoDepas/2.0.StaggingLayer/StagingLayerProject/Pipeline/dags/dag_gcp_to_bigquery.py for tasks to queue
[2025-03-22T16:37:02.307-0500] {logging_mixin.py:190} INFO - [2025-03-22T16:37:02.307-0500] {dagbag.py:588} INFO - Filling up the DagBag from /home/luis/Proyectos/PrecioDeDepartamentos/Precios-depas-git/ProyectoDepas/2.0.StaggingLayer/StagingLayerProject/Pipeline/dags/dag_gcp_to_bigquery.py
[2025-03-22T16:37:02.313-0500] {processor.py:925} INFO - DAG(s) 'gcp_to_bigquery' retrieved from /home/luis/Proyectos/PrecioDeDepartamentos/Precios-depas-git/ProyectoDepas/2.0.StaggingLayer/StagingLayerProject/Pipeline/dags/dag_gcp_to_bigquery.py
[2025-03-22T16:37:02.323-0500] {logging_mixin.py:190} INFO - [2025-03-22T16:37:02.323-0500] {dag.py:3239} INFO - Sync 1 DAGs
[2025-03-22T16:37:02.331-0500] {logging_mixin.py:190} INFO - [2025-03-22T16:37:02.331-0500] {dag.py:4180} INFO - Setting next_dagrun for gcp_to_bigquery to None, run_after=None
[2025-03-22T16:37:02.367-0500] {processor.py:208} INFO - Processing /home/luis/Proyectos/PrecioDeDepartamentos/Precios-depas-git/ProyectoDepas/2.0.StaggingLayer/StagingLayerProject/Pipeline/dags/dag_gcp_to_bigquery.py took 0.072 seconds
[2025-03-22T16:37:33.305-0500] {processor.py:186} INFO - Started process (PID=41096) to work on /home/luis/Proyectos/PrecioDeDepartamentos/Precios-depas-git/ProyectoDepas/2.0.StaggingLayer/StagingLayerProject/Pipeline/dags/dag_gcp_to_bigquery.py
[2025-03-22T16:37:33.313-0500] {processor.py:914} INFO - Processing file /home/luis/Proyectos/PrecioDeDepartamentos/Precios-depas-git/ProyectoDepas/2.0.StaggingLayer/StagingLayerProject/Pipeline/dags/dag_gcp_to_bigquery.py for tasks to queue
[2025-03-22T16:37:33.315-0500] {logging_mixin.py:190} INFO - [2025-03-22T16:37:33.314-0500] {dagbag.py:588} INFO - Filling up the DagBag from /home/luis/Proyectos/PrecioDeDepartamentos/Precios-depas-git/ProyectoDepas/2.0.StaggingLayer/StagingLayerProject/Pipeline/dags/dag_gcp_to_bigquery.py
[2025-03-22T16:37:33.320-0500] {processor.py:925} INFO - DAG(s) 'gcp_to_bigquery' retrieved from /home/luis/Proyectos/PrecioDeDepartamentos/Precios-depas-git/ProyectoDepas/2.0.StaggingLayer/StagingLayerProject/Pipeline/dags/dag_gcp_to_bigquery.py
[2025-03-22T16:37:33.331-0500] {logging_mixin.py:190} INFO - [2025-03-22T16:37:33.330-0500] {dag.py:3239} INFO - Sync 1 DAGs
[2025-03-22T16:37:33.339-0500] {logging_mixin.py:190} INFO - [2025-03-22T16:37:33.339-0500] {dag.py:4180} INFO - Setting next_dagrun for gcp_to_bigquery to None, run_after=None
[2025-03-22T16:37:33.357-0500] {processor.py:208} INFO - Processing /home/luis/Proyectos/PrecioDeDepartamentos/Precios-depas-git/ProyectoDepas/2.0.StaggingLayer/StagingLayerProject/Pipeline/dags/dag_gcp_to_bigquery.py took 0.056 seconds
[2025-03-22T16:38:04.301-0500] {processor.py:186} INFO - Started process (PID=41144) to work on /home/luis/Proyectos/PrecioDeDepartamentos/Precios-depas-git/ProyectoDepas/2.0.StaggingLayer/StagingLayerProject/Pipeline/dags/dag_gcp_to_bigquery.py
[2025-03-22T16:38:04.309-0500] {processor.py:914} INFO - Processing file /home/luis/Proyectos/PrecioDeDepartamentos/Precios-depas-git/ProyectoDepas/2.0.StaggingLayer/StagingLayerProject/Pipeline/dags/dag_gcp_to_bigquery.py for tasks to queue
[2025-03-22T16:38:04.310-0500] {logging_mixin.py:190} INFO - [2025-03-22T16:38:04.310-0500] {dagbag.py:588} INFO - Filling up the DagBag from /home/luis/Proyectos/PrecioDeDepartamentos/Precios-depas-git/ProyectoDepas/2.0.StaggingLayer/StagingLayerProject/Pipeline/dags/dag_gcp_to_bigquery.py
[2025-03-22T16:38:04.316-0500] {processor.py:925} INFO - DAG(s) 'gcp_to_bigquery' retrieved from /home/luis/Proyectos/PrecioDeDepartamentos/Precios-depas-git/ProyectoDepas/2.0.StaggingLayer/StagingLayerProject/Pipeline/dags/dag_gcp_to_bigquery.py
[2025-03-22T16:38:04.326-0500] {logging_mixin.py:190} INFO - [2025-03-22T16:38:04.326-0500] {dag.py:3239} INFO - Sync 1 DAGs
[2025-03-22T16:38:04.334-0500] {logging_mixin.py:190} INFO - [2025-03-22T16:38:04.334-0500] {dag.py:4180} INFO - Setting next_dagrun for gcp_to_bigquery to None, run_after=None
[2025-03-22T16:38:04.354-0500] {processor.py:208} INFO - Processing /home/luis/Proyectos/PrecioDeDepartamentos/Precios-depas-git/ProyectoDepas/2.0.StaggingLayer/StagingLayerProject/Pipeline/dags/dag_gcp_to_bigquery.py took 0.056 seconds
