[2025-03-22T15:26:37.465-0500] {processor.py:186} INFO - Started process (PID=73417) to work on /home/luis/Proyectos/PrecioDeDepartamentos/Precios-depas-git/ProyectoDepas/2.0.StaggingLayer/StagingLayerProject/Pipeline/dags/dag_etl.py
[2025-03-22T15:26:37.465-0500] {processor.py:914} INFO - Processing file /home/luis/Proyectos/PrecioDeDepartamentos/Precios-depas-git/ProyectoDepas/2.0.StaggingLayer/StagingLayerProject/Pipeline/dags/dag_etl.py for tasks to queue
[2025-03-22T15:26:37.467-0500] {logging_mixin.py:190} INFO - [2025-03-22T15:26:37.467-0500] {dagbag.py:588} INFO - Filling up the DagBag from /home/luis/Proyectos/PrecioDeDepartamentos/Precios-depas-git/ProyectoDepas/2.0.StaggingLayer/StagingLayerProject/Pipeline/dags/dag_etl.py
[2025-03-22T15:26:39.059-0500] {processor.py:925} INFO - DAG(s) 'proceso_etl' retrieved from /home/luis/Proyectos/PrecioDeDepartamentos/Precios-depas-git/ProyectoDepas/2.0.StaggingLayer/StagingLayerProject/Pipeline/dags/dag_etl.py
[2025-03-22T15:26:39.145-0500] {logging_mixin.py:190} INFO - [2025-03-22T15:26:39.144-0500] {dag.py:3239} INFO - Sync 1 DAGs
[2025-03-22T15:26:39.152-0500] {logging_mixin.py:190} INFO - [2025-03-22T15:26:39.152-0500] {dag.py:4180} INFO - Setting next_dagrun for proceso_etl to None, run_after=None
[2025-03-22T15:26:39.187-0500] {processor.py:208} INFO - Processing /home/luis/Proyectos/PrecioDeDepartamentos/Precios-depas-git/ProyectoDepas/2.0.StaggingLayer/StagingLayerProject/Pipeline/dags/dag_etl.py took 1.726 seconds
[2025-03-22T15:27:09.755-0500] {processor.py:186} INFO - Started process (PID=73724) to work on /home/luis/Proyectos/PrecioDeDepartamentos/Precios-depas-git/ProyectoDepas/2.0.StaggingLayer/StagingLayerProject/Pipeline/dags/dag_etl.py
[2025-03-22T15:27:09.756-0500] {processor.py:914} INFO - Processing file /home/luis/Proyectos/PrecioDeDepartamentos/Precios-depas-git/ProyectoDepas/2.0.StaggingLayer/StagingLayerProject/Pipeline/dags/dag_etl.py for tasks to queue
[2025-03-22T15:27:09.757-0500] {logging_mixin.py:190} INFO - [2025-03-22T15:27:09.757-0500] {dagbag.py:588} INFO - Filling up the DagBag from /home/luis/Proyectos/PrecioDeDepartamentos/Precios-depas-git/ProyectoDepas/2.0.StaggingLayer/StagingLayerProject/Pipeline/dags/dag_etl.py
[2025-03-22T15:27:10.997-0500] {processor.py:925} INFO - DAG(s) 'proceso_etl' retrieved from /home/luis/Proyectos/PrecioDeDepartamentos/Precios-depas-git/ProyectoDepas/2.0.StaggingLayer/StagingLayerProject/Pipeline/dags/dag_etl.py
[2025-03-22T15:27:11.006-0500] {logging_mixin.py:190} INFO - [2025-03-22T15:27:11.005-0500] {dag.py:3239} INFO - Sync 1 DAGs
[2025-03-22T15:27:11.014-0500] {logging_mixin.py:190} INFO - [2025-03-22T15:27:11.014-0500] {dag.py:4180} INFO - Setting next_dagrun for proceso_etl to None, run_after=None
[2025-03-22T15:27:11.035-0500] {processor.py:208} INFO - Processing /home/luis/Proyectos/PrecioDeDepartamentos/Precios-depas-git/ProyectoDepas/2.0.StaggingLayer/StagingLayerProject/Pipeline/dags/dag_etl.py took 1.291 seconds
[2025-03-22T15:27:41.143-0500] {processor.py:186} INFO - Started process (PID=74033) to work on /home/luis/Proyectos/PrecioDeDepartamentos/Precios-depas-git/ProyectoDepas/2.0.StaggingLayer/StagingLayerProject/Pipeline/dags/dag_etl.py
[2025-03-22T15:27:41.144-0500] {processor.py:914} INFO - Processing file /home/luis/Proyectos/PrecioDeDepartamentos/Precios-depas-git/ProyectoDepas/2.0.StaggingLayer/StagingLayerProject/Pipeline/dags/dag_etl.py for tasks to queue
[2025-03-22T15:27:41.146-0500] {logging_mixin.py:190} INFO - [2025-03-22T15:27:41.145-0500] {dagbag.py:588} INFO - Filling up the DagBag from /home/luis/Proyectos/PrecioDeDepartamentos/Precios-depas-git/ProyectoDepas/2.0.StaggingLayer/StagingLayerProject/Pipeline/dags/dag_etl.py
[2025-03-22T15:27:42.244-0500] {processor.py:925} INFO - DAG(s) 'proceso_etl' retrieved from /home/luis/Proyectos/PrecioDeDepartamentos/Precios-depas-git/ProyectoDepas/2.0.StaggingLayer/StagingLayerProject/Pipeline/dags/dag_etl.py
[2025-03-22T15:27:42.254-0500] {logging_mixin.py:190} INFO - [2025-03-22T15:27:42.253-0500] {dag.py:3239} INFO - Sync 1 DAGs
[2025-03-22T15:27:42.262-0500] {logging_mixin.py:190} INFO - [2025-03-22T15:27:42.261-0500] {dag.py:4180} INFO - Setting next_dagrun for proceso_etl to None, run_after=None
[2025-03-22T15:27:42.282-0500] {processor.py:208} INFO - Processing /home/luis/Proyectos/PrecioDeDepartamentos/Precios-depas-git/ProyectoDepas/2.0.StaggingLayer/StagingLayerProject/Pipeline/dags/dag_etl.py took 1.143 seconds
[2025-03-22T15:28:12.694-0500] {processor.py:186} INFO - Started process (PID=75872) to work on /home/luis/Proyectos/PrecioDeDepartamentos/Precios-depas-git/ProyectoDepas/2.0.StaggingLayer/StagingLayerProject/Pipeline/dags/dag_etl.py
[2025-03-22T15:28:12.695-0500] {processor.py:914} INFO - Processing file /home/luis/Proyectos/PrecioDeDepartamentos/Precios-depas-git/ProyectoDepas/2.0.StaggingLayer/StagingLayerProject/Pipeline/dags/dag_etl.py for tasks to queue
[2025-03-22T15:28:12.697-0500] {logging_mixin.py:190} INFO - [2025-03-22T15:28:12.696-0500] {dagbag.py:588} INFO - Filling up the DagBag from /home/luis/Proyectos/PrecioDeDepartamentos/Precios-depas-git/ProyectoDepas/2.0.StaggingLayer/StagingLayerProject/Pipeline/dags/dag_etl.py
[2025-03-22T15:28:13.642-0500] {processor.py:925} INFO - DAG(s) 'proceso_etl' retrieved from /home/luis/Proyectos/PrecioDeDepartamentos/Precios-depas-git/ProyectoDepas/2.0.StaggingLayer/StagingLayerProject/Pipeline/dags/dag_etl.py
[2025-03-22T15:28:13.658-0500] {logging_mixin.py:190} INFO - [2025-03-22T15:28:13.658-0500] {dag.py:3239} INFO - Sync 1 DAGs
[2025-03-22T15:28:13.672-0500] {logging_mixin.py:190} INFO - [2025-03-22T15:28:13.671-0500] {dag.py:4180} INFO - Setting next_dagrun for proceso_etl to None, run_after=None
[2025-03-22T15:28:13.695-0500] {processor.py:208} INFO - Processing /home/luis/Proyectos/PrecioDeDepartamentos/Precios-depas-git/ProyectoDepas/2.0.StaggingLayer/StagingLayerProject/Pipeline/dags/dag_etl.py took 1.005 seconds
[2025-03-22T15:28:44.116-0500] {processor.py:186} INFO - Started process (PID=76293) to work on /home/luis/Proyectos/PrecioDeDepartamentos/Precios-depas-git/ProyectoDepas/2.0.StaggingLayer/StagingLayerProject/Pipeline/dags/dag_etl.py
[2025-03-22T15:28:44.117-0500] {processor.py:914} INFO - Processing file /home/luis/Proyectos/PrecioDeDepartamentos/Precios-depas-git/ProyectoDepas/2.0.StaggingLayer/StagingLayerProject/Pipeline/dags/dag_etl.py for tasks to queue
[2025-03-22T15:28:44.119-0500] {logging_mixin.py:190} INFO - [2025-03-22T15:28:44.119-0500] {dagbag.py:588} INFO - Filling up the DagBag from /home/luis/Proyectos/PrecioDeDepartamentos/Precios-depas-git/ProyectoDepas/2.0.StaggingLayer/StagingLayerProject/Pipeline/dags/dag_etl.py
[2025-03-22T15:28:44.889-0500] {processor.py:925} INFO - DAG(s) 'proceso_etl' retrieved from /home/luis/Proyectos/PrecioDeDepartamentos/Precios-depas-git/ProyectoDepas/2.0.StaggingLayer/StagingLayerProject/Pipeline/dags/dag_etl.py
[2025-03-22T15:28:44.899-0500] {logging_mixin.py:190} INFO - [2025-03-22T15:28:44.898-0500] {dag.py:3239} INFO - Sync 1 DAGs
[2025-03-22T15:28:44.906-0500] {logging_mixin.py:190} INFO - [2025-03-22T15:28:44.906-0500] {dag.py:4180} INFO - Setting next_dagrun for proceso_etl to None, run_after=None
[2025-03-22T15:28:44.942-0500] {processor.py:208} INFO - Processing /home/luis/Proyectos/PrecioDeDepartamentos/Precios-depas-git/ProyectoDepas/2.0.StaggingLayer/StagingLayerProject/Pipeline/dags/dag_etl.py took 0.831 seconds
[2025-03-22T15:29:15.287-0500] {processor.py:186} INFO - Started process (PID=77337) to work on /home/luis/Proyectos/PrecioDeDepartamentos/Precios-depas-git/ProyectoDepas/2.0.StaggingLayer/StagingLayerProject/Pipeline/dags/dag_etl.py
[2025-03-22T15:29:15.287-0500] {processor.py:914} INFO - Processing file /home/luis/Proyectos/PrecioDeDepartamentos/Precios-depas-git/ProyectoDepas/2.0.StaggingLayer/StagingLayerProject/Pipeline/dags/dag_etl.py for tasks to queue
[2025-03-22T15:29:15.289-0500] {logging_mixin.py:190} INFO - [2025-03-22T15:29:15.288-0500] {dagbag.py:588} INFO - Filling up the DagBag from /home/luis/Proyectos/PrecioDeDepartamentos/Precios-depas-git/ProyectoDepas/2.0.StaggingLayer/StagingLayerProject/Pipeline/dags/dag_etl.py
[2025-03-22T15:29:16.556-0500] {processor.py:925} INFO - DAG(s) 'proceso_etl' retrieved from /home/luis/Proyectos/PrecioDeDepartamentos/Precios-depas-git/ProyectoDepas/2.0.StaggingLayer/StagingLayerProject/Pipeline/dags/dag_etl.py
[2025-03-22T15:29:16.569-0500] {logging_mixin.py:190} INFO - [2025-03-22T15:29:16.568-0500] {dag.py:3239} INFO - Sync 1 DAGs
[2025-03-22T15:29:16.577-0500] {logging_mixin.py:190} INFO - [2025-03-22T15:29:16.577-0500] {dag.py:4180} INFO - Setting next_dagrun for proceso_etl to None, run_after=None
[2025-03-22T15:29:16.600-0500] {processor.py:208} INFO - Processing /home/luis/Proyectos/PrecioDeDepartamentos/Precios-depas-git/ProyectoDepas/2.0.StaggingLayer/StagingLayerProject/Pipeline/dags/dag_etl.py took 1.318 seconds
[2025-03-22T15:29:46.831-0500] {processor.py:186} INFO - Started process (PID=78378) to work on /home/luis/Proyectos/PrecioDeDepartamentos/Precios-depas-git/ProyectoDepas/2.0.StaggingLayer/StagingLayerProject/Pipeline/dags/dag_etl.py
[2025-03-22T15:29:46.839-0500] {processor.py:914} INFO - Processing file /home/luis/Proyectos/PrecioDeDepartamentos/Precios-depas-git/ProyectoDepas/2.0.StaggingLayer/StagingLayerProject/Pipeline/dags/dag_etl.py for tasks to queue
[2025-03-22T15:29:46.840-0500] {logging_mixin.py:190} INFO - [2025-03-22T15:29:46.840-0500] {dagbag.py:588} INFO - Filling up the DagBag from /home/luis/Proyectos/PrecioDeDepartamentos/Precios-depas-git/ProyectoDepas/2.0.StaggingLayer/StagingLayerProject/Pipeline/dags/dag_etl.py
[2025-03-22T15:29:47.698-0500] {processor.py:925} INFO - DAG(s) 'proceso_etl' retrieved from /home/luis/Proyectos/PrecioDeDepartamentos/Precios-depas-git/ProyectoDepas/2.0.StaggingLayer/StagingLayerProject/Pipeline/dags/dag_etl.py
[2025-03-22T15:29:47.706-0500] {logging_mixin.py:190} INFO - [2025-03-22T15:29:47.706-0500] {dag.py:3239} INFO - Sync 1 DAGs
[2025-03-22T15:29:47.714-0500] {logging_mixin.py:190} INFO - [2025-03-22T15:29:47.714-0500] {dag.py:4180} INFO - Setting next_dagrun for proceso_etl to None, run_after=None
[2025-03-22T15:29:47.741-0500] {processor.py:208} INFO - Processing /home/luis/Proyectos/PrecioDeDepartamentos/Precios-depas-git/ProyectoDepas/2.0.StaggingLayer/StagingLayerProject/Pipeline/dags/dag_etl.py took 0.915 seconds
[2025-03-22T15:30:18.020-0500] {processor.py:186} INFO - Started process (PID=80098) to work on /home/luis/Proyectos/PrecioDeDepartamentos/Precios-depas-git/ProyectoDepas/2.0.StaggingLayer/StagingLayerProject/Pipeline/dags/dag_etl.py
[2025-03-22T15:30:18.021-0500] {processor.py:914} INFO - Processing file /home/luis/Proyectos/PrecioDeDepartamentos/Precios-depas-git/ProyectoDepas/2.0.StaggingLayer/StagingLayerProject/Pipeline/dags/dag_etl.py for tasks to queue
[2025-03-22T15:30:18.023-0500] {logging_mixin.py:190} INFO - [2025-03-22T15:30:18.022-0500] {dagbag.py:588} INFO - Filling up the DagBag from /home/luis/Proyectos/PrecioDeDepartamentos/Precios-depas-git/ProyectoDepas/2.0.StaggingLayer/StagingLayerProject/Pipeline/dags/dag_etl.py
[2025-03-22T15:30:19.375-0500] {processor.py:925} INFO - DAG(s) 'proceso_etl' retrieved from /home/luis/Proyectos/PrecioDeDepartamentos/Precios-depas-git/ProyectoDepas/2.0.StaggingLayer/StagingLayerProject/Pipeline/dags/dag_etl.py
[2025-03-22T15:30:19.387-0500] {logging_mixin.py:190} INFO - [2025-03-22T15:30:19.386-0500] {dag.py:3239} INFO - Sync 1 DAGs
[2025-03-22T15:30:19.395-0500] {logging_mixin.py:190} INFO - [2025-03-22T15:30:19.394-0500] {dag.py:4180} INFO - Setting next_dagrun for proceso_etl to None, run_after=None
[2025-03-22T15:30:19.415-0500] {processor.py:208} INFO - Processing /home/luis/Proyectos/PrecioDeDepartamentos/Precios-depas-git/ProyectoDepas/2.0.StaggingLayer/StagingLayerProject/Pipeline/dags/dag_etl.py took 1.400 seconds
[2025-03-22T15:30:20.488-0500] {processor.py:186} INFO - Started process (PID=80615) to work on /home/luis/Proyectos/PrecioDeDepartamentos/Precios-depas-git/ProyectoDepas/2.0.StaggingLayer/StagingLayerProject/Pipeline/dags/dag_etl.py
[2025-03-22T15:30:20.489-0500] {processor.py:914} INFO - Processing file /home/luis/Proyectos/PrecioDeDepartamentos/Precios-depas-git/ProyectoDepas/2.0.StaggingLayer/StagingLayerProject/Pipeline/dags/dag_etl.py for tasks to queue
[2025-03-22T15:30:20.490-0500] {logging_mixin.py:190} INFO - [2025-03-22T15:30:20.490-0500] {dagbag.py:588} INFO - Filling up the DagBag from /home/luis/Proyectos/PrecioDeDepartamentos/Precios-depas-git/ProyectoDepas/2.0.StaggingLayer/StagingLayerProject/Pipeline/dags/dag_etl.py
[2025-03-22T15:30:21.904-0500] {processor.py:925} INFO - DAG(s) 'proceso_etl' retrieved from /home/luis/Proyectos/PrecioDeDepartamentos/Precios-depas-git/ProyectoDepas/2.0.StaggingLayer/StagingLayerProject/Pipeline/dags/dag_etl.py
[2025-03-22T15:30:21.919-0500] {logging_mixin.py:190} INFO - [2025-03-22T15:30:21.918-0500] {dag.py:3239} INFO - Sync 1 DAGs
[2025-03-22T15:30:21.929-0500] {logging_mixin.py:190} INFO - [2025-03-22T15:30:21.929-0500] {dag.py:4180} INFO - Setting next_dagrun for proceso_etl to None, run_after=None
[2025-03-22T15:30:21.955-0500] {processor.py:208} INFO - Processing /home/luis/Proyectos/PrecioDeDepartamentos/Precios-depas-git/ProyectoDepas/2.0.StaggingLayer/StagingLayerProject/Pipeline/dags/dag_etl.py took 1.472 seconds
[2025-03-22T15:30:52.081-0500] {processor.py:186} INFO - Started process (PID=80749) to work on /home/luis/Proyectos/PrecioDeDepartamentos/Precios-depas-git/ProyectoDepas/2.0.StaggingLayer/StagingLayerProject/Pipeline/dags/dag_etl.py
[2025-03-22T15:30:52.082-0500] {processor.py:914} INFO - Processing file /home/luis/Proyectos/PrecioDeDepartamentos/Precios-depas-git/ProyectoDepas/2.0.StaggingLayer/StagingLayerProject/Pipeline/dags/dag_etl.py for tasks to queue
[2025-03-22T15:30:52.085-0500] {logging_mixin.py:190} INFO - [2025-03-22T15:30:52.084-0500] {dagbag.py:588} INFO - Filling up the DagBag from /home/luis/Proyectos/PrecioDeDepartamentos/Precios-depas-git/ProyectoDepas/2.0.StaggingLayer/StagingLayerProject/Pipeline/dags/dag_etl.py
[2025-03-22T15:30:53.436-0500] {processor.py:925} INFO - DAG(s) 'proceso_etl' retrieved from /home/luis/Proyectos/PrecioDeDepartamentos/Precios-depas-git/ProyectoDepas/2.0.StaggingLayer/StagingLayerProject/Pipeline/dags/dag_etl.py
[2025-03-22T15:30:53.448-0500] {logging_mixin.py:190} INFO - [2025-03-22T15:30:53.448-0500] {dag.py:3239} INFO - Sync 1 DAGs
[2025-03-22T15:30:53.458-0500] {logging_mixin.py:190} INFO - [2025-03-22T15:30:53.457-0500] {dag.py:4180} INFO - Setting next_dagrun for proceso_etl to None, run_after=None
[2025-03-22T15:30:53.485-0500] {processor.py:208} INFO - Processing /home/luis/Proyectos/PrecioDeDepartamentos/Precios-depas-git/ProyectoDepas/2.0.StaggingLayer/StagingLayerProject/Pipeline/dags/dag_etl.py took 1.410 seconds
[2025-03-22T15:33:10.548-0500] {processor.py:186} INFO - Started process (PID=82549) to work on /home/luis/Proyectos/PrecioDeDepartamentos/Precios-depas-git/ProyectoDepas/2.0.StaggingLayer/StagingLayerProject/Pipeline/dags/dag_etl.py
[2025-03-22T15:33:10.548-0500] {processor.py:914} INFO - Processing file /home/luis/Proyectos/PrecioDeDepartamentos/Precios-depas-git/ProyectoDepas/2.0.StaggingLayer/StagingLayerProject/Pipeline/dags/dag_etl.py for tasks to queue
[2025-03-22T15:33:10.550-0500] {logging_mixin.py:190} INFO - [2025-03-22T15:33:10.550-0500] {dagbag.py:588} INFO - Filling up the DagBag from /home/luis/Proyectos/PrecioDeDepartamentos/Precios-depas-git/ProyectoDepas/2.0.StaggingLayer/StagingLayerProject/Pipeline/dags/dag_etl.py
[2025-03-22T15:33:11.715-0500] {processor.py:925} INFO - DAG(s) 'proceso_etl' retrieved from /home/luis/Proyectos/PrecioDeDepartamentos/Precios-depas-git/ProyectoDepas/2.0.StaggingLayer/StagingLayerProject/Pipeline/dags/dag_etl.py
[2025-03-22T15:33:11.733-0500] {logging_mixin.py:190} INFO - [2025-03-22T15:33:11.732-0500] {dag.py:3239} INFO - Sync 1 DAGs
[2025-03-22T15:33:11.744-0500] {logging_mixin.py:190} INFO - [2025-03-22T15:33:11.743-0500] {dag.py:4180} INFO - Setting next_dagrun for proceso_etl to None, run_after=None
[2025-03-22T15:33:11.764-0500] {processor.py:208} INFO - Processing /home/luis/Proyectos/PrecioDeDepartamentos/Precios-depas-git/ProyectoDepas/2.0.StaggingLayer/StagingLayerProject/Pipeline/dags/dag_etl.py took 1.221 seconds
[2025-03-22T15:33:42.605-0500] {processor.py:186} INFO - Started process (PID=89456) to work on /home/luis/Proyectos/PrecioDeDepartamentos/Precios-depas-git/ProyectoDepas/2.0.StaggingLayer/StagingLayerProject/Pipeline/dags/dag_etl.py
[2025-03-22T15:33:42.606-0500] {processor.py:914} INFO - Processing file /home/luis/Proyectos/PrecioDeDepartamentos/Precios-depas-git/ProyectoDepas/2.0.StaggingLayer/StagingLayerProject/Pipeline/dags/dag_etl.py for tasks to queue
[2025-03-22T15:33:42.607-0500] {logging_mixin.py:190} INFO - [2025-03-22T15:33:42.607-0500] {dagbag.py:588} INFO - Filling up the DagBag from /home/luis/Proyectos/PrecioDeDepartamentos/Precios-depas-git/ProyectoDepas/2.0.StaggingLayer/StagingLayerProject/Pipeline/dags/dag_etl.py
[2025-03-22T15:33:43.767-0500] {processor.py:925} INFO - DAG(s) 'proceso_etl' retrieved from /home/luis/Proyectos/PrecioDeDepartamentos/Precios-depas-git/ProyectoDepas/2.0.StaggingLayer/StagingLayerProject/Pipeline/dags/dag_etl.py
[2025-03-22T15:33:43.780-0500] {logging_mixin.py:190} INFO - [2025-03-22T15:33:43.780-0500] {dag.py:3239} INFO - Sync 1 DAGs
[2025-03-22T15:33:43.787-0500] {logging_mixin.py:190} INFO - [2025-03-22T15:33:43.787-0500] {dag.py:4180} INFO - Setting next_dagrun for proceso_etl to None, run_after=None
[2025-03-22T15:33:43.826-0500] {processor.py:208} INFO - Processing /home/luis/Proyectos/PrecioDeDepartamentos/Precios-depas-git/ProyectoDepas/2.0.StaggingLayer/StagingLayerProject/Pipeline/dags/dag_etl.py took 1.226 seconds
[2025-03-22T15:36:16.726-0500] {processor.py:186} INFO - Started process (PID=8997) to work on /home/luis/Proyectos/PrecioDeDepartamentos/Precios-depas-git/ProyectoDepas/2.0.StaggingLayer/StagingLayerProject/Pipeline/dags/dag_etl.py
[2025-03-22T15:36:16.727-0500] {processor.py:914} INFO - Processing file /home/luis/Proyectos/PrecioDeDepartamentos/Precios-depas-git/ProyectoDepas/2.0.StaggingLayer/StagingLayerProject/Pipeline/dags/dag_etl.py for tasks to queue
[2025-03-22T15:36:16.729-0500] {logging_mixin.py:190} INFO - [2025-03-22T15:36:16.728-0500] {dagbag.py:588} INFO - Filling up the DagBag from /home/luis/Proyectos/PrecioDeDepartamentos/Precios-depas-git/ProyectoDepas/2.0.StaggingLayer/StagingLayerProject/Pipeline/dags/dag_etl.py
[2025-03-22T15:36:17.961-0500] {processor.py:925} INFO - DAG(s) 'proceso_etl' retrieved from /home/luis/Proyectos/PrecioDeDepartamentos/Precios-depas-git/ProyectoDepas/2.0.StaggingLayer/StagingLayerProject/Pipeline/dags/dag_etl.py
[2025-03-22T15:36:17.973-0500] {logging_mixin.py:190} INFO - [2025-03-22T15:36:17.972-0500] {dag.py:3239} INFO - Sync 1 DAGs
[2025-03-22T15:36:17.981-0500] {logging_mixin.py:190} INFO - [2025-03-22T15:36:17.981-0500] {dag.py:4180} INFO - Setting next_dagrun for proceso_etl to None, run_after=None
[2025-03-22T15:36:18.015-0500] {processor.py:208} INFO - Processing /home/luis/Proyectos/PrecioDeDepartamentos/Precios-depas-git/ProyectoDepas/2.0.StaggingLayer/StagingLayerProject/Pipeline/dags/dag_etl.py took 1.293 seconds
[2025-03-22T15:39:20.436-0500] {processor.py:186} INFO - Started process (PID=10005) to work on /home/luis/Proyectos/PrecioDeDepartamentos/Precios-depas-git/ProyectoDepas/2.0.StaggingLayer/StagingLayerProject/Pipeline/dags/dag_etl.py
[2025-03-22T15:39:20.437-0500] {processor.py:914} INFO - Processing file /home/luis/Proyectos/PrecioDeDepartamentos/Precios-depas-git/ProyectoDepas/2.0.StaggingLayer/StagingLayerProject/Pipeline/dags/dag_etl.py for tasks to queue
[2025-03-22T15:39:20.440-0500] {logging_mixin.py:190} INFO - [2025-03-22T15:39:20.439-0500] {dagbag.py:588} INFO - Filling up the DagBag from /home/luis/Proyectos/PrecioDeDepartamentos/Precios-depas-git/ProyectoDepas/2.0.StaggingLayer/StagingLayerProject/Pipeline/dags/dag_etl.py
[2025-03-22T15:39:21.656-0500] {processor.py:925} INFO - DAG(s) 'proceso_etl' retrieved from /home/luis/Proyectos/PrecioDeDepartamentos/Precios-depas-git/ProyectoDepas/2.0.StaggingLayer/StagingLayerProject/Pipeline/dags/dag_etl.py
[2025-03-22T15:39:21.675-0500] {logging_mixin.py:190} INFO - [2025-03-22T15:39:21.675-0500] {dag.py:3239} INFO - Sync 1 DAGs
[2025-03-22T15:39:21.686-0500] {logging_mixin.py:190} INFO - [2025-03-22T15:39:21.686-0500] {dag.py:4180} INFO - Setting next_dagrun for proceso_etl to None, run_after=None
[2025-03-22T15:39:21.716-0500] {processor.py:208} INFO - Processing /home/luis/Proyectos/PrecioDeDepartamentos/Precios-depas-git/ProyectoDepas/2.0.StaggingLayer/StagingLayerProject/Pipeline/dags/dag_etl.py took 1.285 seconds
[2025-03-22T15:39:52.224-0500] {processor.py:186} INFO - Started process (PID=10606) to work on /home/luis/Proyectos/PrecioDeDepartamentos/Precios-depas-git/ProyectoDepas/2.0.StaggingLayer/StagingLayerProject/Pipeline/dags/dag_etl.py
[2025-03-22T15:39:52.225-0500] {processor.py:914} INFO - Processing file /home/luis/Proyectos/PrecioDeDepartamentos/Precios-depas-git/ProyectoDepas/2.0.StaggingLayer/StagingLayerProject/Pipeline/dags/dag_etl.py for tasks to queue
[2025-03-22T15:39:52.226-0500] {logging_mixin.py:190} INFO - [2025-03-22T15:39:52.226-0500] {dagbag.py:588} INFO - Filling up the DagBag from /home/luis/Proyectos/PrecioDeDepartamentos/Precios-depas-git/ProyectoDepas/2.0.StaggingLayer/StagingLayerProject/Pipeline/dags/dag_etl.py
[2025-03-22T15:39:53.133-0500] {processor.py:925} INFO - DAG(s) 'proceso_etl' retrieved from /home/luis/Proyectos/PrecioDeDepartamentos/Precios-depas-git/ProyectoDepas/2.0.StaggingLayer/StagingLayerProject/Pipeline/dags/dag_etl.py
[2025-03-22T15:39:53.144-0500] {logging_mixin.py:190} INFO - [2025-03-22T15:39:53.143-0500] {dag.py:3239} INFO - Sync 1 DAGs
[2025-03-22T15:39:53.153-0500] {logging_mixin.py:190} INFO - [2025-03-22T15:39:53.152-0500] {dag.py:4180} INFO - Setting next_dagrun for proceso_etl to None, run_after=None
[2025-03-22T15:39:53.179-0500] {processor.py:208} INFO - Processing /home/luis/Proyectos/PrecioDeDepartamentos/Precios-depas-git/ProyectoDepas/2.0.StaggingLayer/StagingLayerProject/Pipeline/dags/dag_etl.py took 0.958 seconds
[2025-03-22T15:40:23.648-0500] {processor.py:186} INFO - Started process (PID=10954) to work on /home/luis/Proyectos/PrecioDeDepartamentos/Precios-depas-git/ProyectoDepas/2.0.StaggingLayer/StagingLayerProject/Pipeline/dags/dag_etl.py
[2025-03-22T15:40:23.649-0500] {processor.py:914} INFO - Processing file /home/luis/Proyectos/PrecioDeDepartamentos/Precios-depas-git/ProyectoDepas/2.0.StaggingLayer/StagingLayerProject/Pipeline/dags/dag_etl.py for tasks to queue
[2025-03-22T15:40:23.650-0500] {logging_mixin.py:190} INFO - [2025-03-22T15:40:23.650-0500] {dagbag.py:588} INFO - Filling up the DagBag from /home/luis/Proyectos/PrecioDeDepartamentos/Precios-depas-git/ProyectoDepas/2.0.StaggingLayer/StagingLayerProject/Pipeline/dags/dag_etl.py
[2025-03-22T15:40:24.603-0500] {processor.py:925} INFO - DAG(s) 'proceso_etl' retrieved from /home/luis/Proyectos/PrecioDeDepartamentos/Precios-depas-git/ProyectoDepas/2.0.StaggingLayer/StagingLayerProject/Pipeline/dags/dag_etl.py
[2025-03-22T15:40:24.613-0500] {logging_mixin.py:190} INFO - [2025-03-22T15:40:24.612-0500] {dag.py:3239} INFO - Sync 1 DAGs
[2025-03-22T15:40:24.621-0500] {logging_mixin.py:190} INFO - [2025-03-22T15:40:24.621-0500] {dag.py:4180} INFO - Setting next_dagrun for proceso_etl to None, run_after=None
[2025-03-22T15:40:24.644-0500] {processor.py:208} INFO - Processing /home/luis/Proyectos/PrecioDeDepartamentos/Precios-depas-git/ProyectoDepas/2.0.StaggingLayer/StagingLayerProject/Pipeline/dags/dag_etl.py took 1.000 seconds
[2025-03-22T15:41:08.255-0500] {processor.py:186} INFO - Started process (PID=11279) to work on /home/luis/Proyectos/PrecioDeDepartamentos/Precios-depas-git/ProyectoDepas/2.0.StaggingLayer/StagingLayerProject/Pipeline/dags/dag_etl.py
[2025-03-22T15:41:08.256-0500] {processor.py:914} INFO - Processing file /home/luis/Proyectos/PrecioDeDepartamentos/Precios-depas-git/ProyectoDepas/2.0.StaggingLayer/StagingLayerProject/Pipeline/dags/dag_etl.py for tasks to queue
[2025-03-22T15:41:08.257-0500] {logging_mixin.py:190} INFO - [2025-03-22T15:41:08.257-0500] {dagbag.py:588} INFO - Filling up the DagBag from /home/luis/Proyectos/PrecioDeDepartamentos/Precios-depas-git/ProyectoDepas/2.0.StaggingLayer/StagingLayerProject/Pipeline/dags/dag_etl.py
[2025-03-22T15:41:09.164-0500] {processor.py:925} INFO - DAG(s) 'proceso_etl' retrieved from /home/luis/Proyectos/PrecioDeDepartamentos/Precios-depas-git/ProyectoDepas/2.0.StaggingLayer/StagingLayerProject/Pipeline/dags/dag_etl.py
[2025-03-22T15:41:09.174-0500] {logging_mixin.py:190} INFO - [2025-03-22T15:41:09.174-0500] {dag.py:3239} INFO - Sync 1 DAGs
[2025-03-22T15:41:09.183-0500] {logging_mixin.py:190} INFO - [2025-03-22T15:41:09.182-0500] {dag.py:4180} INFO - Setting next_dagrun for proceso_etl to None, run_after=None
[2025-03-22T15:41:09.210-0500] {processor.py:208} INFO - Processing /home/luis/Proyectos/PrecioDeDepartamentos/Precios-depas-git/ProyectoDepas/2.0.StaggingLayer/StagingLayerProject/Pipeline/dags/dag_etl.py took 0.959 seconds
[2025-03-22T15:43:34.883-0500] {processor.py:186} INFO - Started process (PID=13300) to work on /home/luis/Proyectos/PrecioDeDepartamentos/Precios-depas-git/ProyectoDepas/2.0.StaggingLayer/StagingLayerProject/Pipeline/dags/dag_etl.py
[2025-03-22T15:43:34.884-0500] {processor.py:914} INFO - Processing file /home/luis/Proyectos/PrecioDeDepartamentos/Precios-depas-git/ProyectoDepas/2.0.StaggingLayer/StagingLayerProject/Pipeline/dags/dag_etl.py for tasks to queue
[2025-03-22T15:43:34.886-0500] {logging_mixin.py:190} INFO - [2025-03-22T15:43:34.885-0500] {dagbag.py:588} INFO - Filling up the DagBag from /home/luis/Proyectos/PrecioDeDepartamentos/Precios-depas-git/ProyectoDepas/2.0.StaggingLayer/StagingLayerProject/Pipeline/dags/dag_etl.py
[2025-03-22T15:43:35.779-0500] {processor.py:925} INFO - DAG(s) 'proceso_etl' retrieved from /home/luis/Proyectos/PrecioDeDepartamentos/Precios-depas-git/ProyectoDepas/2.0.StaggingLayer/StagingLayerProject/Pipeline/dags/dag_etl.py
[2025-03-22T15:43:35.789-0500] {logging_mixin.py:190} INFO - [2025-03-22T15:43:35.789-0500] {dag.py:3239} INFO - Sync 1 DAGs
[2025-03-22T15:43:35.798-0500] {logging_mixin.py:190} INFO - [2025-03-22T15:43:35.797-0500] {dag.py:4180} INFO - Setting next_dagrun for proceso_etl to None, run_after=None
[2025-03-22T15:43:35.823-0500] {processor.py:208} INFO - Processing /home/luis/Proyectos/PrecioDeDepartamentos/Precios-depas-git/ProyectoDepas/2.0.StaggingLayer/StagingLayerProject/Pipeline/dags/dag_etl.py took 0.945 seconds
[2025-03-22T15:44:06.022-0500] {processor.py:186} INFO - Started process (PID=13551) to work on /home/luis/Proyectos/PrecioDeDepartamentos/Precios-depas-git/ProyectoDepas/2.0.StaggingLayer/StagingLayerProject/Pipeline/dags/dag_etl.py
[2025-03-22T15:44:06.030-0500] {processor.py:914} INFO - Processing file /home/luis/Proyectos/PrecioDeDepartamentos/Precios-depas-git/ProyectoDepas/2.0.StaggingLayer/StagingLayerProject/Pipeline/dags/dag_etl.py for tasks to queue
[2025-03-22T15:44:06.032-0500] {logging_mixin.py:190} INFO - [2025-03-22T15:44:06.032-0500] {dagbag.py:588} INFO - Filling up the DagBag from /home/luis/Proyectos/PrecioDeDepartamentos/Precios-depas-git/ProyectoDepas/2.0.StaggingLayer/StagingLayerProject/Pipeline/dags/dag_etl.py
[2025-03-22T15:44:06.850-0500] {processor.py:925} INFO - DAG(s) 'proceso_etl' retrieved from /home/luis/Proyectos/PrecioDeDepartamentos/Precios-depas-git/ProyectoDepas/2.0.StaggingLayer/StagingLayerProject/Pipeline/dags/dag_etl.py
[2025-03-22T15:44:06.859-0500] {logging_mixin.py:190} INFO - [2025-03-22T15:44:06.858-0500] {dag.py:3239} INFO - Sync 1 DAGs
[2025-03-22T15:44:06.867-0500] {logging_mixin.py:190} INFO - [2025-03-22T15:44:06.867-0500] {dag.py:4180} INFO - Setting next_dagrun for proceso_etl to None, run_after=None
[2025-03-22T15:44:06.888-0500] {processor.py:208} INFO - Processing /home/luis/Proyectos/PrecioDeDepartamentos/Precios-depas-git/ProyectoDepas/2.0.StaggingLayer/StagingLayerProject/Pipeline/dags/dag_etl.py took 0.869 seconds
[2025-03-22T15:44:37.030-0500] {processor.py:186} INFO - Started process (PID=13623) to work on /home/luis/Proyectos/PrecioDeDepartamentos/Precios-depas-git/ProyectoDepas/2.0.StaggingLayer/StagingLayerProject/Pipeline/dags/dag_etl.py
[2025-03-22T15:44:37.030-0500] {processor.py:914} INFO - Processing file /home/luis/Proyectos/PrecioDeDepartamentos/Precios-depas-git/ProyectoDepas/2.0.StaggingLayer/StagingLayerProject/Pipeline/dags/dag_etl.py for tasks to queue
[2025-03-22T15:44:37.032-0500] {logging_mixin.py:190} INFO - [2025-03-22T15:44:37.031-0500] {dagbag.py:588} INFO - Filling up the DagBag from /home/luis/Proyectos/PrecioDeDepartamentos/Precios-depas-git/ProyectoDepas/2.0.StaggingLayer/StagingLayerProject/Pipeline/dags/dag_etl.py
[2025-03-22T15:44:37.825-0500] {processor.py:925} INFO - DAG(s) 'proceso_etl' retrieved from /home/luis/Proyectos/PrecioDeDepartamentos/Precios-depas-git/ProyectoDepas/2.0.StaggingLayer/StagingLayerProject/Pipeline/dags/dag_etl.py
[2025-03-22T15:44:37.834-0500] {logging_mixin.py:190} INFO - [2025-03-22T15:44:37.833-0500] {dag.py:3239} INFO - Sync 1 DAGs
[2025-03-22T15:44:37.842-0500] {logging_mixin.py:190} INFO - [2025-03-22T15:44:37.842-0500] {dag.py:4180} INFO - Setting next_dagrun for proceso_etl to None, run_after=None
[2025-03-22T15:44:37.869-0500] {processor.py:208} INFO - Processing /home/luis/Proyectos/PrecioDeDepartamentos/Precios-depas-git/ProyectoDepas/2.0.StaggingLayer/StagingLayerProject/Pipeline/dags/dag_etl.py took 0.843 seconds
[2025-03-22T15:45:08.018-0500] {processor.py:186} INFO - Started process (PID=14838) to work on /home/luis/Proyectos/PrecioDeDepartamentos/Precios-depas-git/ProyectoDepas/2.0.StaggingLayer/StagingLayerProject/Pipeline/dags/dag_etl.py
[2025-03-22T15:45:08.026-0500] {processor.py:914} INFO - Processing file /home/luis/Proyectos/PrecioDeDepartamentos/Precios-depas-git/ProyectoDepas/2.0.StaggingLayer/StagingLayerProject/Pipeline/dags/dag_etl.py for tasks to queue
[2025-03-22T15:45:08.027-0500] {logging_mixin.py:190} INFO - [2025-03-22T15:45:08.027-0500] {dagbag.py:588} INFO - Filling up the DagBag from /home/luis/Proyectos/PrecioDeDepartamentos/Precios-depas-git/ProyectoDepas/2.0.StaggingLayer/StagingLayerProject/Pipeline/dags/dag_etl.py
[2025-03-22T15:45:08.887-0500] {processor.py:925} INFO - DAG(s) 'proceso_etl' retrieved from /home/luis/Proyectos/PrecioDeDepartamentos/Precios-depas-git/ProyectoDepas/2.0.StaggingLayer/StagingLayerProject/Pipeline/dags/dag_etl.py
[2025-03-22T15:45:08.897-0500] {logging_mixin.py:190} INFO - [2025-03-22T15:45:08.896-0500] {dag.py:3239} INFO - Sync 1 DAGs
[2025-03-22T15:45:08.907-0500] {logging_mixin.py:190} INFO - [2025-03-22T15:45:08.906-0500] {dag.py:4180} INFO - Setting next_dagrun for proceso_etl to None, run_after=None
[2025-03-22T15:45:08.941-0500] {processor.py:208} INFO - Processing /home/luis/Proyectos/PrecioDeDepartamentos/Precios-depas-git/ProyectoDepas/2.0.StaggingLayer/StagingLayerProject/Pipeline/dags/dag_etl.py took 0.927 seconds
[2025-03-22T15:45:39.110-0500] {processor.py:186} INFO - Started process (PID=14987) to work on /home/luis/Proyectos/PrecioDeDepartamentos/Precios-depas-git/ProyectoDepas/2.0.StaggingLayer/StagingLayerProject/Pipeline/dags/dag_etl.py
[2025-03-22T15:45:39.118-0500] {processor.py:914} INFO - Processing file /home/luis/Proyectos/PrecioDeDepartamentos/Precios-depas-git/ProyectoDepas/2.0.StaggingLayer/StagingLayerProject/Pipeline/dags/dag_etl.py for tasks to queue
[2025-03-22T15:45:39.119-0500] {logging_mixin.py:190} INFO - [2025-03-22T15:45:39.119-0500] {dagbag.py:588} INFO - Filling up the DagBag from /home/luis/Proyectos/PrecioDeDepartamentos/Precios-depas-git/ProyectoDepas/2.0.StaggingLayer/StagingLayerProject/Pipeline/dags/dag_etl.py
[2025-03-22T15:45:39.936-0500] {processor.py:925} INFO - DAG(s) 'proceso_etl' retrieved from /home/luis/Proyectos/PrecioDeDepartamentos/Precios-depas-git/ProyectoDepas/2.0.StaggingLayer/StagingLayerProject/Pipeline/dags/dag_etl.py
[2025-03-22T15:45:39.945-0500] {logging_mixin.py:190} INFO - [2025-03-22T15:45:39.945-0500] {dag.py:3239} INFO - Sync 1 DAGs
[2025-03-22T15:45:39.953-0500] {logging_mixin.py:190} INFO - [2025-03-22T15:45:39.953-0500] {dag.py:4180} INFO - Setting next_dagrun for proceso_etl to None, run_after=None
[2025-03-22T15:45:39.980-0500] {processor.py:208} INFO - Processing /home/luis/Proyectos/PrecioDeDepartamentos/Precios-depas-git/ProyectoDepas/2.0.StaggingLayer/StagingLayerProject/Pipeline/dags/dag_etl.py took 0.874 seconds
[2025-03-22T15:46:10.085-0500] {processor.py:186} INFO - Started process (PID=15048) to work on /home/luis/Proyectos/PrecioDeDepartamentos/Precios-depas-git/ProyectoDepas/2.0.StaggingLayer/StagingLayerProject/Pipeline/dags/dag_etl.py
[2025-03-22T15:46:10.093-0500] {processor.py:914} INFO - Processing file /home/luis/Proyectos/PrecioDeDepartamentos/Precios-depas-git/ProyectoDepas/2.0.StaggingLayer/StagingLayerProject/Pipeline/dags/dag_etl.py for tasks to queue
[2025-03-22T15:46:10.095-0500] {logging_mixin.py:190} INFO - [2025-03-22T15:46:10.095-0500] {dagbag.py:588} INFO - Filling up the DagBag from /home/luis/Proyectos/PrecioDeDepartamentos/Precios-depas-git/ProyectoDepas/2.0.StaggingLayer/StagingLayerProject/Pipeline/dags/dag_etl.py
[2025-03-22T15:46:11.075-0500] {processor.py:925} INFO - DAG(s) 'proceso_etl' retrieved from /home/luis/Proyectos/PrecioDeDepartamentos/Precios-depas-git/ProyectoDepas/2.0.StaggingLayer/StagingLayerProject/Pipeline/dags/dag_etl.py
[2025-03-22T15:46:11.085-0500] {logging_mixin.py:190} INFO - [2025-03-22T15:46:11.084-0500] {dag.py:3239} INFO - Sync 1 DAGs
[2025-03-22T15:46:11.095-0500] {logging_mixin.py:190} INFO - [2025-03-22T15:46:11.094-0500] {dag.py:4180} INFO - Setting next_dagrun for proceso_etl to None, run_after=None
[2025-03-22T15:46:11.133-0500] {processor.py:208} INFO - Processing /home/luis/Proyectos/PrecioDeDepartamentos/Precios-depas-git/ProyectoDepas/2.0.StaggingLayer/StagingLayerProject/Pipeline/dags/dag_etl.py took 1.052 seconds
[2025-03-22T15:46:41.257-0500] {processor.py:186} INFO - Started process (PID=15233) to work on /home/luis/Proyectos/PrecioDeDepartamentos/Precios-depas-git/ProyectoDepas/2.0.StaggingLayer/StagingLayerProject/Pipeline/dags/dag_etl.py
[2025-03-22T15:46:41.258-0500] {processor.py:914} INFO - Processing file /home/luis/Proyectos/PrecioDeDepartamentos/Precios-depas-git/ProyectoDepas/2.0.StaggingLayer/StagingLayerProject/Pipeline/dags/dag_etl.py for tasks to queue
[2025-03-22T15:46:41.259-0500] {logging_mixin.py:190} INFO - [2025-03-22T15:46:41.259-0500] {dagbag.py:588} INFO - Filling up the DagBag from /home/luis/Proyectos/PrecioDeDepartamentos/Precios-depas-git/ProyectoDepas/2.0.StaggingLayer/StagingLayerProject/Pipeline/dags/dag_etl.py
[2025-03-22T15:46:42.996-0500] {processor.py:925} INFO - DAG(s) 'proceso_etl' retrieved from /home/luis/Proyectos/PrecioDeDepartamentos/Precios-depas-git/ProyectoDepas/2.0.StaggingLayer/StagingLayerProject/Pipeline/dags/dag_etl.py
[2025-03-22T15:46:43.004-0500] {logging_mixin.py:190} INFO - [2025-03-22T15:46:43.004-0500] {dag.py:3239} INFO - Sync 1 DAGs
[2025-03-22T15:46:43.012-0500] {logging_mixin.py:190} INFO - [2025-03-22T15:46:43.012-0500] {dag.py:4180} INFO - Setting next_dagrun for proceso_etl to None, run_after=None
[2025-03-22T15:46:43.038-0500] {processor.py:208} INFO - Processing /home/luis/Proyectos/PrecioDeDepartamentos/Precios-depas-git/ProyectoDepas/2.0.StaggingLayer/StagingLayerProject/Pipeline/dags/dag_etl.py took 1.785 seconds
[2025-03-22T15:47:13.134-0500] {processor.py:186} INFO - Started process (PID=15274) to work on /home/luis/Proyectos/PrecioDeDepartamentos/Precios-depas-git/ProyectoDepas/2.0.StaggingLayer/StagingLayerProject/Pipeline/dags/dag_etl.py
[2025-03-22T15:47:13.142-0500] {processor.py:914} INFO - Processing file /home/luis/Proyectos/PrecioDeDepartamentos/Precios-depas-git/ProyectoDepas/2.0.StaggingLayer/StagingLayerProject/Pipeline/dags/dag_etl.py for tasks to queue
[2025-03-22T15:47:13.144-0500] {logging_mixin.py:190} INFO - [2025-03-22T15:47:13.144-0500] {dagbag.py:588} INFO - Filling up the DagBag from /home/luis/Proyectos/PrecioDeDepartamentos/Precios-depas-git/ProyectoDepas/2.0.StaggingLayer/StagingLayerProject/Pipeline/dags/dag_etl.py
[2025-03-22T15:47:14.072-0500] {processor.py:925} INFO - DAG(s) 'proceso_etl' retrieved from /home/luis/Proyectos/PrecioDeDepartamentos/Precios-depas-git/ProyectoDepas/2.0.StaggingLayer/StagingLayerProject/Pipeline/dags/dag_etl.py
[2025-03-22T15:47:14.087-0500] {logging_mixin.py:190} INFO - [2025-03-22T15:47:14.086-0500] {dag.py:3239} INFO - Sync 1 DAGs
[2025-03-22T15:47:14.097-0500] {logging_mixin.py:190} INFO - [2025-03-22T15:47:14.097-0500] {dag.py:4180} INFO - Setting next_dagrun for proceso_etl to None, run_after=None
[2025-03-22T15:47:14.119-0500] {processor.py:208} INFO - Processing /home/luis/Proyectos/PrecioDeDepartamentos/Precios-depas-git/ProyectoDepas/2.0.StaggingLayer/StagingLayerProject/Pipeline/dags/dag_etl.py took 0.989 seconds
[2025-03-22T15:47:44.221-0500] {processor.py:186} INFO - Started process (PID=15458) to work on /home/luis/Proyectos/PrecioDeDepartamentos/Precios-depas-git/ProyectoDepas/2.0.StaggingLayer/StagingLayerProject/Pipeline/dags/dag_etl.py
[2025-03-22T15:47:44.221-0500] {processor.py:914} INFO - Processing file /home/luis/Proyectos/PrecioDeDepartamentos/Precios-depas-git/ProyectoDepas/2.0.StaggingLayer/StagingLayerProject/Pipeline/dags/dag_etl.py for tasks to queue
[2025-03-22T15:47:44.223-0500] {logging_mixin.py:190} INFO - [2025-03-22T15:47:44.223-0500] {dagbag.py:588} INFO - Filling up the DagBag from /home/luis/Proyectos/PrecioDeDepartamentos/Precios-depas-git/ProyectoDepas/2.0.StaggingLayer/StagingLayerProject/Pipeline/dags/dag_etl.py
[2025-03-22T15:47:45.032-0500] {processor.py:925} INFO - DAG(s) 'proceso_etl' retrieved from /home/luis/Proyectos/PrecioDeDepartamentos/Precios-depas-git/ProyectoDepas/2.0.StaggingLayer/StagingLayerProject/Pipeline/dags/dag_etl.py
[2025-03-22T15:47:45.041-0500] {logging_mixin.py:190} INFO - [2025-03-22T15:47:45.040-0500] {dag.py:3239} INFO - Sync 1 DAGs
[2025-03-22T15:47:45.049-0500] {logging_mixin.py:190} INFO - [2025-03-22T15:47:45.049-0500] {dag.py:4180} INFO - Setting next_dagrun for proceso_etl to None, run_after=None
[2025-03-22T15:47:45.882-0500] {processor.py:208} INFO - Processing /home/luis/Proyectos/PrecioDeDepartamentos/Precios-depas-git/ProyectoDepas/2.0.StaggingLayer/StagingLayerProject/Pipeline/dags/dag_etl.py took 1.665 seconds
[2025-03-22T15:48:16.034-0500] {processor.py:186} INFO - Started process (PID=15561) to work on /home/luis/Proyectos/PrecioDeDepartamentos/Precios-depas-git/ProyectoDepas/2.0.StaggingLayer/StagingLayerProject/Pipeline/dags/dag_etl.py
[2025-03-22T15:48:16.042-0500] {processor.py:914} INFO - Processing file /home/luis/Proyectos/PrecioDeDepartamentos/Precios-depas-git/ProyectoDepas/2.0.StaggingLayer/StagingLayerProject/Pipeline/dags/dag_etl.py for tasks to queue
[2025-03-22T15:48:16.044-0500] {logging_mixin.py:190} INFO - [2025-03-22T15:48:16.044-0500] {dagbag.py:588} INFO - Filling up the DagBag from /home/luis/Proyectos/PrecioDeDepartamentos/Precios-depas-git/ProyectoDepas/2.0.StaggingLayer/StagingLayerProject/Pipeline/dags/dag_etl.py
[2025-03-22T15:48:16.878-0500] {processor.py:925} INFO - DAG(s) 'proceso_etl' retrieved from /home/luis/Proyectos/PrecioDeDepartamentos/Precios-depas-git/ProyectoDepas/2.0.StaggingLayer/StagingLayerProject/Pipeline/dags/dag_etl.py
[2025-03-22T15:48:16.887-0500] {logging_mixin.py:190} INFO - [2025-03-22T15:48:16.887-0500] {dag.py:3239} INFO - Sync 1 DAGs
[2025-03-22T15:48:16.896-0500] {logging_mixin.py:190} INFO - [2025-03-22T15:48:16.896-0500] {dag.py:4180} INFO - Setting next_dagrun for proceso_etl to None, run_after=None
[2025-03-22T15:48:16.923-0500] {processor.py:208} INFO - Processing /home/luis/Proyectos/PrecioDeDepartamentos/Precios-depas-git/ProyectoDepas/2.0.StaggingLayer/StagingLayerProject/Pipeline/dags/dag_etl.py took 0.893 seconds
[2025-03-22T15:48:47.020-0500] {processor.py:186} INFO - Started process (PID=15675) to work on /home/luis/Proyectos/PrecioDeDepartamentos/Precios-depas-git/ProyectoDepas/2.0.StaggingLayer/StagingLayerProject/Pipeline/dags/dag_etl.py
[2025-03-22T15:48:47.021-0500] {processor.py:914} INFO - Processing file /home/luis/Proyectos/PrecioDeDepartamentos/Precios-depas-git/ProyectoDepas/2.0.StaggingLayer/StagingLayerProject/Pipeline/dags/dag_etl.py for tasks to queue
[2025-03-22T15:48:47.023-0500] {logging_mixin.py:190} INFO - [2025-03-22T15:48:47.023-0500] {dagbag.py:588} INFO - Filling up the DagBag from /home/luis/Proyectos/PrecioDeDepartamentos/Precios-depas-git/ProyectoDepas/2.0.StaggingLayer/StagingLayerProject/Pipeline/dags/dag_etl.py
[2025-03-22T15:48:47.885-0500] {processor.py:925} INFO - DAG(s) 'proceso_etl' retrieved from /home/luis/Proyectos/PrecioDeDepartamentos/Precios-depas-git/ProyectoDepas/2.0.StaggingLayer/StagingLayerProject/Pipeline/dags/dag_etl.py
[2025-03-22T15:48:47.894-0500] {logging_mixin.py:190} INFO - [2025-03-22T15:48:47.894-0500] {dag.py:3239} INFO - Sync 1 DAGs
[2025-03-22T15:48:47.903-0500] {logging_mixin.py:190} INFO - [2025-03-22T15:48:47.903-0500] {dag.py:4180} INFO - Setting next_dagrun for proceso_etl to None, run_after=None
[2025-03-22T15:48:47.928-0500] {processor.py:208} INFO - Processing /home/luis/Proyectos/PrecioDeDepartamentos/Precios-depas-git/ProyectoDepas/2.0.StaggingLayer/StagingLayerProject/Pipeline/dags/dag_etl.py took 0.911 seconds
[2025-03-22T15:49:18.109-0500] {processor.py:186} INFO - Started process (PID=15784) to work on /home/luis/Proyectos/PrecioDeDepartamentos/Precios-depas-git/ProyectoDepas/2.0.StaggingLayer/StagingLayerProject/Pipeline/dags/dag_etl.py
[2025-03-22T15:49:18.117-0500] {processor.py:914} INFO - Processing file /home/luis/Proyectos/PrecioDeDepartamentos/Precios-depas-git/ProyectoDepas/2.0.StaggingLayer/StagingLayerProject/Pipeline/dags/dag_etl.py for tasks to queue
[2025-03-22T15:49:18.119-0500] {logging_mixin.py:190} INFO - [2025-03-22T15:49:18.119-0500] {dagbag.py:588} INFO - Filling up the DagBag from /home/luis/Proyectos/PrecioDeDepartamentos/Precios-depas-git/ProyectoDepas/2.0.StaggingLayer/StagingLayerProject/Pipeline/dags/dag_etl.py
[2025-03-22T15:49:18.992-0500] {processor.py:925} INFO - DAG(s) 'proceso_etl' retrieved from /home/luis/Proyectos/PrecioDeDepartamentos/Precios-depas-git/ProyectoDepas/2.0.StaggingLayer/StagingLayerProject/Pipeline/dags/dag_etl.py
[2025-03-22T15:49:19.001-0500] {logging_mixin.py:190} INFO - [2025-03-22T15:49:19.000-0500] {dag.py:3239} INFO - Sync 1 DAGs
[2025-03-22T15:49:19.008-0500] {logging_mixin.py:190} INFO - [2025-03-22T15:49:19.008-0500] {dag.py:4180} INFO - Setting next_dagrun for proceso_etl to None, run_after=None
[2025-03-22T15:49:19.039-0500] {processor.py:208} INFO - Processing /home/luis/Proyectos/PrecioDeDepartamentos/Precios-depas-git/ProyectoDepas/2.0.StaggingLayer/StagingLayerProject/Pipeline/dags/dag_etl.py took 0.933 seconds
[2025-03-22T15:49:49.181-0500] {processor.py:186} INFO - Started process (PID=17251) to work on /home/luis/Proyectos/PrecioDeDepartamentos/Precios-depas-git/ProyectoDepas/2.0.StaggingLayer/StagingLayerProject/Pipeline/dags/dag_etl.py
[2025-03-22T15:49:49.189-0500] {processor.py:914} INFO - Processing file /home/luis/Proyectos/PrecioDeDepartamentos/Precios-depas-git/ProyectoDepas/2.0.StaggingLayer/StagingLayerProject/Pipeline/dags/dag_etl.py for tasks to queue
[2025-03-22T15:49:49.190-0500] {logging_mixin.py:190} INFO - [2025-03-22T15:49:49.190-0500] {dagbag.py:588} INFO - Filling up the DagBag from /home/luis/Proyectos/PrecioDeDepartamentos/Precios-depas-git/ProyectoDepas/2.0.StaggingLayer/StagingLayerProject/Pipeline/dags/dag_etl.py
[2025-03-22T15:49:49.987-0500] {processor.py:925} INFO - DAG(s) 'proceso_etl' retrieved from /home/luis/Proyectos/PrecioDeDepartamentos/Precios-depas-git/ProyectoDepas/2.0.StaggingLayer/StagingLayerProject/Pipeline/dags/dag_etl.py
[2025-03-22T15:49:49.996-0500] {logging_mixin.py:190} INFO - [2025-03-22T15:49:49.995-0500] {dag.py:3239} INFO - Sync 1 DAGs
[2025-03-22T15:49:50.003-0500] {logging_mixin.py:190} INFO - [2025-03-22T15:49:50.003-0500] {dag.py:4180} INFO - Setting next_dagrun for proceso_etl to None, run_after=None
[2025-03-22T15:49:50.034-0500] {processor.py:208} INFO - Processing /home/luis/Proyectos/PrecioDeDepartamentos/Precios-depas-git/ProyectoDepas/2.0.StaggingLayer/StagingLayerProject/Pipeline/dags/dag_etl.py took 0.856 seconds
[2025-03-22T15:50:20.163-0500] {processor.py:186} INFO - Started process (PID=17294) to work on /home/luis/Proyectos/PrecioDeDepartamentos/Precios-depas-git/ProyectoDepas/2.0.StaggingLayer/StagingLayerProject/Pipeline/dags/dag_etl.py
[2025-03-22T15:50:20.171-0500] {processor.py:914} INFO - Processing file /home/luis/Proyectos/PrecioDeDepartamentos/Precios-depas-git/ProyectoDepas/2.0.StaggingLayer/StagingLayerProject/Pipeline/dags/dag_etl.py for tasks to queue
[2025-03-22T15:50:20.173-0500] {logging_mixin.py:190} INFO - [2025-03-22T15:50:20.172-0500] {dagbag.py:588} INFO - Filling up the DagBag from /home/luis/Proyectos/PrecioDeDepartamentos/Precios-depas-git/ProyectoDepas/2.0.StaggingLayer/StagingLayerProject/Pipeline/dags/dag_etl.py
[2025-03-22T15:50:20.998-0500] {processor.py:925} INFO - DAG(s) 'proceso_etl' retrieved from /home/luis/Proyectos/PrecioDeDepartamentos/Precios-depas-git/ProyectoDepas/2.0.StaggingLayer/StagingLayerProject/Pipeline/dags/dag_etl.py
[2025-03-22T15:50:21.007-0500] {logging_mixin.py:190} INFO - [2025-03-22T15:50:21.007-0500] {dag.py:3239} INFO - Sync 1 DAGs
[2025-03-22T15:50:21.015-0500] {logging_mixin.py:190} INFO - [2025-03-22T15:50:21.015-0500] {dag.py:4180} INFO - Setting next_dagrun for proceso_etl to None, run_after=None
[2025-03-22T15:50:21.050-0500] {processor.py:208} INFO - Processing /home/luis/Proyectos/PrecioDeDepartamentos/Precios-depas-git/ProyectoDepas/2.0.StaggingLayer/StagingLayerProject/Pipeline/dags/dag_etl.py took 0.892 seconds
[2025-03-22T15:50:51.141-0500] {processor.py:186} INFO - Started process (PID=17366) to work on /home/luis/Proyectos/PrecioDeDepartamentos/Precios-depas-git/ProyectoDepas/2.0.StaggingLayer/StagingLayerProject/Pipeline/dags/dag_etl.py
[2025-03-22T15:50:51.142-0500] {processor.py:914} INFO - Processing file /home/luis/Proyectos/PrecioDeDepartamentos/Precios-depas-git/ProyectoDepas/2.0.StaggingLayer/StagingLayerProject/Pipeline/dags/dag_etl.py for tasks to queue
[2025-03-22T15:50:51.143-0500] {logging_mixin.py:190} INFO - [2025-03-22T15:50:51.143-0500] {dagbag.py:588} INFO - Filling up the DagBag from /home/luis/Proyectos/PrecioDeDepartamentos/Precios-depas-git/ProyectoDepas/2.0.StaggingLayer/StagingLayerProject/Pipeline/dags/dag_etl.py
[2025-03-22T15:50:51.945-0500] {processor.py:925} INFO - DAG(s) 'proceso_etl' retrieved from /home/luis/Proyectos/PrecioDeDepartamentos/Precios-depas-git/ProyectoDepas/2.0.StaggingLayer/StagingLayerProject/Pipeline/dags/dag_etl.py
[2025-03-22T15:50:51.953-0500] {logging_mixin.py:190} INFO - [2025-03-22T15:50:51.953-0500] {dag.py:3239} INFO - Sync 1 DAGs
[2025-03-22T15:50:51.961-0500] {logging_mixin.py:190} INFO - [2025-03-22T15:50:51.961-0500] {dag.py:4180} INFO - Setting next_dagrun for proceso_etl to None, run_after=None
[2025-03-22T15:50:51.987-0500] {processor.py:208} INFO - Processing /home/luis/Proyectos/PrecioDeDepartamentos/Precios-depas-git/ProyectoDepas/2.0.StaggingLayer/StagingLayerProject/Pipeline/dags/dag_etl.py took 0.849 seconds
[2025-03-22T15:51:22.123-0500] {processor.py:186} INFO - Started process (PID=17445) to work on /home/luis/Proyectos/PrecioDeDepartamentos/Precios-depas-git/ProyectoDepas/2.0.StaggingLayer/StagingLayerProject/Pipeline/dags/dag_etl.py
[2025-03-22T15:51:22.131-0500] {processor.py:914} INFO - Processing file /home/luis/Proyectos/PrecioDeDepartamentos/Precios-depas-git/ProyectoDepas/2.0.StaggingLayer/StagingLayerProject/Pipeline/dags/dag_etl.py for tasks to queue
[2025-03-22T15:51:22.133-0500] {logging_mixin.py:190} INFO - [2025-03-22T15:51:22.133-0500] {dagbag.py:588} INFO - Filling up the DagBag from /home/luis/Proyectos/PrecioDeDepartamentos/Precios-depas-git/ProyectoDepas/2.0.StaggingLayer/StagingLayerProject/Pipeline/dags/dag_etl.py
[2025-03-22T15:51:22.937-0500] {processor.py:925} INFO - DAG(s) 'proceso_etl' retrieved from /home/luis/Proyectos/PrecioDeDepartamentos/Precios-depas-git/ProyectoDepas/2.0.StaggingLayer/StagingLayerProject/Pipeline/dags/dag_etl.py
[2025-03-22T15:51:22.946-0500] {logging_mixin.py:190} INFO - [2025-03-22T15:51:22.945-0500] {dag.py:3239} INFO - Sync 1 DAGs
[2025-03-22T15:51:22.954-0500] {logging_mixin.py:190} INFO - [2025-03-22T15:51:22.953-0500] {dag.py:4180} INFO - Setting next_dagrun for proceso_etl to None, run_after=None
[2025-03-22T15:51:23.003-0500] {processor.py:208} INFO - Processing /home/luis/Proyectos/PrecioDeDepartamentos/Precios-depas-git/ProyectoDepas/2.0.StaggingLayer/StagingLayerProject/Pipeline/dags/dag_etl.py took 0.883 seconds
[2025-03-22T15:51:53.101-0500] {processor.py:186} INFO - Started process (PID=17495) to work on /home/luis/Proyectos/PrecioDeDepartamentos/Precios-depas-git/ProyectoDepas/2.0.StaggingLayer/StagingLayerProject/Pipeline/dags/dag_etl.py
[2025-03-22T15:51:53.109-0500] {processor.py:914} INFO - Processing file /home/luis/Proyectos/PrecioDeDepartamentos/Precios-depas-git/ProyectoDepas/2.0.StaggingLayer/StagingLayerProject/Pipeline/dags/dag_etl.py for tasks to queue
[2025-03-22T15:51:53.111-0500] {logging_mixin.py:190} INFO - [2025-03-22T15:51:53.111-0500] {dagbag.py:588} INFO - Filling up the DagBag from /home/luis/Proyectos/PrecioDeDepartamentos/Precios-depas-git/ProyectoDepas/2.0.StaggingLayer/StagingLayerProject/Pipeline/dags/dag_etl.py
[2025-03-22T15:51:53.912-0500] {processor.py:925} INFO - DAG(s) 'proceso_etl' retrieved from /home/luis/Proyectos/PrecioDeDepartamentos/Precios-depas-git/ProyectoDepas/2.0.StaggingLayer/StagingLayerProject/Pipeline/dags/dag_etl.py
[2025-03-22T15:51:53.921-0500] {logging_mixin.py:190} INFO - [2025-03-22T15:51:53.921-0500] {dag.py:3239} INFO - Sync 1 DAGs
[2025-03-22T15:51:53.928-0500] {logging_mixin.py:190} INFO - [2025-03-22T15:51:53.928-0500] {dag.py:4180} INFO - Setting next_dagrun for proceso_etl to None, run_after=None
[2025-03-22T15:51:53.976-0500] {processor.py:208} INFO - Processing /home/luis/Proyectos/PrecioDeDepartamentos/Precios-depas-git/ProyectoDepas/2.0.StaggingLayer/StagingLayerProject/Pipeline/dags/dag_etl.py took 0.879 seconds
[2025-03-22T15:52:24.075-0500] {processor.py:186} INFO - Started process (PID=17537) to work on /home/luis/Proyectos/PrecioDeDepartamentos/Precios-depas-git/ProyectoDepas/2.0.StaggingLayer/StagingLayerProject/Pipeline/dags/dag_etl.py
[2025-03-22T15:52:24.083-0500] {processor.py:914} INFO - Processing file /home/luis/Proyectos/PrecioDeDepartamentos/Precios-depas-git/ProyectoDepas/2.0.StaggingLayer/StagingLayerProject/Pipeline/dags/dag_etl.py for tasks to queue
[2025-03-22T15:52:24.084-0500] {logging_mixin.py:190} INFO - [2025-03-22T15:52:24.084-0500] {dagbag.py:588} INFO - Filling up the DagBag from /home/luis/Proyectos/PrecioDeDepartamentos/Precios-depas-git/ProyectoDepas/2.0.StaggingLayer/StagingLayerProject/Pipeline/dags/dag_etl.py
[2025-03-22T15:52:24.852-0500] {processor.py:925} INFO - DAG(s) 'proceso_etl' retrieved from /home/luis/Proyectos/PrecioDeDepartamentos/Precios-depas-git/ProyectoDepas/2.0.StaggingLayer/StagingLayerProject/Pipeline/dags/dag_etl.py
[2025-03-22T15:52:24.861-0500] {logging_mixin.py:190} INFO - [2025-03-22T15:52:24.860-0500] {dag.py:3239} INFO - Sync 1 DAGs
[2025-03-22T15:52:24.868-0500] {logging_mixin.py:190} INFO - [2025-03-22T15:52:24.868-0500] {dag.py:4180} INFO - Setting next_dagrun for proceso_etl to None, run_after=None
[2025-03-22T15:52:24.905-0500] {processor.py:208} INFO - Processing /home/luis/Proyectos/PrecioDeDepartamentos/Precios-depas-git/ProyectoDepas/2.0.StaggingLayer/StagingLayerProject/Pipeline/dags/dag_etl.py took 0.834 seconds
[2025-03-22T15:52:55.053-0500] {processor.py:186} INFO - Started process (PID=17635) to work on /home/luis/Proyectos/PrecioDeDepartamentos/Precios-depas-git/ProyectoDepas/2.0.StaggingLayer/StagingLayerProject/Pipeline/dags/dag_etl.py
[2025-03-22T15:52:55.061-0500] {processor.py:914} INFO - Processing file /home/luis/Proyectos/PrecioDeDepartamentos/Precios-depas-git/ProyectoDepas/2.0.StaggingLayer/StagingLayerProject/Pipeline/dags/dag_etl.py for tasks to queue
[2025-03-22T15:52:55.062-0500] {logging_mixin.py:190} INFO - [2025-03-22T15:52:55.062-0500] {dagbag.py:588} INFO - Filling up the DagBag from /home/luis/Proyectos/PrecioDeDepartamentos/Precios-depas-git/ProyectoDepas/2.0.StaggingLayer/StagingLayerProject/Pipeline/dags/dag_etl.py
[2025-03-22T15:52:55.887-0500] {processor.py:925} INFO - DAG(s) 'proceso_etl' retrieved from /home/luis/Proyectos/PrecioDeDepartamentos/Precios-depas-git/ProyectoDepas/2.0.StaggingLayer/StagingLayerProject/Pipeline/dags/dag_etl.py
[2025-03-22T15:52:55.896-0500] {logging_mixin.py:190} INFO - [2025-03-22T15:52:55.896-0500] {dag.py:3239} INFO - Sync 1 DAGs
[2025-03-22T15:52:55.904-0500] {logging_mixin.py:190} INFO - [2025-03-22T15:52:55.904-0500] {dag.py:4180} INFO - Setting next_dagrun for proceso_etl to None, run_after=None
[2025-03-22T15:52:55.932-0500] {processor.py:208} INFO - Processing /home/luis/Proyectos/PrecioDeDepartamentos/Precios-depas-git/ProyectoDepas/2.0.StaggingLayer/StagingLayerProject/Pipeline/dags/dag_etl.py took 0.882 seconds
[2025-03-22T15:53:26.046-0500] {processor.py:186} INFO - Started process (PID=19103) to work on /home/luis/Proyectos/PrecioDeDepartamentos/Precios-depas-git/ProyectoDepas/2.0.StaggingLayer/StagingLayerProject/Pipeline/dags/dag_etl.py
[2025-03-22T15:53:26.054-0500] {processor.py:914} INFO - Processing file /home/luis/Proyectos/PrecioDeDepartamentos/Precios-depas-git/ProyectoDepas/2.0.StaggingLayer/StagingLayerProject/Pipeline/dags/dag_etl.py for tasks to queue
[2025-03-22T15:53:26.057-0500] {logging_mixin.py:190} INFO - [2025-03-22T15:53:26.056-0500] {dagbag.py:588} INFO - Filling up the DagBag from /home/luis/Proyectos/PrecioDeDepartamentos/Precios-depas-git/ProyectoDepas/2.0.StaggingLayer/StagingLayerProject/Pipeline/dags/dag_etl.py
[2025-03-22T15:53:27.353-0500] {processor.py:925} INFO - DAG(s) 'proceso_etl' retrieved from /home/luis/Proyectos/PrecioDeDepartamentos/Precios-depas-git/ProyectoDepas/2.0.StaggingLayer/StagingLayerProject/Pipeline/dags/dag_etl.py
[2025-03-22T15:53:27.362-0500] {logging_mixin.py:190} INFO - [2025-03-22T15:53:27.362-0500] {dag.py:3239} INFO - Sync 1 DAGs
[2025-03-22T15:53:27.370-0500] {logging_mixin.py:190} INFO - [2025-03-22T15:53:27.370-0500] {dag.py:4180} INFO - Setting next_dagrun for proceso_etl to None, run_after=None
[2025-03-22T15:53:27.466-0500] {processor.py:208} INFO - Processing /home/luis/Proyectos/PrecioDeDepartamentos/Precios-depas-git/ProyectoDepas/2.0.StaggingLayer/StagingLayerProject/Pipeline/dags/dag_etl.py took 1.427 seconds
[2025-03-22T15:53:57.637-0500] {processor.py:186} INFO - Started process (PID=19614) to work on /home/luis/Proyectos/PrecioDeDepartamentos/Precios-depas-git/ProyectoDepas/2.0.StaggingLayer/StagingLayerProject/Pipeline/dags/dag_etl.py
[2025-03-22T15:53:57.638-0500] {processor.py:914} INFO - Processing file /home/luis/Proyectos/PrecioDeDepartamentos/Precios-depas-git/ProyectoDepas/2.0.StaggingLayer/StagingLayerProject/Pipeline/dags/dag_etl.py for tasks to queue
[2025-03-22T15:53:57.639-0500] {logging_mixin.py:190} INFO - [2025-03-22T15:53:57.639-0500] {dagbag.py:588} INFO - Filling up the DagBag from /home/luis/Proyectos/PrecioDeDepartamentos/Precios-depas-git/ProyectoDepas/2.0.StaggingLayer/StagingLayerProject/Pipeline/dags/dag_etl.py
[2025-03-22T15:53:58.619-0500] {processor.py:925} INFO - DAG(s) 'proceso_etl' retrieved from /home/luis/Proyectos/PrecioDeDepartamentos/Precios-depas-git/ProyectoDepas/2.0.StaggingLayer/StagingLayerProject/Pipeline/dags/dag_etl.py
[2025-03-22T15:53:58.632-0500] {logging_mixin.py:190} INFO - [2025-03-22T15:53:58.631-0500] {dag.py:3239} INFO - Sync 1 DAGs
[2025-03-22T15:53:58.644-0500] {logging_mixin.py:190} INFO - [2025-03-22T15:53:58.644-0500] {dag.py:4180} INFO - Setting next_dagrun for proceso_etl to None, run_after=None
[2025-03-22T15:53:58.673-0500] {processor.py:208} INFO - Processing /home/luis/Proyectos/PrecioDeDepartamentos/Precios-depas-git/ProyectoDepas/2.0.StaggingLayer/StagingLayerProject/Pipeline/dags/dag_etl.py took 1.039 seconds
[2025-03-22T15:54:28.856-0500] {processor.py:186} INFO - Started process (PID=21087) to work on /home/luis/Proyectos/PrecioDeDepartamentos/Precios-depas-git/ProyectoDepas/2.0.StaggingLayer/StagingLayerProject/Pipeline/dags/dag_etl.py
[2025-03-22T15:54:28.857-0500] {processor.py:914} INFO - Processing file /home/luis/Proyectos/PrecioDeDepartamentos/Precios-depas-git/ProyectoDepas/2.0.StaggingLayer/StagingLayerProject/Pipeline/dags/dag_etl.py for tasks to queue
[2025-03-22T15:54:28.859-0500] {logging_mixin.py:190} INFO - [2025-03-22T15:54:28.859-0500] {dagbag.py:588} INFO - Filling up the DagBag from /home/luis/Proyectos/PrecioDeDepartamentos/Precios-depas-git/ProyectoDepas/2.0.StaggingLayer/StagingLayerProject/Pipeline/dags/dag_etl.py
[2025-03-22T15:54:29.951-0500] {processor.py:925} INFO - DAG(s) 'proceso_etl' retrieved from /home/luis/Proyectos/PrecioDeDepartamentos/Precios-depas-git/ProyectoDepas/2.0.StaggingLayer/StagingLayerProject/Pipeline/dags/dag_etl.py
[2025-03-22T15:54:29.960-0500] {logging_mixin.py:190} INFO - [2025-03-22T15:54:29.960-0500] {dag.py:3239} INFO - Sync 1 DAGs
[2025-03-22T15:54:29.971-0500] {logging_mixin.py:190} INFO - [2025-03-22T15:54:29.971-0500] {dag.py:4180} INFO - Setting next_dagrun for proceso_etl to None, run_after=None
[2025-03-22T15:54:30.001-0500] {processor.py:208} INFO - Processing /home/luis/Proyectos/PrecioDeDepartamentos/Precios-depas-git/ProyectoDepas/2.0.StaggingLayer/StagingLayerProject/Pipeline/dags/dag_etl.py took 1.152 seconds
[2025-03-22T15:55:00.152-0500] {processor.py:186} INFO - Started process (PID=21472) to work on /home/luis/Proyectos/PrecioDeDepartamentos/Precios-depas-git/ProyectoDepas/2.0.StaggingLayer/StagingLayerProject/Pipeline/dags/dag_etl.py
[2025-03-22T15:55:00.160-0500] {processor.py:914} INFO - Processing file /home/luis/Proyectos/PrecioDeDepartamentos/Precios-depas-git/ProyectoDepas/2.0.StaggingLayer/StagingLayerProject/Pipeline/dags/dag_etl.py for tasks to queue
[2025-03-22T15:55:00.162-0500] {logging_mixin.py:190} INFO - [2025-03-22T15:55:00.161-0500] {dagbag.py:588} INFO - Filling up the DagBag from /home/luis/Proyectos/PrecioDeDepartamentos/Precios-depas-git/ProyectoDepas/2.0.StaggingLayer/StagingLayerProject/Pipeline/dags/dag_etl.py
[2025-03-22T15:55:01.013-0500] {processor.py:925} INFO - DAG(s) 'proceso_etl' retrieved from /home/luis/Proyectos/PrecioDeDepartamentos/Precios-depas-git/ProyectoDepas/2.0.StaggingLayer/StagingLayerProject/Pipeline/dags/dag_etl.py
[2025-03-22T15:55:01.023-0500] {logging_mixin.py:190} INFO - [2025-03-22T15:55:01.022-0500] {dag.py:3239} INFO - Sync 1 DAGs
[2025-03-22T15:55:01.030-0500] {logging_mixin.py:190} INFO - [2025-03-22T15:55:01.030-0500] {dag.py:4180} INFO - Setting next_dagrun for proceso_etl to None, run_after=None
[2025-03-22T15:55:01.083-0500] {processor.py:208} INFO - Processing /home/luis/Proyectos/PrecioDeDepartamentos/Precios-depas-git/ProyectoDepas/2.0.StaggingLayer/StagingLayerProject/Pipeline/dags/dag_etl.py took 0.935 seconds
[2025-03-22T15:55:31.233-0500] {processor.py:186} INFO - Started process (PID=22112) to work on /home/luis/Proyectos/PrecioDeDepartamentos/Precios-depas-git/ProyectoDepas/2.0.StaggingLayer/StagingLayerProject/Pipeline/dags/dag_etl.py
[2025-03-22T15:55:31.233-0500] {processor.py:914} INFO - Processing file /home/luis/Proyectos/PrecioDeDepartamentos/Precios-depas-git/ProyectoDepas/2.0.StaggingLayer/StagingLayerProject/Pipeline/dags/dag_etl.py for tasks to queue
[2025-03-22T15:55:31.235-0500] {logging_mixin.py:190} INFO - [2025-03-22T15:55:31.235-0500] {dagbag.py:588} INFO - Filling up the DagBag from /home/luis/Proyectos/PrecioDeDepartamentos/Precios-depas-git/ProyectoDepas/2.0.StaggingLayer/StagingLayerProject/Pipeline/dags/dag_etl.py
[2025-03-22T15:55:32.109-0500] {processor.py:925} INFO - DAG(s) 'proceso_etl' retrieved from /home/luis/Proyectos/PrecioDeDepartamentos/Precios-depas-git/ProyectoDepas/2.0.StaggingLayer/StagingLayerProject/Pipeline/dags/dag_etl.py
[2025-03-22T15:55:32.119-0500] {logging_mixin.py:190} INFO - [2025-03-22T15:55:32.119-0500] {dag.py:3239} INFO - Sync 1 DAGs
[2025-03-22T15:55:32.129-0500] {logging_mixin.py:190} INFO - [2025-03-22T15:55:32.129-0500] {dag.py:4180} INFO - Setting next_dagrun for proceso_etl to None, run_after=None
[2025-03-22T15:55:32.174-0500] {processor.py:208} INFO - Processing /home/luis/Proyectos/PrecioDeDepartamentos/Precios-depas-git/ProyectoDepas/2.0.StaggingLayer/StagingLayerProject/Pipeline/dags/dag_etl.py took 0.946 seconds
[2025-03-22T15:56:02.312-0500] {processor.py:186} INFO - Started process (PID=22189) to work on /home/luis/Proyectos/PrecioDeDepartamentos/Precios-depas-git/ProyectoDepas/2.0.StaggingLayer/StagingLayerProject/Pipeline/dags/dag_etl.py
[2025-03-22T15:56:02.313-0500] {processor.py:914} INFO - Processing file /home/luis/Proyectos/PrecioDeDepartamentos/Precios-depas-git/ProyectoDepas/2.0.StaggingLayer/StagingLayerProject/Pipeline/dags/dag_etl.py for tasks to queue
[2025-03-22T15:56:02.315-0500] {logging_mixin.py:190} INFO - [2025-03-22T15:56:02.314-0500] {dagbag.py:588} INFO - Filling up the DagBag from /home/luis/Proyectos/PrecioDeDepartamentos/Precios-depas-git/ProyectoDepas/2.0.StaggingLayer/StagingLayerProject/Pipeline/dags/dag_etl.py
[2025-03-22T15:56:03.116-0500] {processor.py:925} INFO - DAG(s) 'proceso_etl' retrieved from /home/luis/Proyectos/PrecioDeDepartamentos/Precios-depas-git/ProyectoDepas/2.0.StaggingLayer/StagingLayerProject/Pipeline/dags/dag_etl.py
[2025-03-22T15:56:03.124-0500] {logging_mixin.py:190} INFO - [2025-03-22T15:56:03.124-0500] {dag.py:3239} INFO - Sync 1 DAGs
[2025-03-22T15:56:03.131-0500] {logging_mixin.py:190} INFO - [2025-03-22T15:56:03.131-0500] {dag.py:4180} INFO - Setting next_dagrun for proceso_etl to None, run_after=None
[2025-03-22T15:56:03.149-0500] {processor.py:208} INFO - Processing /home/luis/Proyectos/PrecioDeDepartamentos/Precios-depas-git/ProyectoDepas/2.0.StaggingLayer/StagingLayerProject/Pipeline/dags/dag_etl.py took 0.840 seconds
[2025-03-22T15:56:33.326-0500] {processor.py:186} INFO - Started process (PID=23622) to work on /home/luis/Proyectos/PrecioDeDepartamentos/Precios-depas-git/ProyectoDepas/2.0.StaggingLayer/StagingLayerProject/Pipeline/dags/dag_etl.py
[2025-03-22T15:56:33.327-0500] {processor.py:914} INFO - Processing file /home/luis/Proyectos/PrecioDeDepartamentos/Precios-depas-git/ProyectoDepas/2.0.StaggingLayer/StagingLayerProject/Pipeline/dags/dag_etl.py for tasks to queue
[2025-03-22T15:56:33.328-0500] {logging_mixin.py:190} INFO - [2025-03-22T15:56:33.328-0500] {dagbag.py:588} INFO - Filling up the DagBag from /home/luis/Proyectos/PrecioDeDepartamentos/Precios-depas-git/ProyectoDepas/2.0.StaggingLayer/StagingLayerProject/Pipeline/dags/dag_etl.py
[2025-03-22T15:56:34.247-0500] {processor.py:925} INFO - DAG(s) 'proceso_etl' retrieved from /home/luis/Proyectos/PrecioDeDepartamentos/Precios-depas-git/ProyectoDepas/2.0.StaggingLayer/StagingLayerProject/Pipeline/dags/dag_etl.py
[2025-03-22T15:56:34.256-0500] {logging_mixin.py:190} INFO - [2025-03-22T15:56:34.256-0500] {dag.py:3239} INFO - Sync 1 DAGs
[2025-03-22T15:56:34.264-0500] {logging_mixin.py:190} INFO - [2025-03-22T15:56:34.264-0500] {dag.py:4180} INFO - Setting next_dagrun for proceso_etl to None, run_after=None
[2025-03-22T15:56:34.297-0500] {processor.py:208} INFO - Processing /home/luis/Proyectos/PrecioDeDepartamentos/Precios-depas-git/ProyectoDepas/2.0.StaggingLayer/StagingLayerProject/Pipeline/dags/dag_etl.py took 0.974 seconds
[2025-03-22T15:57:04.465-0500] {processor.py:186} INFO - Started process (PID=23889) to work on /home/luis/Proyectos/PrecioDeDepartamentos/Precios-depas-git/ProyectoDepas/2.0.StaggingLayer/StagingLayerProject/Pipeline/dags/dag_etl.py
[2025-03-22T15:57:04.467-0500] {processor.py:914} INFO - Processing file /home/luis/Proyectos/PrecioDeDepartamentos/Precios-depas-git/ProyectoDepas/2.0.StaggingLayer/StagingLayerProject/Pipeline/dags/dag_etl.py for tasks to queue
[2025-03-22T15:57:04.476-0500] {logging_mixin.py:190} INFO - [2025-03-22T15:57:04.474-0500] {dagbag.py:588} INFO - Filling up the DagBag from /home/luis/Proyectos/PrecioDeDepartamentos/Precios-depas-git/ProyectoDepas/2.0.StaggingLayer/StagingLayerProject/Pipeline/dags/dag_etl.py
[2025-03-22T15:57:06.266-0500] {processor.py:925} INFO - DAG(s) 'proceso_etl' retrieved from /home/luis/Proyectos/PrecioDeDepartamentos/Precios-depas-git/ProyectoDepas/2.0.StaggingLayer/StagingLayerProject/Pipeline/dags/dag_etl.py
[2025-03-22T15:57:06.277-0500] {logging_mixin.py:190} INFO - [2025-03-22T15:57:06.277-0500] {dag.py:3239} INFO - Sync 1 DAGs
[2025-03-22T15:57:06.285-0500] {logging_mixin.py:190} INFO - [2025-03-22T15:57:06.285-0500] {dag.py:4180} INFO - Setting next_dagrun for proceso_etl to None, run_after=None
[2025-03-22T15:57:06.312-0500] {processor.py:208} INFO - Processing /home/luis/Proyectos/PrecioDeDepartamentos/Precios-depas-git/ProyectoDepas/2.0.StaggingLayer/StagingLayerProject/Pipeline/dags/dag_etl.py took 1.897 seconds
[2025-03-22T15:57:36.467-0500] {processor.py:186} INFO - Started process (PID=25312) to work on /home/luis/Proyectos/PrecioDeDepartamentos/Precios-depas-git/ProyectoDepas/2.0.StaggingLayer/StagingLayerProject/Pipeline/dags/dag_etl.py
[2025-03-22T15:57:36.468-0500] {processor.py:914} INFO - Processing file /home/luis/Proyectos/PrecioDeDepartamentos/Precios-depas-git/ProyectoDepas/2.0.StaggingLayer/StagingLayerProject/Pipeline/dags/dag_etl.py for tasks to queue
[2025-03-22T15:57:36.470-0500] {logging_mixin.py:190} INFO - [2025-03-22T15:57:36.469-0500] {dagbag.py:588} INFO - Filling up the DagBag from /home/luis/Proyectos/PrecioDeDepartamentos/Precios-depas-git/ProyectoDepas/2.0.StaggingLayer/StagingLayerProject/Pipeline/dags/dag_etl.py
[2025-03-22T15:57:37.327-0500] {processor.py:925} INFO - DAG(s) 'proceso_etl' retrieved from /home/luis/Proyectos/PrecioDeDepartamentos/Precios-depas-git/ProyectoDepas/2.0.StaggingLayer/StagingLayerProject/Pipeline/dags/dag_etl.py
[2025-03-22T15:57:37.336-0500] {logging_mixin.py:190} INFO - [2025-03-22T15:57:37.336-0500] {dag.py:3239} INFO - Sync 1 DAGs
[2025-03-22T15:57:37.345-0500] {logging_mixin.py:190} INFO - [2025-03-22T15:57:37.345-0500] {dag.py:4180} INFO - Setting next_dagrun for proceso_etl to None, run_after=None
[2025-03-22T15:57:37.366-0500] {processor.py:208} INFO - Processing /home/luis/Proyectos/PrecioDeDepartamentos/Precios-depas-git/ProyectoDepas/2.0.StaggingLayer/StagingLayerProject/Pipeline/dags/dag_etl.py took 0.902 seconds
[2025-03-22T15:58:13.020-0500] {processor.py:186} INFO - Started process (PID=25410) to work on /home/luis/Proyectos/PrecioDeDepartamentos/Precios-depas-git/ProyectoDepas/2.0.StaggingLayer/StagingLayerProject/Pipeline/dags/dag_etl.py
[2025-03-22T15:58:13.020-0500] {processor.py:914} INFO - Processing file /home/luis/Proyectos/PrecioDeDepartamentos/Precios-depas-git/ProyectoDepas/2.0.StaggingLayer/StagingLayerProject/Pipeline/dags/dag_etl.py for tasks to queue
[2025-03-22T15:58:13.022-0500] {logging_mixin.py:190} INFO - [2025-03-22T15:58:13.022-0500] {dagbag.py:588} INFO - Filling up the DagBag from /home/luis/Proyectos/PrecioDeDepartamentos/Precios-depas-git/ProyectoDepas/2.0.StaggingLayer/StagingLayerProject/Pipeline/dags/dag_etl.py
[2025-03-22T15:58:13.951-0500] {processor.py:925} INFO - DAG(s) 'proceso_etl' retrieved from /home/luis/Proyectos/PrecioDeDepartamentos/Precios-depas-git/ProyectoDepas/2.0.StaggingLayer/StagingLayerProject/Pipeline/dags/dag_etl.py
[2025-03-22T15:58:13.963-0500] {logging_mixin.py:190} INFO - [2025-03-22T15:58:13.962-0500] {dag.py:3239} INFO - Sync 1 DAGs
[2025-03-22T15:58:13.971-0500] {logging_mixin.py:190} INFO - [2025-03-22T15:58:13.971-0500] {dag.py:4180} INFO - Setting next_dagrun for proceso_etl to None, run_after=None
[2025-03-22T15:58:14.001-0500] {processor.py:208} INFO - Processing /home/luis/Proyectos/PrecioDeDepartamentos/Precios-depas-git/ProyectoDepas/2.0.StaggingLayer/StagingLayerProject/Pipeline/dags/dag_etl.py took 0.986 seconds
[2025-03-22T15:58:44.434-0500] {processor.py:186} INFO - Started process (PID=25478) to work on /home/luis/Proyectos/PrecioDeDepartamentos/Precios-depas-git/ProyectoDepas/2.0.StaggingLayer/StagingLayerProject/Pipeline/dags/dag_etl.py
[2025-03-22T15:58:44.442-0500] {processor.py:914} INFO - Processing file /home/luis/Proyectos/PrecioDeDepartamentos/Precios-depas-git/ProyectoDepas/2.0.StaggingLayer/StagingLayerProject/Pipeline/dags/dag_etl.py for tasks to queue
[2025-03-22T15:58:44.443-0500] {logging_mixin.py:190} INFO - [2025-03-22T15:58:44.443-0500] {dagbag.py:588} INFO - Filling up the DagBag from /home/luis/Proyectos/PrecioDeDepartamentos/Precios-depas-git/ProyectoDepas/2.0.StaggingLayer/StagingLayerProject/Pipeline/dags/dag_etl.py
[2025-03-22T15:58:45.268-0500] {processor.py:925} INFO - DAG(s) 'proceso_etl' retrieved from /home/luis/Proyectos/PrecioDeDepartamentos/Precios-depas-git/ProyectoDepas/2.0.StaggingLayer/StagingLayerProject/Pipeline/dags/dag_etl.py
[2025-03-22T15:58:45.277-0500] {logging_mixin.py:190} INFO - [2025-03-22T15:58:45.276-0500] {dag.py:3239} INFO - Sync 1 DAGs
[2025-03-22T15:58:45.285-0500] {logging_mixin.py:190} INFO - [2025-03-22T15:58:45.285-0500] {dag.py:4180} INFO - Setting next_dagrun for proceso_etl to None, run_after=None
[2025-03-22T15:58:45.308-0500] {processor.py:208} INFO - Processing /home/luis/Proyectos/PrecioDeDepartamentos/Precios-depas-git/ProyectoDepas/2.0.StaggingLayer/StagingLayerProject/Pipeline/dags/dag_etl.py took 0.878 seconds
[2025-03-22T16:05:33.498-0500] {processor.py:186} INFO - Started process (PID=36105) to work on /home/luis/Proyectos/PrecioDeDepartamentos/Precios-depas-git/ProyectoDepas/2.0.StaggingLayer/StagingLayerProject/Pipeline/dags/dag_etl.py
[2025-03-22T16:05:33.499-0500] {processor.py:914} INFO - Processing file /home/luis/Proyectos/PrecioDeDepartamentos/Precios-depas-git/ProyectoDepas/2.0.StaggingLayer/StagingLayerProject/Pipeline/dags/dag_etl.py for tasks to queue
[2025-03-22T16:05:33.501-0500] {logging_mixin.py:190} INFO - [2025-03-22T16:05:33.500-0500] {dagbag.py:588} INFO - Filling up the DagBag from /home/luis/Proyectos/PrecioDeDepartamentos/Precios-depas-git/ProyectoDepas/2.0.StaggingLayer/StagingLayerProject/Pipeline/dags/dag_etl.py
[2025-03-22T16:05:34.282-0500] {processor.py:925} INFO - DAG(s) 'proceso_etl' retrieved from /home/luis/Proyectos/PrecioDeDepartamentos/Precios-depas-git/ProyectoDepas/2.0.StaggingLayer/StagingLayerProject/Pipeline/dags/dag_etl.py
[2025-03-22T16:05:34.294-0500] {logging_mixin.py:190} INFO - [2025-03-22T16:05:34.293-0500] {dag.py:3239} INFO - Sync 1 DAGs
[2025-03-22T16:05:34.301-0500] {logging_mixin.py:190} INFO - [2025-03-22T16:05:34.301-0500] {dag.py:4180} INFO - Setting next_dagrun for proceso_etl to None, run_after=None
[2025-03-22T16:05:34.332-0500] {processor.py:208} INFO - Processing /home/luis/Proyectos/PrecioDeDepartamentos/Precios-depas-git/ProyectoDepas/2.0.StaggingLayer/StagingLayerProject/Pipeline/dags/dag_etl.py took 0.838 seconds
[2025-03-22T16:32:08.348-0500] {processor.py:186} INFO - Started process (PID=39192) to work on /home/luis/Proyectos/PrecioDeDepartamentos/Precios-depas-git/ProyectoDepas/2.0.StaggingLayer/StagingLayerProject/Pipeline/dags/dag_etl.py
[2025-03-22T16:32:08.349-0500] {processor.py:914} INFO - Processing file /home/luis/Proyectos/PrecioDeDepartamentos/Precios-depas-git/ProyectoDepas/2.0.StaggingLayer/StagingLayerProject/Pipeline/dags/dag_etl.py for tasks to queue
[2025-03-22T16:32:08.351-0500] {logging_mixin.py:190} INFO - [2025-03-22T16:32:08.351-0500] {dagbag.py:588} INFO - Filling up the DagBag from /home/luis/Proyectos/PrecioDeDepartamentos/Precios-depas-git/ProyectoDepas/2.0.StaggingLayer/StagingLayerProject/Pipeline/dags/dag_etl.py
[2025-03-22T16:32:09.525-0500] {processor.py:925} INFO - DAG(s) 'proceso_etl' retrieved from /home/luis/Proyectos/PrecioDeDepartamentos/Precios-depas-git/ProyectoDepas/2.0.StaggingLayer/StagingLayerProject/Pipeline/dags/dag_etl.py
[2025-03-22T16:32:09.542-0500] {logging_mixin.py:190} INFO - [2025-03-22T16:32:09.541-0500] {dag.py:3239} INFO - Sync 1 DAGs
[2025-03-22T16:32:09.551-0500] {logging_mixin.py:190} INFO - [2025-03-22T16:32:09.551-0500] {dag.py:4180} INFO - Setting next_dagrun for proceso_etl to None, run_after=None
[2025-03-22T16:32:09.578-0500] {processor.py:208} INFO - Processing /home/luis/Proyectos/PrecioDeDepartamentos/Precios-depas-git/ProyectoDepas/2.0.StaggingLayer/StagingLayerProject/Pipeline/dags/dag_etl.py took 1.234 seconds
[2025-03-22T16:32:40.087-0500] {processor.py:186} INFO - Started process (PID=39311) to work on /home/luis/Proyectos/PrecioDeDepartamentos/Precios-depas-git/ProyectoDepas/2.0.StaggingLayer/StagingLayerProject/Pipeline/dags/dag_etl.py
[2025-03-22T16:32:40.092-0500] {processor.py:914} INFO - Processing file /home/luis/Proyectos/PrecioDeDepartamentos/Precios-depas-git/ProyectoDepas/2.0.StaggingLayer/StagingLayerProject/Pipeline/dags/dag_etl.py for tasks to queue
[2025-03-22T16:32:40.093-0500] {logging_mixin.py:190} INFO - [2025-03-22T16:32:40.093-0500] {dagbag.py:588} INFO - Filling up the DagBag from /home/luis/Proyectos/PrecioDeDepartamentos/Precios-depas-git/ProyectoDepas/2.0.StaggingLayer/StagingLayerProject/Pipeline/dags/dag_etl.py
[2025-03-22T16:32:41.087-0500] {processor.py:925} INFO - DAG(s) 'proceso_etl' retrieved from /home/luis/Proyectos/PrecioDeDepartamentos/Precios-depas-git/ProyectoDepas/2.0.StaggingLayer/StagingLayerProject/Pipeline/dags/dag_etl.py
[2025-03-22T16:32:41.096-0500] {logging_mixin.py:190} INFO - [2025-03-22T16:32:41.096-0500] {dag.py:3239} INFO - Sync 1 DAGs
[2025-03-22T16:32:41.104-0500] {logging_mixin.py:190} INFO - [2025-03-22T16:32:41.104-0500] {dag.py:4180} INFO - Setting next_dagrun for proceso_etl to None, run_after=None
[2025-03-22T16:32:41.131-0500] {processor.py:208} INFO - Processing /home/luis/Proyectos/PrecioDeDepartamentos/Precios-depas-git/ProyectoDepas/2.0.StaggingLayer/StagingLayerProject/Pipeline/dags/dag_etl.py took 1.047 seconds
[2025-03-22T16:33:12.206-0500] {processor.py:186} INFO - Started process (PID=39475) to work on /home/luis/Proyectos/PrecioDeDepartamentos/Precios-depas-git/ProyectoDepas/2.0.StaggingLayer/StagingLayerProject/Pipeline/dags/dag_etl.py
[2025-03-22T16:33:12.214-0500] {processor.py:914} INFO - Processing file /home/luis/Proyectos/PrecioDeDepartamentos/Precios-depas-git/ProyectoDepas/2.0.StaggingLayer/StagingLayerProject/Pipeline/dags/dag_etl.py for tasks to queue
[2025-03-22T16:33:12.216-0500] {logging_mixin.py:190} INFO - [2025-03-22T16:33:12.216-0500] {dagbag.py:588} INFO - Filling up the DagBag from /home/luis/Proyectos/PrecioDeDepartamentos/Precios-depas-git/ProyectoDepas/2.0.StaggingLayer/StagingLayerProject/Pipeline/dags/dag_etl.py
[2025-03-22T16:33:13.200-0500] {processor.py:925} INFO - DAG(s) 'proceso_etl' retrieved from /home/luis/Proyectos/PrecioDeDepartamentos/Precios-depas-git/ProyectoDepas/2.0.StaggingLayer/StagingLayerProject/Pipeline/dags/dag_etl.py
[2025-03-22T16:33:13.210-0500] {logging_mixin.py:190} INFO - [2025-03-22T16:33:13.209-0500] {dag.py:3239} INFO - Sync 1 DAGs
[2025-03-22T16:33:13.218-0500] {logging_mixin.py:190} INFO - [2025-03-22T16:33:13.218-0500] {dag.py:4180} INFO - Setting next_dagrun for proceso_etl to None, run_after=None
[2025-03-22T16:33:13.249-0500] {processor.py:208} INFO - Processing /home/luis/Proyectos/PrecioDeDepartamentos/Precios-depas-git/ProyectoDepas/2.0.StaggingLayer/StagingLayerProject/Pipeline/dags/dag_etl.py took 1.048 seconds
[2025-03-22T16:33:43.597-0500] {processor.py:186} INFO - Started process (PID=39551) to work on /home/luis/Proyectos/PrecioDeDepartamentos/Precios-depas-git/ProyectoDepas/2.0.StaggingLayer/StagingLayerProject/Pipeline/dags/dag_etl.py
[2025-03-22T16:33:43.605-0500] {processor.py:914} INFO - Processing file /home/luis/Proyectos/PrecioDeDepartamentos/Precios-depas-git/ProyectoDepas/2.0.StaggingLayer/StagingLayerProject/Pipeline/dags/dag_etl.py for tasks to queue
[2025-03-22T16:33:43.607-0500] {logging_mixin.py:190} INFO - [2025-03-22T16:33:43.607-0500] {dagbag.py:588} INFO - Filling up the DagBag from /home/luis/Proyectos/PrecioDeDepartamentos/Precios-depas-git/ProyectoDepas/2.0.StaggingLayer/StagingLayerProject/Pipeline/dags/dag_etl.py
[2025-03-22T16:33:44.768-0500] {processor.py:925} INFO - DAG(s) 'proceso_etl' retrieved from /home/luis/Proyectos/PrecioDeDepartamentos/Precios-depas-git/ProyectoDepas/2.0.StaggingLayer/StagingLayerProject/Pipeline/dags/dag_etl.py
[2025-03-22T16:33:44.779-0500] {logging_mixin.py:190} INFO - [2025-03-22T16:33:44.778-0500] {dag.py:3239} INFO - Sync 1 DAGs
[2025-03-22T16:33:44.787-0500] {logging_mixin.py:190} INFO - [2025-03-22T16:33:44.787-0500] {dag.py:4180} INFO - Setting next_dagrun for proceso_etl to None, run_after=None
[2025-03-22T16:33:44.808-0500] {processor.py:208} INFO - Processing /home/luis/Proyectos/PrecioDeDepartamentos/Precios-depas-git/ProyectoDepas/2.0.StaggingLayer/StagingLayerProject/Pipeline/dags/dag_etl.py took 1.214 seconds
[2025-03-22T16:34:15.016-0500] {processor.py:186} INFO - Started process (PID=39641) to work on /home/luis/Proyectos/PrecioDeDepartamentos/Precios-depas-git/ProyectoDepas/2.0.StaggingLayer/StagingLayerProject/Pipeline/dags/dag_etl.py
[2025-03-22T16:34:15.024-0500] {processor.py:914} INFO - Processing file /home/luis/Proyectos/PrecioDeDepartamentos/Precios-depas-git/ProyectoDepas/2.0.StaggingLayer/StagingLayerProject/Pipeline/dags/dag_etl.py for tasks to queue
[2025-03-22T16:34:15.025-0500] {logging_mixin.py:190} INFO - [2025-03-22T16:34:15.025-0500] {dagbag.py:588} INFO - Filling up the DagBag from /home/luis/Proyectos/PrecioDeDepartamentos/Precios-depas-git/ProyectoDepas/2.0.StaggingLayer/StagingLayerProject/Pipeline/dags/dag_etl.py
[2025-03-22T16:34:15.796-0500] {processor.py:925} INFO - DAG(s) 'proceso_etl' retrieved from /home/luis/Proyectos/PrecioDeDepartamentos/Precios-depas-git/ProyectoDepas/2.0.StaggingLayer/StagingLayerProject/Pipeline/dags/dag_etl.py
[2025-03-22T16:34:15.805-0500] {logging_mixin.py:190} INFO - [2025-03-22T16:34:15.804-0500] {dag.py:3239} INFO - Sync 1 DAGs
[2025-03-22T16:34:15.812-0500] {logging_mixin.py:190} INFO - [2025-03-22T16:34:15.812-0500] {dag.py:4180} INFO - Setting next_dagrun for proceso_etl to None, run_after=None
[2025-03-22T16:34:15.838-0500] {processor.py:208} INFO - Processing /home/luis/Proyectos/PrecioDeDepartamentos/Precios-depas-git/ProyectoDepas/2.0.StaggingLayer/StagingLayerProject/Pipeline/dags/dag_etl.py took 0.826 seconds
[2025-03-22T16:34:46.037-0500] {processor.py:186} INFO - Started process (PID=39713) to work on /home/luis/Proyectos/PrecioDeDepartamentos/Precios-depas-git/ProyectoDepas/2.0.StaggingLayer/StagingLayerProject/Pipeline/dags/dag_etl.py
[2025-03-22T16:34:46.045-0500] {processor.py:914} INFO - Processing file /home/luis/Proyectos/PrecioDeDepartamentos/Precios-depas-git/ProyectoDepas/2.0.StaggingLayer/StagingLayerProject/Pipeline/dags/dag_etl.py for tasks to queue
[2025-03-22T16:34:46.047-0500] {logging_mixin.py:190} INFO - [2025-03-22T16:34:46.047-0500] {dagbag.py:588} INFO - Filling up the DagBag from /home/luis/Proyectos/PrecioDeDepartamentos/Precios-depas-git/ProyectoDepas/2.0.StaggingLayer/StagingLayerProject/Pipeline/dags/dag_etl.py
[2025-03-22T16:34:46.822-0500] {processor.py:925} INFO - DAG(s) 'proceso_etl' retrieved from /home/luis/Proyectos/PrecioDeDepartamentos/Precios-depas-git/ProyectoDepas/2.0.StaggingLayer/StagingLayerProject/Pipeline/dags/dag_etl.py
[2025-03-22T16:34:46.831-0500] {logging_mixin.py:190} INFO - [2025-03-22T16:34:46.830-0500] {dag.py:3239} INFO - Sync 1 DAGs
[2025-03-22T16:34:46.839-0500] {logging_mixin.py:190} INFO - [2025-03-22T16:34:46.838-0500] {dag.py:4180} INFO - Setting next_dagrun for proceso_etl to None, run_after=None
[2025-03-22T16:34:46.885-0500] {processor.py:208} INFO - Processing /home/luis/Proyectos/PrecioDeDepartamentos/Precios-depas-git/ProyectoDepas/2.0.StaggingLayer/StagingLayerProject/Pipeline/dags/dag_etl.py took 0.852 seconds
[2025-03-22T16:35:17.040-0500] {processor.py:186} INFO - Started process (PID=39878) to work on /home/luis/Proyectos/PrecioDeDepartamentos/Precios-depas-git/ProyectoDepas/2.0.StaggingLayer/StagingLayerProject/Pipeline/dags/dag_etl.py
[2025-03-22T16:35:17.048-0500] {processor.py:914} INFO - Processing file /home/luis/Proyectos/PrecioDeDepartamentos/Precios-depas-git/ProyectoDepas/2.0.StaggingLayer/StagingLayerProject/Pipeline/dags/dag_etl.py for tasks to queue
[2025-03-22T16:35:17.050-0500] {logging_mixin.py:190} INFO - [2025-03-22T16:35:17.049-0500] {dagbag.py:588} INFO - Filling up the DagBag from /home/luis/Proyectos/PrecioDeDepartamentos/Precios-depas-git/ProyectoDepas/2.0.StaggingLayer/StagingLayerProject/Pipeline/dags/dag_etl.py
[2025-03-22T16:35:18.089-0500] {processor.py:925} INFO - DAG(s) 'proceso_etl' retrieved from /home/luis/Proyectos/PrecioDeDepartamentos/Precios-depas-git/ProyectoDepas/2.0.StaggingLayer/StagingLayerProject/Pipeline/dags/dag_etl.py
[2025-03-22T16:35:18.102-0500] {logging_mixin.py:190} INFO - [2025-03-22T16:35:18.102-0500] {dag.py:3239} INFO - Sync 1 DAGs
[2025-03-22T16:35:18.111-0500] {logging_mixin.py:190} INFO - [2025-03-22T16:35:18.111-0500] {dag.py:4180} INFO - Setting next_dagrun for proceso_etl to None, run_after=None
[2025-03-22T16:35:18.135-0500] {processor.py:208} INFO - Processing /home/luis/Proyectos/PrecioDeDepartamentos/Precios-depas-git/ProyectoDepas/2.0.StaggingLayer/StagingLayerProject/Pipeline/dags/dag_etl.py took 1.098 seconds
[2025-03-22T16:35:48.263-0500] {processor.py:186} INFO - Started process (PID=40933) to work on /home/luis/Proyectos/PrecioDeDepartamentos/Precios-depas-git/ProyectoDepas/2.0.StaggingLayer/StagingLayerProject/Pipeline/dags/dag_etl.py
[2025-03-22T16:35:48.271-0500] {processor.py:914} INFO - Processing file /home/luis/Proyectos/PrecioDeDepartamentos/Precios-depas-git/ProyectoDepas/2.0.StaggingLayer/StagingLayerProject/Pipeline/dags/dag_etl.py for tasks to queue
[2025-03-22T16:35:48.272-0500] {logging_mixin.py:190} INFO - [2025-03-22T16:35:48.272-0500] {dagbag.py:588} INFO - Filling up the DagBag from /home/luis/Proyectos/PrecioDeDepartamentos/Precios-depas-git/ProyectoDepas/2.0.StaggingLayer/StagingLayerProject/Pipeline/dags/dag_etl.py
[2025-03-22T16:35:49.065-0500] {processor.py:925} INFO - DAG(s) 'proceso_etl' retrieved from /home/luis/Proyectos/PrecioDeDepartamentos/Precios-depas-git/ProyectoDepas/2.0.StaggingLayer/StagingLayerProject/Pipeline/dags/dag_etl.py
[2025-03-22T16:35:49.074-0500] {logging_mixin.py:190} INFO - [2025-03-22T16:35:49.074-0500] {dag.py:3239} INFO - Sync 1 DAGs
[2025-03-22T16:35:49.081-0500] {logging_mixin.py:190} INFO - [2025-03-22T16:35:49.081-0500] {dag.py:4180} INFO - Setting next_dagrun for proceso_etl to None, run_after=None
[2025-03-22T16:35:49.108-0500] {processor.py:208} INFO - Processing /home/luis/Proyectos/PrecioDeDepartamentos/Precios-depas-git/ProyectoDepas/2.0.StaggingLayer/StagingLayerProject/Pipeline/dags/dag_etl.py took 0.849 seconds
[2025-03-22T16:36:19.257-0500] {processor.py:186} INFO - Started process (PID=40976) to work on /home/luis/Proyectos/PrecioDeDepartamentos/Precios-depas-git/ProyectoDepas/2.0.StaggingLayer/StagingLayerProject/Pipeline/dags/dag_etl.py
[2025-03-22T16:36:19.265-0500] {processor.py:914} INFO - Processing file /home/luis/Proyectos/PrecioDeDepartamentos/Precios-depas-git/ProyectoDepas/2.0.StaggingLayer/StagingLayerProject/Pipeline/dags/dag_etl.py for tasks to queue
[2025-03-22T16:36:19.266-0500] {logging_mixin.py:190} INFO - [2025-03-22T16:36:19.266-0500] {dagbag.py:588} INFO - Filling up the DagBag from /home/luis/Proyectos/PrecioDeDepartamentos/Precios-depas-git/ProyectoDepas/2.0.StaggingLayer/StagingLayerProject/Pipeline/dags/dag_etl.py
[2025-03-22T16:36:20.049-0500] {processor.py:925} INFO - DAG(s) 'proceso_etl' retrieved from /home/luis/Proyectos/PrecioDeDepartamentos/Precios-depas-git/ProyectoDepas/2.0.StaggingLayer/StagingLayerProject/Pipeline/dags/dag_etl.py
[2025-03-22T16:36:20.057-0500] {logging_mixin.py:190} INFO - [2025-03-22T16:36:20.057-0500] {dag.py:3239} INFO - Sync 1 DAGs
[2025-03-22T16:36:20.064-0500] {logging_mixin.py:190} INFO - [2025-03-22T16:36:20.064-0500] {dag.py:4180} INFO - Setting next_dagrun for proceso_etl to None, run_after=None
[2025-03-22T16:36:20.102-0500] {processor.py:208} INFO - Processing /home/luis/Proyectos/PrecioDeDepartamentos/Precios-depas-git/ProyectoDepas/2.0.StaggingLayer/StagingLayerProject/Pipeline/dags/dag_etl.py took 0.849 seconds
[2025-03-22T16:36:50.254-0500] {processor.py:186} INFO - Started process (PID=41023) to work on /home/luis/Proyectos/PrecioDeDepartamentos/Precios-depas-git/ProyectoDepas/2.0.StaggingLayer/StagingLayerProject/Pipeline/dags/dag_etl.py
[2025-03-22T16:36:50.275-0500] {processor.py:914} INFO - Processing file /home/luis/Proyectos/PrecioDeDepartamentos/Precios-depas-git/ProyectoDepas/2.0.StaggingLayer/StagingLayerProject/Pipeline/dags/dag_etl.py for tasks to queue
[2025-03-22T16:36:50.277-0500] {logging_mixin.py:190} INFO - [2025-03-22T16:36:50.276-0500] {dagbag.py:588} INFO - Filling up the DagBag from /home/luis/Proyectos/PrecioDeDepartamentos/Precios-depas-git/ProyectoDepas/2.0.StaggingLayer/StagingLayerProject/Pipeline/dags/dag_etl.py
[2025-03-22T16:36:51.049-0500] {processor.py:925} INFO - DAG(s) 'proceso_etl' retrieved from /home/luis/Proyectos/PrecioDeDepartamentos/Precios-depas-git/ProyectoDepas/2.0.StaggingLayer/StagingLayerProject/Pipeline/dags/dag_etl.py
[2025-03-22T16:36:51.058-0500] {logging_mixin.py:190} INFO - [2025-03-22T16:36:51.057-0500] {dag.py:3239} INFO - Sync 1 DAGs
[2025-03-22T16:36:51.065-0500] {logging_mixin.py:190} INFO - [2025-03-22T16:36:51.065-0500] {dag.py:4180} INFO - Setting next_dagrun for proceso_etl to None, run_after=None
[2025-03-22T16:36:51.101-0500] {processor.py:208} INFO - Processing /home/luis/Proyectos/PrecioDeDepartamentos/Precios-depas-git/ProyectoDepas/2.0.StaggingLayer/StagingLayerProject/Pipeline/dags/dag_etl.py took 0.851 seconds
[2025-03-22T16:37:21.254-0500] {processor.py:186} INFO - Started process (PID=41069) to work on /home/luis/Proyectos/PrecioDeDepartamentos/Precios-depas-git/ProyectoDepas/2.0.StaggingLayer/StagingLayerProject/Pipeline/dags/dag_etl.py
[2025-03-22T16:37:21.262-0500] {processor.py:914} INFO - Processing file /home/luis/Proyectos/PrecioDeDepartamentos/Precios-depas-git/ProyectoDepas/2.0.StaggingLayer/StagingLayerProject/Pipeline/dags/dag_etl.py for tasks to queue
[2025-03-22T16:37:21.263-0500] {logging_mixin.py:190} INFO - [2025-03-22T16:37:21.263-0500] {dagbag.py:588} INFO - Filling up the DagBag from /home/luis/Proyectos/PrecioDeDepartamentos/Precios-depas-git/ProyectoDepas/2.0.StaggingLayer/StagingLayerProject/Pipeline/dags/dag_etl.py
[2025-03-22T16:37:22.009-0500] {processor.py:925} INFO - DAG(s) 'proceso_etl' retrieved from /home/luis/Proyectos/PrecioDeDepartamentos/Precios-depas-git/ProyectoDepas/2.0.StaggingLayer/StagingLayerProject/Pipeline/dags/dag_etl.py
[2025-03-22T16:37:22.017-0500] {logging_mixin.py:190} INFO - [2025-03-22T16:37:22.017-0500] {dag.py:3239} INFO - Sync 1 DAGs
[2025-03-22T16:37:22.025-0500] {logging_mixin.py:190} INFO - [2025-03-22T16:37:22.025-0500] {dag.py:4180} INFO - Setting next_dagrun for proceso_etl to None, run_after=None
[2025-03-22T16:37:22.063-0500] {processor.py:208} INFO - Processing /home/luis/Proyectos/PrecioDeDepartamentos/Precios-depas-git/ProyectoDepas/2.0.StaggingLayer/StagingLayerProject/Pipeline/dags/dag_etl.py took 0.812 seconds
[2025-03-22T16:37:52.250-0500] {processor.py:186} INFO - Started process (PID=41118) to work on /home/luis/Proyectos/PrecioDeDepartamentos/Precios-depas-git/ProyectoDepas/2.0.StaggingLayer/StagingLayerProject/Pipeline/dags/dag_etl.py
[2025-03-22T16:37:52.258-0500] {processor.py:914} INFO - Processing file /home/luis/Proyectos/PrecioDeDepartamentos/Precios-depas-git/ProyectoDepas/2.0.StaggingLayer/StagingLayerProject/Pipeline/dags/dag_etl.py for tasks to queue
[2025-03-22T16:37:52.259-0500] {logging_mixin.py:190} INFO - [2025-03-22T16:37:52.259-0500] {dagbag.py:588} INFO - Filling up the DagBag from /home/luis/Proyectos/PrecioDeDepartamentos/Precios-depas-git/ProyectoDepas/2.0.StaggingLayer/StagingLayerProject/Pipeline/dags/dag_etl.py
[2025-03-22T16:37:53.037-0500] {processor.py:925} INFO - DAG(s) 'proceso_etl' retrieved from /home/luis/Proyectos/PrecioDeDepartamentos/Precios-depas-git/ProyectoDepas/2.0.StaggingLayer/StagingLayerProject/Pipeline/dags/dag_etl.py
[2025-03-22T16:37:53.045-0500] {logging_mixin.py:190} INFO - [2025-03-22T16:37:53.045-0500] {dag.py:3239} INFO - Sync 1 DAGs
[2025-03-22T16:37:53.053-0500] {logging_mixin.py:190} INFO - [2025-03-22T16:37:53.053-0500] {dag.py:4180} INFO - Setting next_dagrun for proceso_etl to None, run_after=None
[2025-03-22T16:37:53.079-0500] {processor.py:208} INFO - Processing /home/luis/Proyectos/PrecioDeDepartamentos/Precios-depas-git/ProyectoDepas/2.0.StaggingLayer/StagingLayerProject/Pipeline/dags/dag_etl.py took 0.833 seconds
[2025-03-22T16:38:23.250-0500] {processor.py:186} INFO - Started process (PID=41179) to work on /home/luis/Proyectos/PrecioDeDepartamentos/Precios-depas-git/ProyectoDepas/2.0.StaggingLayer/StagingLayerProject/Pipeline/dags/dag_etl.py
[2025-03-22T16:38:23.258-0500] {processor.py:914} INFO - Processing file /home/luis/Proyectos/PrecioDeDepartamentos/Precios-depas-git/ProyectoDepas/2.0.StaggingLayer/StagingLayerProject/Pipeline/dags/dag_etl.py for tasks to queue
[2025-03-22T16:38:23.260-0500] {logging_mixin.py:190} INFO - [2025-03-22T16:38:23.260-0500] {dagbag.py:588} INFO - Filling up the DagBag from /home/luis/Proyectos/PrecioDeDepartamentos/Precios-depas-git/ProyectoDepas/2.0.StaggingLayer/StagingLayerProject/Pipeline/dags/dag_etl.py
[2025-03-22T16:38:24.239-0500] {processor.py:925} INFO - DAG(s) 'proceso_etl' retrieved from /home/luis/Proyectos/PrecioDeDepartamentos/Precios-depas-git/ProyectoDepas/2.0.StaggingLayer/StagingLayerProject/Pipeline/dags/dag_etl.py
[2025-03-22T16:38:24.256-0500] {logging_mixin.py:190} INFO - [2025-03-22T16:38:24.256-0500] {dag.py:3239} INFO - Sync 1 DAGs
[2025-03-22T16:38:24.270-0500] {logging_mixin.py:190} INFO - [2025-03-22T16:38:24.270-0500] {dag.py:4180} INFO - Setting next_dagrun for proceso_etl to None, run_after=None
[2025-03-22T16:38:24.299-0500] {processor.py:208} INFO - Processing /home/luis/Proyectos/PrecioDeDepartamentos/Precios-depas-git/ProyectoDepas/2.0.StaggingLayer/StagingLayerProject/Pipeline/dags/dag_etl.py took 1.053 seconds
