[2025-03-22T16:32:27.663-0500] {local_task_job_runner.py:123} INFO - ::group::Pre task execution logs
[2025-03-22T16:32:27.674-0500] {taskinstance.py:2614} INFO - Dependencies all met for dep_context=non-requeueable deps ti=<TaskInstance: proceso_etl.carga_csv_a_bq manual__2025-03-22T20:59:04.192084+00:00 [queued]>
[2025-03-22T16:32:27.679-0500] {taskinstance.py:2614} INFO - Dependencies all met for dep_context=requeueable deps ti=<TaskInstance: proceso_etl.carga_csv_a_bq manual__2025-03-22T20:59:04.192084+00:00 [queued]>
[2025-03-22T16:32:27.680-0500] {taskinstance.py:2867} INFO - Starting attempt 1 of 2
[2025-03-22T16:32:27.700-0500] {taskinstance.py:2890} INFO - Executing <Task(GCSToBigQueryOperator): carga_csv_a_bq> on 2025-03-22 20:59:04.192084+00:00
[2025-03-22T16:32:27.708-0500] {standard_task_runner.py:72} INFO - Started process 39302 to run task
[2025-03-22T16:32:27.711-0500] {standard_task_runner.py:104} INFO - Running: ['airflow', 'tasks', 'run', 'proceso_etl', 'carga_csv_a_bq', 'manual__2025-03-22T20:59:04.192084+00:00', '--job-id', '76', '--raw', '--subdir', 'DAGS_FOLDER/dag_etl.py', '--cfg-path', '/tmp/tmp0fgjas9z']
[2025-03-22T16:32:27.712-0500] {standard_task_runner.py:105} INFO - Job 76: Subtask carga_csv_a_bq
[2025-03-22T16:32:27.748-0500] {task_command.py:467} INFO - Running <TaskInstance: proceso_etl.carga_csv_a_bq manual__2025-03-22T20:59:04.192084+00:00 [running]> on host luis-GF65
[2025-03-22T16:32:27.822-0500] {taskinstance.py:3134} INFO - Exporting env vars: AIRFLOW_CTX_DAG_OWNER='airflow' AIRFLOW_CTX_DAG_ID='proceso_etl' AIRFLOW_CTX_TASK_ID='carga_csv_a_bq' AIRFLOW_CTX_EXECUTION_DATE='2025-03-22T20:59:04.192084+00:00' AIRFLOW_CTX_TRY_NUMBER='1' AIRFLOW_CTX_DAG_RUN_ID='manual__2025-03-22T20:59:04.192084+00:00'
[2025-03-22T16:32:27.823-0500] {taskinstance.py:732} INFO - ::endgroup::
[2025-03-22T16:32:27.835-0500] {connection.py:277} WARNING - Connection schemes (type: google_cloud_platform) shall not contain '_' according to RFC3986.
[2025-03-22T16:32:27.836-0500] {base.py:84} INFO - Retrieving connection 'google_cloud_default'
[2025-03-22T16:32:27.836-0500] {gcs_to_bigquery.py:387} INFO - Using existing BigQuery table for storing data...
[2025-03-22T16:32:27.837-0500] {credentials_provider.py:409} INFO - Getting connection using `google.auth.default()` since no explicit credentials are provided.
[2025-03-22T16:32:27.880-0500] {gcs_to_bigquery.py:391} INFO - Executing: {'load': {'autodetect': True, 'createDisposition': 'CREATE_IF_NEEDED', 'destinationTable': {'projectId': 'first-outlet-454113-e2', 'datasetId': 'alquiler_depas_lima', 'tableId': 'precios_depas_lima_actualizado'}, 'sourceFormat': 'CSV', 'sourceUris': ['gs://us-central1-composer-dev-lu-620fcc1f-bucket/data/csv/data_limpieza_20250322_163213.csv'], 'writeDisposition': 'WRITE_TRUNCATE', 'ignoreUnknownValues': True, 'skipLeadingRows': 1, 'fieldDelimiter': ',', 'quote': None, 'allowQuotedNewlines': False, 'encoding': 'UTF-8', 'allowJaggedRows': True}}
[2025-03-22T16:32:27.881-0500] {bigquery.py:1344} INFO - Inserting job airflow_proceso_etl_carga_csv_a_bq_2025_03_22T20_59_04_192084_00_00_f210df9035daf03b4b3ab1f69b2c7139
[2025-03-22T16:32:31.477-0500] {taskinstance.py:341} INFO - ::group::Post task execution logs
[2025-03-22T16:32:31.478-0500] {taskinstance.py:353} INFO - Marking task as SUCCESS. dag_id=proceso_etl, task_id=carga_csv_a_bq, run_id=manual__2025-03-22T20:59:04.192084+00:00, execution_date=20250322T205904, start_date=20250322T213227, end_date=20250322T213231
[2025-03-22T16:32:31.530-0500] {local_task_job_runner.py:266} INFO - Task exited with return code 0
[2025-03-22T16:32:31.538-0500] {taskinstance.py:3901} INFO - 0 downstream tasks scheduled from follow-on schedule check
[2025-03-22T16:32:31.539-0500] {local_task_job_runner.py:245} INFO - ::endgroup::
